CRITICAL - 2022-02-03 04:20:20 --> require(components/navbar.php): Failed to open stream: No such file or directory
#0 C:\Users\Kanokphon\Desktop\FriendZone\app\Views\home.php(18): CodeIgniter\Debug\Exceptions->errorHandler(2, 'require(compone...', 'C:\\Users\\Kanokp...', 18)
#1 C:\Users\Kanokphon\Desktop\FriendZone\app\Views\home.php(18): require()
#2 C:\Users\Kanokphon\Desktop\FriendZone\system\View\View.php(210): include('C:\\Users\\Kanokp...')
#3 C:\Users\Kanokphon\Desktop\FriendZone\system\View\View.php(213): CodeIgniter\View\View->CodeIgniter\View\{closure}()
#4 C:\Users\Kanokphon\Desktop\FriendZone\system\Common.php(1089): CodeIgniter\View\View->render('home', Array, true)
#5 C:\Users\Kanokphon\Desktop\FriendZone\app\Controllers\Home.php(9): view('home')
#6 C:\Users\Kanokphon\Desktop\FriendZone\system\CodeIgniter.php(825): App\Controllers\Home->index()
#7 C:\Users\Kanokphon\Desktop\FriendZone\system\CodeIgniter.php(412): CodeIgniter\CodeIgniter->runController(Object(App\Controllers\Home))
#8 C:\Users\Kanokphon\Desktop\FriendZone\system\CodeIgniter.php(320): CodeIgniter\CodeIgniter->handleRequest(NULL, Object(Config\Cache), false)
#9 C:\Users\Kanokphon\Desktop\FriendZone\public\index.php(37): CodeIgniter\CodeIgniter->run()
#10 C:\Users\Kanokphon\Desktop\FriendZone\system\Commands\Server\rewrite.php(43): require_once('C:\\Users\\Kanokp...')
#11 {main}
CRITICAL - 2022-02-03 04:20:23 --> require(components/navbar.php): Failed to open stream: No such file or directory
#0 C:\Users\Kanokphon\Desktop\FriendZone\app\Views\home.php(18): CodeIgniter\Debug\Exceptions->errorHandler(2, 'require(compone...', 'C:\\Users\\Kanokp...', 18)
#1 C:\Users\Kanokphon\Desktop\FriendZone\app\Views\home.php(18): require()
#2 C:\Users\Kanokphon\Desktop\FriendZone\system\View\View.php(210): include('C:\\Users\\Kanokp...')
#3 C:\Users\Kanokphon\Desktop\FriendZone\system\View\View.php(213): CodeIgniter\View\View->CodeIgniter\View\{closure}()
#4 C:\Users\Kanokphon\Desktop\FriendZone\system\Common.php(1089): CodeIgniter\View\View->render('home', Array, true)
#5 C:\Users\Kanokphon\Desktop\FriendZone\app\Controllers\Home.php(9): view('home')
#6 C:\Users\Kanokphon\Desktop\FriendZone\system\CodeIgniter.php(825): App\Controllers\Home->index()
#7 C:\Users\Kanokphon\Desktop\FriendZone\system\CodeIgniter.php(412): CodeIgniter\CodeIgniter->runController(Object(App\Controllers\Home))
#8 C:\Users\Kanokphon\Desktop\FriendZone\system\CodeIgniter.php(320): CodeIgniter\CodeIgniter->handleRequest(NULL, Object(Config\Cache), false)
#9 C:\Users\Kanokphon\Desktop\FriendZone\public\index.php(37): CodeIgniter\CodeIgniter->run()
#10 C:\Users\Kanokphon\Desktop\FriendZone\system\Commands\Server\rewrite.php(43): require_once('C:\\Users\\Kanokp...')
#11 {main}
CRITICAL - 2022-02-03 04:21:02 --> require(components/navbar.php): Failed to open stream: No such file or directory
#0 C:\Users\Kanokphon\Desktop\FriendZone\app\Views\home.php(18): CodeIgniter\Debug\Exceptions->errorHandler(2, 'require(compone...', 'C:\\Users\\Kanokp...', 18)
#1 C:\Users\Kanokphon\Desktop\FriendZone\app\Views\home.php(18): require()
#2 C:\Users\Kanokphon\Desktop\FriendZone\system\View\View.php(210): include('C:\\Users\\Kanokp...')
#3 C:\Users\Kanokphon\Desktop\FriendZone\system\View\View.php(213): CodeIgniter\View\View->CodeIgniter\View\{closure}()
#4 C:\Users\Kanokphon\Desktop\FriendZone\system\Common.php(1089): CodeIgniter\View\View->render('home', Array, true)
#5 C:\Users\Kanokphon\Desktop\FriendZone\app\Controllers\Home.php(9): view('home')
#6 C:\Users\Kanokphon\Desktop\FriendZone\system\CodeIgniter.php(825): App\Controllers\Home->index()
#7 C:\Users\Kanokphon\Desktop\FriendZone\system\CodeIgniter.php(412): CodeIgniter\CodeIgniter->runController(Object(App\Controllers\Home))
#8 C:\Users\Kanokphon\Desktop\FriendZone\system\CodeIgniter.php(320): CodeIgniter\CodeIgniter->handleRequest(NULL, Object(Config\Cache), false)
#9 C:\Users\Kanokphon\Desktop\FriendZone\public\index.php(37): CodeIgniter\CodeIgniter->run()
#10 C:\Users\Kanokphon\Desktop\FriendZone\system\Commands\Server\rewrite.php(43): require_once('C:\\Users\\Kanokp...')
#11 {main}
CRITICAL - 2022-02-03 04:21:08 --> require(components/navbar.php): Failed to open stream: No such file or directory
#0 C:\Users\Kanokphon\Desktop\FriendZone\app\Views\home.php(18): CodeIgniter\Debug\Exceptions->errorHandler(2, 'require(compone...', 'C:\\Users\\Kanokp...', 18)
#1 C:\Users\Kanokphon\Desktop\FriendZone\app\Views\home.php(18): require()
#2 C:\Users\Kanokphon\Desktop\FriendZone\system\View\View.php(210): include('C:\\Users\\Kanokp...')
#3 C:\Users\Kanokphon\Desktop\FriendZone\system\View\View.php(213): CodeIgniter\View\View->CodeIgniter\View\{closure}()
#4 C:\Users\Kanokphon\Desktop\FriendZone\system\Common.php(1089): CodeIgniter\View\View->render('home', Array, true)
#5 C:\Users\Kanokphon\Desktop\FriendZone\app\Controllers\Home.php(9): view('home')
#6 C:\Users\Kanokphon\Desktop\FriendZone\system\CodeIgniter.php(825): App\Controllers\Home->index()
#7 C:\Users\Kanokphon\Desktop\FriendZone\system\CodeIgniter.php(412): CodeIgniter\CodeIgniter->runController(Object(App\Controllers\Home))
#8 C:\Users\Kanokphon\Desktop\FriendZone\system\CodeIgniter.php(320): CodeIgniter\CodeIgniter->handleRequest(NULL, Object(Config\Cache), false)
#9 C:\Users\Kanokphon\Desktop\FriendZone\public\index.php(37): CodeIgniter\CodeIgniter->run()
#10 C:\Users\Kanokphon\Desktop\FriendZone\system\Commands\Server\rewrite.php(43): require_once('C:\\Users\\Kanokp...')
#11 {main}
CRITICAL - 2022-02-03 04:21:13 --> require(components/navbar.php): Failed to open stream: No such file or directory
#0 C:\Users\Kanokphon\Desktop\FriendZone\app\Views\home.php(18): CodeIgniter\Debug\Exceptions->errorHandler(2, 'require(compone...', 'C:\\Users\\Kanokp...', 18)
#1 C:\Users\Kanokphon\Desktop\FriendZone\app\Views\home.php(18): require()
#2 C:\Users\Kanokphon\Desktop\FriendZone\system\View\View.php(210): include('C:\\Users\\Kanokp...')
#3 C:\Users\Kanokphon\Desktop\FriendZone\system\View\View.php(213): CodeIgniter\View\View->CodeIgniter\View\{closure}()
#4 C:\Users\Kanokphon\Desktop\FriendZone\system\Common.php(1089): CodeIgniter\View\View->render('home', Array, true)
#5 C:\Users\Kanokphon\Desktop\FriendZone\app\Controllers\Home.php(9): view('home')
#6 C:\Users\Kanokphon\Desktop\FriendZone\system\CodeIgniter.php(825): App\Controllers\Home->index()
#7 C:\Users\Kanokphon\Desktop\FriendZone\system\CodeIgniter.php(412): CodeIgniter\CodeIgniter->runController(Object(App\Controllers\Home))
#8 C:\Users\Kanokphon\Desktop\FriendZone\system\CodeIgniter.php(320): CodeIgniter\CodeIgniter->handleRequest(NULL, Object(Config\Cache), false)
#9 C:\Users\Kanokphon\Desktop\FriendZone\public\index.php(37): CodeIgniter\CodeIgniter->run()
#10 C:\Users\Kanokphon\Desktop\FriendZone\system\Commands\Server\rewrite.php(43): require_once('C:\\Users\\Kanokp...')
#11 {main}
CRITICAL - 2022-02-03 04:21:47 --> require(components/navbar.php): Failed to open stream: No such file or directory
#0 C:\Users\Kanokphon\Desktop\FriendZone\app\Views\home.php(18): CodeIgniter\Debug\Exceptions->errorHandler(2, 'require(compone...', 'C:\\Users\\Kanokp...', 18)
#1 C:\Users\Kanokphon\Desktop\FriendZone\app\Views\home.php(18): require()
#2 C:\Users\Kanokphon\Desktop\FriendZone\system\View\View.php(210): include('C:\\Users\\Kanokp...')
#3 C:\Users\Kanokphon\Desktop\FriendZone\system\View\View.php(213): CodeIgniter\View\View->CodeIgniter\View\{closure}()
#4 C:\Users\Kanokphon\Desktop\FriendZone\system\Common.php(1089): CodeIgniter\View\View->render('home', Array, true)
#5 C:\Users\Kanokphon\Desktop\FriendZone\app\Controllers\Home.php(9): view('home')
#6 C:\Users\Kanokphon\Desktop\FriendZone\system\CodeIgniter.php(825): App\Controllers\Home->index()
#7 C:\Users\Kanokphon\Desktop\FriendZone\system\CodeIgniter.php(412): CodeIgniter\CodeIgniter->runController(Object(App\Controllers\Home))
#8 C:\Users\Kanokphon\Desktop\FriendZone\system\CodeIgniter.php(320): CodeIgniter\CodeIgniter->handleRequest(NULL, Object(Config\Cache), false)
#9 C:\Users\Kanokphon\Desktop\FriendZone\public\index.php(37): CodeIgniter\CodeIgniter->run()
#10 C:\Users\Kanokphon\Desktop\FriendZone\system\Commands\Server\rewrite.php(43): require_once('C:\\Users\\Kanokp...')
#11 {main}
CRITICAL - 2022-02-03 04:21:48 --> require(components/navbar.php): Failed to open stream: No such file or directory
#0 C:\Users\Kanokphon\Desktop\FriendZone\app\Views\home.php(18): CodeIgniter\Debug\Exceptions->errorHandler(2, 'require(compone...', 'C:\\Users\\Kanokp...', 18)
#1 C:\Users\Kanokphon\Desktop\FriendZone\app\Views\home.php(18): require()
#2 C:\Users\Kanokphon\Desktop\FriendZone\system\View\View.php(210): include('C:\\Users\\Kanokp...')
#3 C:\Users\Kanokphon\Desktop\FriendZone\system\View\View.php(213): CodeIgniter\View\View->CodeIgniter\View\{closure}()
#4 C:\Users\Kanokphon\Desktop\FriendZone\system\Common.php(1089): CodeIgniter\View\View->render('home', Array, true)
#5 C:\Users\Kanokphon\Desktop\FriendZone\app\Controllers\Home.php(9): view('home')
#6 C:\Users\Kanokphon\Desktop\FriendZone\system\CodeIgniter.php(825): App\Controllers\Home->index()
#7 C:\Users\Kanokphon\Desktop\FriendZone\system\CodeIgniter.php(412): CodeIgniter\CodeIgniter->runController(Object(App\Controllers\Home))
#8 C:\Users\Kanokphon\Desktop\FriendZone\system\CodeIgniter.php(320): CodeIgniter\CodeIgniter->handleRequest(NULL, Object(Config\Cache), false)
#9 C:\Users\Kanokphon\Desktop\FriendZone\public\index.php(37): CodeIgniter\CodeIgniter->run()
#10 C:\Users\Kanokphon\Desktop\FriendZone\system\Commands\Server\rewrite.php(43): require_once('C:\\Users\\Kanokp...')
#11 {main}
CRITICAL - 2022-02-03 04:22:00 --> require(components/navbar.php): Failed to open stream: No such file or directory
#0 C:\Users\Kanokphon\Desktop\FriendZone\app\Views\home.php(18): CodeIgniter\Debug\Exceptions->errorHandler(2, 'require(compone...', 'C:\\Users\\Kanokp...', 18)
#1 C:\Users\Kanokphon\Desktop\FriendZone\app\Views\home.php(18): require()
#2 C:\Users\Kanokphon\Desktop\FriendZone\system\View\View.php(210): include('C:\\Users\\Kanokp...')
#3 C:\Users\Kanokphon\Desktop\FriendZone\system\View\View.php(213): CodeIgniter\View\View->CodeIgniter\View\{closure}()
#4 C:\Users\Kanokphon\Desktop\FriendZone\system\Common.php(1089): CodeIgniter\View\View->render('home', Array, true)
#5 C:\Users\Kanokphon\Desktop\FriendZone\app\Controllers\Home.php(9): view('home')
#6 C:\Users\Kanokphon\Desktop\FriendZone\system\CodeIgniter.php(825): App\Controllers\Home->index()
#7 C:\Users\Kanokphon\Desktop\FriendZone\system\CodeIgniter.php(412): CodeIgniter\CodeIgniter->runController(Object(App\Controllers\Home))
#8 C:\Users\Kanokphon\Desktop\FriendZone\system\CodeIgniter.php(320): CodeIgniter\CodeIgniter->handleRequest(NULL, Object(Config\Cache), false)
#9 C:\Users\Kanokphon\Desktop\FriendZone\public\index.php(37): CodeIgniter\CodeIgniter->run()
#10 C:\Users\Kanokphon\Desktop\FriendZone\system\Commands\Server\rewrite.php(43): require_once('C:\\Users\\Kanokp...')
#11 {main}
CRITICAL - 2022-02-03 04:22:06 --> require(components/navbar.php): Failed to open stream: No such file or directory
#0 C:\Users\Kanokphon\Desktop\FriendZone\app\Views\home.php(18): CodeIgniter\Debug\Exceptions->errorHandler(2, 'require(compone...', 'C:\\Users\\Kanokp...', 18)
#1 C:\Users\Kanokphon\Desktop\FriendZone\app\Views\home.php(18): require()
#2 C:\Users\Kanokphon\Desktop\FriendZone\system\View\View.php(210): include('C:\\Users\\Kanokp...')
#3 C:\Users\Kanokphon\Desktop\FriendZone\system\View\View.php(213): CodeIgniter\View\View->CodeIgniter\View\{closure}()
#4 C:\Users\Kanokphon\Desktop\FriendZone\system\Common.php(1089): CodeIgniter\View\View->render('home', Array, true)
#5 C:\Users\Kanokphon\Desktop\FriendZone\app\Controllers\Home.php(9): view('home')
#6 C:\Users\Kanokphon\Desktop\FriendZone\system\CodeIgniter.php(825): App\Controllers\Home->index()
#7 C:\Users\Kanokphon\Desktop\FriendZone\system\CodeIgniter.php(412): CodeIgniter\CodeIgniter->runController(Object(App\Controllers\Home))
#8 C:\Users\Kanokphon\Desktop\FriendZone\system\CodeIgniter.php(320): CodeIgniter\CodeIgniter->handleRequest(NULL, Object(Config\Cache), false)
#9 C:\Users\Kanokphon\Desktop\FriendZone\public\index.php(37): CodeIgniter\CodeIgniter->run()
#10 C:\Users\Kanokphon\Desktop\FriendZone\system\Commands\Server\rewrite.php(43): require_once('C:\\Users\\Kanokp...')
#11 {main}
