CRITICAL - 2022-04-18 03:05:13 --> Undefined array key 0
#0 C:\Users\chana\Downloads\fz\FriendZone\app\Views\components\cardProfile.php(38): CodeIgniter\Debug\Exceptions->errorHandler(2, 'Undefined array...', 'C:\\Users\\chana\\...', 38)
#1 C:\Users\chana\Downloads\fz\FriendZone\app\Views\showdata.php(45): require('C:\\Users\\chana\\...')
#2 C:\Users\chana\Downloads\fz\FriendZone\system\View\View.php(210): include('C:\\Users\\chana\\...')
#3 C:\Users\chana\Downloads\fz\FriendZone\system\View\View.php(213): CodeIgniter\View\View->CodeIgniter\View\{closure}()
#4 C:\Users\chana\Downloads\fz\FriendZone\system\Common.php(1089): CodeIgniter\View\View->render('showdata', Array, true)
#5 C:\Users\chana\Downloads\fz\FriendZone\app\Controllers\UserController.php(49): view('showdata', Array)
#6 C:\Users\chana\Downloads\fz\FriendZone\system\CodeIgniter.php(825): App\Controllers\UserController->showdata()
#7 C:\Users\chana\Downloads\fz\FriendZone\system\CodeIgniter.php(412): CodeIgniter\CodeIgniter->runController(Object(App\Controllers\UserController))
#8 C:\Users\chana\Downloads\fz\FriendZone\system\CodeIgniter.php(320): CodeIgniter\CodeIgniter->handleRequest(NULL, Object(Config\Cache), false)
#9 C:\Users\chana\Downloads\fz\FriendZone\public\index.php(37): CodeIgniter\CodeIgniter->run()
#10 C:\Users\chana\Downloads\fz\FriendZone\system\Commands\Server\rewrite.php(43): require_once('C:\\Users\\chana\\...')
#11 {main}
CRITICAL - 2022-04-18 03:05:15 --> Undefined array key 0
#0 C:\Users\chana\Downloads\fz\FriendZone\app\Views\components\cardProfile.php(38): CodeIgniter\Debug\Exceptions->errorHandler(2, 'Undefined array...', 'C:\\Users\\chana\\...', 38)
#1 C:\Users\chana\Downloads\fz\FriendZone\app\Views\showdata.php(45): require('C:\\Users\\chana\\...')
#2 C:\Users\chana\Downloads\fz\FriendZone\system\View\View.php(210): include('C:\\Users\\chana\\...')
#3 C:\Users\chana\Downloads\fz\FriendZone\system\View\View.php(213): CodeIgniter\View\View->CodeIgniter\View\{closure}()
#4 C:\Users\chana\Downloads\fz\FriendZone\system\Common.php(1089): CodeIgniter\View\View->render('showdata', Array, true)
#5 C:\Users\chana\Downloads\fz\FriendZone\app\Controllers\UserController.php(49): view('showdata', Array)
#6 C:\Users\chana\Downloads\fz\FriendZone\system\CodeIgniter.php(825): App\Controllers\UserController->showdata()
#7 C:\Users\chana\Downloads\fz\FriendZone\system\CodeIgniter.php(412): CodeIgniter\CodeIgniter->runController(Object(App\Controllers\UserController))
#8 C:\Users\chana\Downloads\fz\FriendZone\system\CodeIgniter.php(320): CodeIgniter\CodeIgniter->handleRequest(NULL, Object(Config\Cache), false)
#9 C:\Users\chana\Downloads\fz\FriendZone\public\index.php(37): CodeIgniter\CodeIgniter->run()
#10 C:\Users\chana\Downloads\fz\FriendZone\system\Commands\Server\rewrite.php(43): require_once('C:\\Users\\chana\\...')
#11 {main}
CRITICAL - 2022-04-18 03:05:15 --> Undefined array key 0
#0 C:\Users\chana\Downloads\fz\FriendZone\app\Views\components\cardProfile.php(38): CodeIgniter\Debug\Exceptions->errorHandler(2, 'Undefined array...', 'C:\\Users\\chana\\...', 38)
#1 C:\Users\chana\Downloads\fz\FriendZone\app\Views\showdata.php(45): require('C:\\Users\\chana\\...')
#2 C:\Users\chana\Downloads\fz\FriendZone\system\View\View.php(210): include('C:\\Users\\chana\\...')
#3 C:\Users\chana\Downloads\fz\FriendZone\system\View\View.php(213): CodeIgniter\View\View->CodeIgniter\View\{closure}()
#4 C:\Users\chana\Downloads\fz\FriendZone\system\Common.php(1089): CodeIgniter\View\View->render('showdata', Array, true)
#5 C:\Users\chana\Downloads\fz\FriendZone\app\Controllers\UserController.php(49): view('showdata', Array)
#6 C:\Users\chana\Downloads\fz\FriendZone\system\CodeIgniter.php(825): App\Controllers\UserController->showdata()
#7 C:\Users\chana\Downloads\fz\FriendZone\system\CodeIgniter.php(412): CodeIgniter\CodeIgniter->runController(Object(App\Controllers\UserController))
#8 C:\Users\chana\Downloads\fz\FriendZone\system\CodeIgniter.php(320): CodeIgniter\CodeIgniter->handleRequest(NULL, Object(Config\Cache), false)
#9 C:\Users\chana\Downloads\fz\FriendZone\public\index.php(37): CodeIgniter\CodeIgniter->run()
#10 C:\Users\chana\Downloads\fz\FriendZone\system\Commands\Server\rewrite.php(43): require_once('C:\\Users\\chana\\...')
#11 {main}
CRITICAL - 2022-04-18 03:05:15 --> Undefined array key 0
#0 C:\Users\chana\Downloads\fz\FriendZone\app\Views\components\cardProfile.php(38): CodeIgniter\Debug\Exceptions->errorHandler(2, 'Undefined array...', 'C:\\Users\\chana\\...', 38)
#1 C:\Users\chana\Downloads\fz\FriendZone\app\Views\showdata.php(45): require('C:\\Users\\chana\\...')
#2 C:\Users\chana\Downloads\fz\FriendZone\system\View\View.php(210): include('C:\\Users\\chana\\...')
#3 C:\Users\chana\Downloads\fz\FriendZone\system\View\View.php(213): CodeIgniter\View\View->CodeIgniter\View\{closure}()
#4 C:\Users\chana\Downloads\fz\FriendZone\system\Common.php(1089): CodeIgniter\View\View->render('showdata', Array, true)
#5 C:\Users\chana\Downloads\fz\FriendZone\app\Controllers\UserController.php(49): view('showdata', Array)
#6 C:\Users\chana\Downloads\fz\FriendZone\system\CodeIgniter.php(825): App\Controllers\UserController->showdata()
#7 C:\Users\chana\Downloads\fz\FriendZone\system\CodeIgniter.php(412): CodeIgniter\CodeIgniter->runController(Object(App\Controllers\UserController))
#8 C:\Users\chana\Downloads\fz\FriendZone\system\CodeIgniter.php(320): CodeIgniter\CodeIgniter->handleRequest(NULL, Object(Config\Cache), false)
#9 C:\Users\chana\Downloads\fz\FriendZone\public\index.php(37): CodeIgniter\CodeIgniter->run()
#10 C:\Users\chana\Downloads\fz\FriendZone\system\Commands\Server\rewrite.php(43): require_once('C:\\Users\\chana\\...')
#11 {main}
CRITICAL - 2022-04-18 03:53:58 --> Undefined variable $province
#0 C:\Users\chana\Downloads\fz\FriendZone\app\Views\components\cardProfile.php(38): CodeIgniter\Debug\Exceptions->errorHandler(2, 'Undefined varia...', 'C:\\Users\\chana\\...', 38)
#1 C:\Users\chana\Downloads\fz\FriendZone\app\Views\viewPostDetail.php(45): require('C:\\Users\\chana\\...')
#2 C:\Users\chana\Downloads\fz\FriendZone\system\View\View.php(210): include('C:\\Users\\chana\\...')
#3 C:\Users\chana\Downloads\fz\FriendZone\system\View\View.php(213): CodeIgniter\View\View->CodeIgniter\View\{closure}()
#4 C:\Users\chana\Downloads\fz\FriendZone\system\Common.php(1089): CodeIgniter\View\View->render('viewPostDetail', Array, true)
#5 C:\Users\chana\Downloads\fz\FriendZone\app\Controllers\PostController.php(114): view('viewPostDetail')
#6 C:\Users\chana\Downloads\fz\FriendZone\system\CodeIgniter.php(825): App\Controllers\PostController->viewPostDetail()
#7 C:\Users\chana\Downloads\fz\FriendZone\system\CodeIgniter.php(412): CodeIgniter\CodeIgniter->runController(Object(App\Controllers\PostController))
#8 C:\Users\chana\Downloads\fz\FriendZone\system\CodeIgniter.php(320): CodeIgniter\CodeIgniter->handleRequest(NULL, Object(Config\Cache), false)
#9 C:\Users\chana\Downloads\fz\FriendZone\public\index.php(37): CodeIgniter\CodeIgniter->run()
#10 C:\Users\chana\Downloads\fz\FriendZone\system\Commands\Server\rewrite.php(43): require_once('C:\\Users\\chana\\...')
#11 {main}
CRITICAL - 2022-04-18 03:54:41 --> Undefined variable $province
#0 C:\Users\chana\Downloads\fz\FriendZone\app\Views\components\cardProfile.php(38): CodeIgniter\Debug\Exceptions->errorHandler(2, 'Undefined varia...', 'C:\\Users\\chana\\...', 38)
#1 C:\Users\chana\Downloads\fz\FriendZone\app\Views\viewPostDetail.php(45): require('C:\\Users\\chana\\...')
#2 C:\Users\chana\Downloads\fz\FriendZone\system\View\View.php(210): include('C:\\Users\\chana\\...')
#3 C:\Users\chana\Downloads\fz\FriendZone\system\View\View.php(213): CodeIgniter\View\View->CodeIgniter\View\{closure}()
#4 C:\Users\chana\Downloads\fz\FriendZone\system\Common.php(1089): CodeIgniter\View\View->render('viewPostDetail', Array, true)
#5 C:\Users\chana\Downloads\fz\FriendZone\app\Controllers\PostController.php(114): view('viewPostDetail')
#6 C:\Users\chana\Downloads\fz\FriendZone\system\CodeIgniter.php(825): App\Controllers\PostController->viewPostDetail()
#7 C:\Users\chana\Downloads\fz\FriendZone\system\CodeIgniter.php(412): CodeIgniter\CodeIgniter->runController(Object(App\Controllers\PostController))
#8 C:\Users\chana\Downloads\fz\FriendZone\system\CodeIgniter.php(320): CodeIgniter\CodeIgniter->handleRequest(NULL, Object(Config\Cache), false)
#9 C:\Users\chana\Downloads\fz\FriendZone\public\index.php(37): CodeIgniter\CodeIgniter->run()
#10 C:\Users\chana\Downloads\fz\FriendZone\system\Commands\Server\rewrite.php(43): require_once('C:\\Users\\chana\\...')
#11 {main}
CRITICAL - 2022-04-18 03:55:28 --> Undefined variable $province
#0 C:\Users\chana\Downloads\fz\FriendZone\app\Views\components\cardProfile.php(38): CodeIgniter\Debug\Exceptions->errorHandler(2, 'Undefined varia...', 'C:\\Users\\chana\\...', 38)
#1 C:\Users\chana\Downloads\fz\FriendZone\app\Views\viewPostDetail.php(45): require('C:\\Users\\chana\\...')
#2 C:\Users\chana\Downloads\fz\FriendZone\system\View\View.php(210): include('C:\\Users\\chana\\...')
#3 C:\Users\chana\Downloads\fz\FriendZone\system\View\View.php(213): CodeIgniter\View\View->CodeIgniter\View\{closure}()
#4 C:\Users\chana\Downloads\fz\FriendZone\system\Common.php(1089): CodeIgniter\View\View->render('viewPostDetail', Array, true)
#5 C:\Users\chana\Downloads\fz\FriendZone\app\Controllers\PostController.php(114): view('viewPostDetail')
#6 C:\Users\chana\Downloads\fz\FriendZone\system\CodeIgniter.php(825): App\Controllers\PostController->viewPostDetail()
#7 C:\Users\chana\Downloads\fz\FriendZone\system\CodeIgniter.php(412): CodeIgniter\CodeIgniter->runController(Object(App\Controllers\PostController))
#8 C:\Users\chana\Downloads\fz\FriendZone\system\CodeIgniter.php(320): CodeIgniter\CodeIgniter->handleRequest(NULL, Object(Config\Cache), false)
#9 C:\Users\chana\Downloads\fz\FriendZone\public\index.php(37): CodeIgniter\CodeIgniter->run()
#10 C:\Users\chana\Downloads\fz\FriendZone\system\Commands\Server\rewrite.php(43): require_once('C:\\Users\\chana\\...')
#11 {main}
CRITICAL - 2022-04-18 03:56:52 --> Undefined variable $province
#0 C:\Users\chana\Downloads\fz\FriendZone\app\Views\components\cardProfile.php(38): CodeIgniter\Debug\Exceptions->errorHandler(2, 'Undefined varia...', 'C:\\Users\\chana\\...', 38)
#1 C:\Users\chana\Downloads\fz\FriendZone\app\Views\viewPostDetail.php(45): require('C:\\Users\\chana\\...')
#2 C:\Users\chana\Downloads\fz\FriendZone\system\View\View.php(210): include('C:\\Users\\chana\\...')
#3 C:\Users\chana\Downloads\fz\FriendZone\system\View\View.php(213): CodeIgniter\View\View->CodeIgniter\View\{closure}()
#4 C:\Users\chana\Downloads\fz\FriendZone\system\Common.php(1089): CodeIgniter\View\View->render('viewPostDetail', Array, true)
#5 C:\Users\chana\Downloads\fz\FriendZone\app\Controllers\PostController.php(114): view('viewPostDetail')
#6 C:\Users\chana\Downloads\fz\FriendZone\system\CodeIgniter.php(825): App\Controllers\PostController->viewPostDetail()
#7 C:\Users\chana\Downloads\fz\FriendZone\system\CodeIgniter.php(412): CodeIgniter\CodeIgniter->runController(Object(App\Controllers\PostController))
#8 C:\Users\chana\Downloads\fz\FriendZone\system\CodeIgniter.php(320): CodeIgniter\CodeIgniter->handleRequest(NULL, Object(Config\Cache), false)
#9 C:\Users\chana\Downloads\fz\FriendZone\public\index.php(37): CodeIgniter\CodeIgniter->run()
#10 C:\Users\chana\Downloads\fz\FriendZone\system\Commands\Server\rewrite.php(43): require_once('C:\\Users\\chana\\...')
#11 {main}
CRITICAL - 2022-04-18 03:57:25 --> Undefined variable $province
#0 C:\Users\chana\Downloads\fz\FriendZone\app\Views\components\cardProfile.php(38): CodeIgniter\Debug\Exceptions->errorHandler(2, 'Undefined varia...', 'C:\\Users\\chana\\...', 38)
#1 C:\Users\chana\Downloads\fz\FriendZone\app\Views\viewPostDetail.php(45): require('C:\\Users\\chana\\...')
#2 C:\Users\chana\Downloads\fz\FriendZone\system\View\View.php(210): include('C:\\Users\\chana\\...')
#3 C:\Users\chana\Downloads\fz\FriendZone\system\View\View.php(213): CodeIgniter\View\View->CodeIgniter\View\{closure}()
#4 C:\Users\chana\Downloads\fz\FriendZone\system\Common.php(1089): CodeIgniter\View\View->render('viewPostDetail', Array, true)
#5 C:\Users\chana\Downloads\fz\FriendZone\app\Controllers\PostController.php(114): view('viewPostDetail')
#6 C:\Users\chana\Downloads\fz\FriendZone\system\CodeIgniter.php(825): App\Controllers\PostController->viewPostDetail()
#7 C:\Users\chana\Downloads\fz\FriendZone\system\CodeIgniter.php(412): CodeIgniter\CodeIgniter->runController(Object(App\Controllers\PostController))
#8 C:\Users\chana\Downloads\fz\FriendZone\system\CodeIgniter.php(320): CodeIgniter\CodeIgniter->handleRequest(NULL, Object(Config\Cache), false)
#9 C:\Users\chana\Downloads\fz\FriendZone\public\index.php(37): CodeIgniter\CodeIgniter->run()
#10 C:\Users\chana\Downloads\fz\FriendZone\system\Commands\Server\rewrite.php(43): require_once('C:\\Users\\chana\\...')
#11 {main}
CRITICAL - 2022-04-18 04:08:15 --> Undefined variable $posts
#0 C:\Users\chana\Downloads\fz\FriendZone\app\Views\components\detailPost.php(1): CodeIgniter\Debug\Exceptions->errorHandler(2, 'Undefined varia...', 'C:\\Users\\chana\\...', 1)
#1 C:\Users\chana\Downloads\fz\FriendZone\app\Views\viewPostDetail.php(48): require('C:\\Users\\chana\\...')
#2 C:\Users\chana\Downloads\fz\FriendZone\system\View\View.php(210): include('C:\\Users\\chana\\...')
#3 C:\Users\chana\Downloads\fz\FriendZone\system\View\View.php(213): CodeIgniter\View\View->CodeIgniter\View\{closure}()
#4 C:\Users\chana\Downloads\fz\FriendZone\system\Common.php(1089): CodeIgniter\View\View->render('viewPostDetail', Array, true)
#5 C:\Users\chana\Downloads\fz\FriendZone\app\Controllers\PostController.php(114): view('viewPostDetail')
#6 C:\Users\chana\Downloads\fz\FriendZone\system\CodeIgniter.php(825): App\Controllers\PostController->viewPostDetail()
#7 C:\Users\chana\Downloads\fz\FriendZone\system\CodeIgniter.php(412): CodeIgniter\CodeIgniter->runController(Object(App\Controllers\PostController))
#8 C:\Users\chana\Downloads\fz\FriendZone\system\CodeIgniter.php(320): CodeIgniter\CodeIgniter->handleRequest(NULL, Object(Config\Cache), false)
#9 C:\Users\chana\Downloads\fz\FriendZone\public\index.php(37): CodeIgniter\CodeIgniter->run()
#10 C:\Users\chana\Downloads\fz\FriendZone\system\Commands\Server\rewrite.php(43): require_once('C:\\Users\\chana\\...')
#11 {main}
ERROR - 2022-04-18 22:05:16 --> Error connecting to the database: No connection could be made because the target machine actively refused it
CRITICAL - 2022-04-18 22:05:16 --> Unable to connect to the database.
Main connection [MySQLi]: No connection could be made because the target machine actively refused it
#0 C:\Users\chana\Downloads\fz\FriendZone\system\Database\BaseConnection.php(577): CodeIgniter\Database\BaseConnection->initialize()
#1 C:\Users\chana\Downloads\fz\FriendZone\system\Database\BaseBuilder.php(1455): CodeIgniter\Database\BaseConnection->query('SELECT *\nFROM `...', Array, false)
#2 C:\Users\chana\Downloads\fz\FriendZone\app\Models\PostModel.php(17): CodeIgniter\Database\BaseBuilder->get()
#3 C:\Users\chana\Downloads\fz\FriendZone\app\Controllers\PostController.php(26): App\Models\PostModel->viewPost()
#4 C:\Users\chana\Downloads\fz\FriendZone\system\CodeIgniter.php(825): App\Controllers\PostController->viewPost()
#5 C:\Users\chana\Downloads\fz\FriendZone\system\CodeIgniter.php(412): CodeIgniter\CodeIgniter->runController(Object(App\Controllers\PostController))
#6 C:\Users\chana\Downloads\fz\FriendZone\system\CodeIgniter.php(320): CodeIgniter\CodeIgniter->handleRequest(NULL, Object(Config\Cache), false)
#7 C:\Users\chana\Downloads\fz\FriendZone\public\index.php(37): CodeIgniter\CodeIgniter->run()
#8 C:\Users\chana\Downloads\fz\FriendZone\system\Commands\Server\rewrite.php(43): require_once('C:\\Users\\chana\\...')
#9 {main}
