CRITICAL - 2022-06-27 00:00:28 --> require(components/modalCancelPatic.php): Failed to open stream: No such file or directory
#0 C:\Users\Kanokphon\Desktop\FriendZone\app\Views\components\notification.php(84): CodeIgniter\Debug\Exceptions->errorHandler(2, 'require(compone...', 'C:\\Users\\Kanokp...', 84)
#1 C:\Users\Kanokphon\Desktop\FriendZone\app\Views\components\notification.php(84): require()
#2 C:\Users\Kanokphon\Desktop\FriendZone\app\Views\components\navUser.php(77): require('C:\\Users\\Kanokp...')
#3 C:\Users\Kanokphon\Desktop\FriendZone\app\Views\showdata.php(43): require('C:\\Users\\Kanokp...')
#4 C:\Users\Kanokphon\Desktop\FriendZone\system\View\View.php(210): include('C:\\Users\\Kanokp...')
#5 C:\Users\Kanokphon\Desktop\FriendZone\system\View\View.php(213): CodeIgniter\View\View->CodeIgniter\View\{closure}()
#6 C:\Users\Kanokphon\Desktop\FriendZone\system\Common.php(1089): CodeIgniter\View\View->render('showdata', Array, true)
#7 C:\Users\Kanokphon\Desktop\FriendZone\app\Controllers\UserController.php(58): view('showdata', Array)
#8 C:\Users\Kanokphon\Desktop\FriendZone\system\CodeIgniter.php(825): App\Controllers\UserController->showdata()
#9 C:\Users\Kanokphon\Desktop\FriendZone\system\CodeIgniter.php(412): CodeIgniter\CodeIgniter->runController(Object(App\Controllers\UserController))
#10 C:\Users\Kanokphon\Desktop\FriendZone\system\CodeIgniter.php(320): CodeIgniter\CodeIgniter->handleRequest(NULL, Object(Config\Cache), false)
#11 C:\Users\Kanokphon\Desktop\FriendZone\public\index.php(37): CodeIgniter\CodeIgniter->run()
#12 C:\Users\Kanokphon\Desktop\FriendZone\system\Commands\Server\rewrite.php(43): require_once('C:\\Users\\Kanokp...')
#13 {main}
CRITICAL - 2022-06-27 00:23:43 --> syntax error, unexpected token "}"
#0 C:\Users\Kanokphon\Desktop\FriendZone\system\Router\Router.php(175): CodeIgniter\Router\Router->autoRoute('NotificationCon...')
#1 C:\Users\Kanokphon\Desktop\FriendZone\system\CodeIgniter.php(719): CodeIgniter\Router\Router->handle('NotificationCon...')
#2 C:\Users\Kanokphon\Desktop\FriendZone\system\CodeIgniter.php(361): CodeIgniter\CodeIgniter->tryToRouteIt(Object(CodeIgniter\Router\RouteCollection))
#3 C:\Users\Kanokphon\Desktop\FriendZone\system\CodeIgniter.php(320): CodeIgniter\CodeIgniter->handleRequest(NULL, Object(Config\Cache), false)
#4 C:\Users\Kanokphon\Desktop\FriendZone\public\index.php(37): CodeIgniter\CodeIgniter->run()
#5 C:\Users\Kanokphon\Desktop\FriendZone\system\Commands\Server\rewrite.php(43): require_once('C:\\Users\\Kanokp...')
#6 {main}
ERROR - 2022-06-27 00:42:36 --> Column 'userId' cannot be null
CRITICAL - 2022-06-27 00:42:36 --> Column 'userId' cannot be null
#0 C:\Users\Kanokphon\Desktop\FriendZone\system\Database\MySQLi\Connection.php(292): mysqli->query('INSERT INTO `no...', 0)
#1 C:\Users\Kanokphon\Desktop\FriendZone\system\Database\BaseConnection.php(670): CodeIgniter\Database\MySQLi\Connection->execute('INSERT INTO `no...')
#2 C:\Users\Kanokphon\Desktop\FriendZone\system\Database\BaseConnection.php(598): CodeIgniter\Database\BaseConnection->simpleQuery('INSERT INTO `no...')
#3 C:\Users\Kanokphon\Desktop\FriendZone\system\Database\BaseBuilder.php(1771): CodeIgniter\Database\BaseConnection->query('INSERT INTO `no...', Array, false)
#4 C:\Users\Kanokphon\Desktop\FriendZone\system\Model.php(239): CodeIgniter\Database\BaseBuilder->insert()
#5 C:\Users\Kanokphon\Desktop\FriendZone\system\BaseModel.php(738): CodeIgniter\Model->doInsert(Array)
#6 C:\Users\Kanokphon\Desktop\FriendZone\system\Model.php(625): CodeIgniter\BaseModel->insert(Array, true)
#7 C:\Users\Kanokphon\Desktop\FriendZone\app\Models\NotificationModel.php(20): CodeIgniter\Model->insert(Array)
#8 C:\Users\Kanokphon\Desktop\FriendZone\app\Controllers\ParticController.php(84): App\Models\NotificationModel->insertNotification(Array)
#9 C:\Users\Kanokphon\Desktop\FriendZone\system\CodeIgniter.php(825): App\Controllers\ParticController->deletePartic('47')
#10 C:\Users\Kanokphon\Desktop\FriendZone\system\CodeIgniter.php(412): CodeIgniter\CodeIgniter->runController(Object(App\Controllers\ParticController))
#11 C:\Users\Kanokphon\Desktop\FriendZone\system\CodeIgniter.php(320): CodeIgniter\CodeIgniter->handleRequest(NULL, Object(Config\Cache), false)
#12 C:\Users\Kanokphon\Desktop\FriendZone\public\index.php(37): CodeIgniter\CodeIgniter->run()
#13 C:\Users\Kanokphon\Desktop\FriendZone\system\Commands\Server\rewrite.php(43): require_once('C:\\Users\\Kanokp...')
#14 {main}
ERROR - 2022-06-27 00:55:56 --> Column 'userId' cannot be null
CRITICAL - 2022-06-27 00:55:56 --> Column 'userId' cannot be null
#0 C:\Users\Kanokphon\Desktop\FriendZone\system\Database\MySQLi\Connection.php(292): mysqli->query('INSERT INTO `no...', 0)
#1 C:\Users\Kanokphon\Desktop\FriendZone\system\Database\BaseConnection.php(670): CodeIgniter\Database\MySQLi\Connection->execute('INSERT INTO `no...')
#2 C:\Users\Kanokphon\Desktop\FriendZone\system\Database\BaseConnection.php(598): CodeIgniter\Database\BaseConnection->simpleQuery('INSERT INTO `no...')
#3 C:\Users\Kanokphon\Desktop\FriendZone\system\Database\BaseBuilder.php(1771): CodeIgniter\Database\BaseConnection->query('INSERT INTO `no...', Array, false)
#4 C:\Users\Kanokphon\Desktop\FriendZone\system\Model.php(239): CodeIgniter\Database\BaseBuilder->insert()
#5 C:\Users\Kanokphon\Desktop\FriendZone\system\BaseModel.php(738): CodeIgniter\Model->doInsert(Array)
#6 C:\Users\Kanokphon\Desktop\FriendZone\system\Model.php(625): CodeIgniter\BaseModel->insert(Array, true)
#7 C:\Users\Kanokphon\Desktop\FriendZone\app\Models\NotificationModel.php(20): CodeIgniter\Model->insert(Array)
#8 C:\Users\Kanokphon\Desktop\FriendZone\app\Controllers\ParticController.php(87): App\Models\NotificationModel->insertNotification(Array)
#9 C:\Users\Kanokphon\Desktop\FriendZone\system\CodeIgniter.php(825): App\Controllers\ParticController->deletePartic('47')
#10 C:\Users\Kanokphon\Desktop\FriendZone\system\CodeIgniter.php(412): CodeIgniter\CodeIgniter->runController(Object(App\Controllers\ParticController))
#11 C:\Users\Kanokphon\Desktop\FriendZone\system\CodeIgniter.php(320): CodeIgniter\CodeIgniter->handleRequest(NULL, Object(Config\Cache), false)
#12 C:\Users\Kanokphon\Desktop\FriendZone\public\index.php(37): CodeIgniter\CodeIgniter->run()
#13 C:\Users\Kanokphon\Desktop\FriendZone\system\Commands\Server\rewrite.php(43): require_once('C:\\Users\\Kanokp...')
#14 {main}
ERROR - 2022-06-27 00:56:41 --> Column 'userId' cannot be null
CRITICAL - 2022-06-27 00:56:41 --> Column 'userId' cannot be null
#0 C:\Users\Kanokphon\Desktop\FriendZone\system\Database\MySQLi\Connection.php(292): mysqli->query('INSERT INTO `no...', 0)
#1 C:\Users\Kanokphon\Desktop\FriendZone\system\Database\BaseConnection.php(670): CodeIgniter\Database\MySQLi\Connection->execute('INSERT INTO `no...')
#2 C:\Users\Kanokphon\Desktop\FriendZone\system\Database\BaseConnection.php(598): CodeIgniter\Database\BaseConnection->simpleQuery('INSERT INTO `no...')
#3 C:\Users\Kanokphon\Desktop\FriendZone\system\Database\BaseBuilder.php(1771): CodeIgniter\Database\BaseConnection->query('INSERT INTO `no...', Array, false)
#4 C:\Users\Kanokphon\Desktop\FriendZone\system\Model.php(239): CodeIgniter\Database\BaseBuilder->insert()
#5 C:\Users\Kanokphon\Desktop\FriendZone\system\BaseModel.php(738): CodeIgniter\Model->doInsert(Array)
#6 C:\Users\Kanokphon\Desktop\FriendZone\system\Model.php(625): CodeIgniter\BaseModel->insert(Array, true)
#7 C:\Users\Kanokphon\Desktop\FriendZone\app\Models\NotificationModel.php(20): CodeIgniter\Model->insert(Array)
#8 C:\Users\Kanokphon\Desktop\FriendZone\app\Controllers\ParticController.php(87): App\Models\NotificationModel->insertNotification(Array)
#9 C:\Users\Kanokphon\Desktop\FriendZone\system\CodeIgniter.php(825): App\Controllers\ParticController->deletePartic('47')
#10 C:\Users\Kanokphon\Desktop\FriendZone\system\CodeIgniter.php(412): CodeIgniter\CodeIgniter->runController(Object(App\Controllers\ParticController))
#11 C:\Users\Kanokphon\Desktop\FriendZone\system\CodeIgniter.php(320): CodeIgniter\CodeIgniter->handleRequest(NULL, Object(Config\Cache), false)
#12 C:\Users\Kanokphon\Desktop\FriendZone\public\index.php(37): CodeIgniter\CodeIgniter->run()
#13 C:\Users\Kanokphon\Desktop\FriendZone\system\Commands\Server\rewrite.php(43): require_once('C:\\Users\\Kanokp...')
#14 {main}
