CRITICAL - 2022-05-15 01:03:22 --> Undefined array key 0
#0 C:\Users\bank0\Downloads\fz\FriendZone\app\Views\components\cardProfile.php(38): CodeIgniter\Debug\Exceptions->errorHandler(2, 'Undefined array...', 'C:\\Users\\bank0\\...', 38)
#1 C:\Users\bank0\Downloads\fz\FriendZone\app\Views\showdata.php(49): require('C:\\Users\\bank0\\...')
#2 C:\Users\bank0\Downloads\fz\FriendZone\system\View\View.php(210): include('C:\\Users\\bank0\\...')
#3 C:\Users\bank0\Downloads\fz\FriendZone\system\View\View.php(213): CodeIgniter\View\View->CodeIgniter\View\{closure}()
#4 C:\Users\bank0\Downloads\fz\FriendZone\system\Common.php(1089): CodeIgniter\View\View->render('showdata', Array, true)
#5 C:\Users\bank0\Downloads\fz\FriendZone\app\Controllers\UserController.php(52): view('showdata', Array)
#6 C:\Users\bank0\Downloads\fz\FriendZone\system\CodeIgniter.php(825): App\Controllers\UserController->showdata()
#7 C:\Users\bank0\Downloads\fz\FriendZone\system\CodeIgniter.php(412): CodeIgniter\CodeIgniter->runController(Object(App\Controllers\UserController))
#8 C:\Users\bank0\Downloads\fz\FriendZone\system\CodeIgniter.php(320): CodeIgniter\CodeIgniter->handleRequest(NULL, Object(Config\Cache), false)
#9 C:\Users\bank0\Downloads\fz\FriendZone\public\index.php(37): CodeIgniter\CodeIgniter->run()
#10 C:\Users\bank0\Downloads\fz\FriendZone\system\Commands\Server\rewrite.php(43): require_once('C:\\Users\\bank0\\...')
#11 {main}
CRITICAL - 2022-05-15 01:03:24 --> Undefined array key 0
#0 C:\Users\bank0\Downloads\fz\FriendZone\app\Views\components\cardProfile.php(38): CodeIgniter\Debug\Exceptions->errorHandler(2, 'Undefined array...', 'C:\\Users\\bank0\\...', 38)
#1 C:\Users\bank0\Downloads\fz\FriendZone\app\Views\showdata.php(49): require('C:\\Users\\bank0\\...')
#2 C:\Users\bank0\Downloads\fz\FriendZone\system\View\View.php(210): include('C:\\Users\\bank0\\...')
#3 C:\Users\bank0\Downloads\fz\FriendZone\system\View\View.php(213): CodeIgniter\View\View->CodeIgniter\View\{closure}()
#4 C:\Users\bank0\Downloads\fz\FriendZone\system\Common.php(1089): CodeIgniter\View\View->render('showdata', Array, true)
#5 C:\Users\bank0\Downloads\fz\FriendZone\app\Controllers\UserController.php(52): view('showdata', Array)
#6 C:\Users\bank0\Downloads\fz\FriendZone\system\CodeIgniter.php(825): App\Controllers\UserController->showdata()
#7 C:\Users\bank0\Downloads\fz\FriendZone\system\CodeIgniter.php(412): CodeIgniter\CodeIgniter->runController(Object(App\Controllers\UserController))
#8 C:\Users\bank0\Downloads\fz\FriendZone\system\CodeIgniter.php(320): CodeIgniter\CodeIgniter->handleRequest(NULL, Object(Config\Cache), false)
#9 C:\Users\bank0\Downloads\fz\FriendZone\public\index.php(37): CodeIgniter\CodeIgniter->run()
#10 C:\Users\bank0\Downloads\fz\FriendZone\system\Commands\Server\rewrite.php(43): require_once('C:\\Users\\bank0\\...')
#11 {main}
CRITICAL - 2022-05-15 01:03:32 --> Undefined array key 0
#0 C:\Users\bank0\Downloads\fz\FriendZone\app\Views\components\cardProfile.php(38): CodeIgniter\Debug\Exceptions->errorHandler(2, 'Undefined array...', 'C:\\Users\\bank0\\...', 38)
#1 C:\Users\bank0\Downloads\fz\FriendZone\app\Views\showdata.php(49): require('C:\\Users\\bank0\\...')
#2 C:\Users\bank0\Downloads\fz\FriendZone\system\View\View.php(210): include('C:\\Users\\bank0\\...')
#3 C:\Users\bank0\Downloads\fz\FriendZone\system\View\View.php(213): CodeIgniter\View\View->CodeIgniter\View\{closure}()
#4 C:\Users\bank0\Downloads\fz\FriendZone\system\Common.php(1089): CodeIgniter\View\View->render('showdata', Array, true)
#5 C:\Users\bank0\Downloads\fz\FriendZone\app\Controllers\UserController.php(52): view('showdata', Array)
#6 C:\Users\bank0\Downloads\fz\FriendZone\system\CodeIgniter.php(825): App\Controllers\UserController->showdata()
#7 C:\Users\bank0\Downloads\fz\FriendZone\system\CodeIgniter.php(412): CodeIgniter\CodeIgniter->runController(Object(App\Controllers\UserController))
#8 C:\Users\bank0\Downloads\fz\FriendZone\system\CodeIgniter.php(320): CodeIgniter\CodeIgniter->handleRequest(NULL, Object(Config\Cache), false)
#9 C:\Users\bank0\Downloads\fz\FriendZone\public\index.php(37): CodeIgniter\CodeIgniter->run()
#10 C:\Users\bank0\Downloads\fz\FriendZone\system\Commands\Server\rewrite.php(43): require_once('C:\\Users\\bank0\\...')
#11 {main}
CRITICAL - 2022-05-15 01:03:33 --> Undefined array key 0
#0 C:\Users\bank0\Downloads\fz\FriendZone\app\Views\components\cardProfile.php(38): CodeIgniter\Debug\Exceptions->errorHandler(2, 'Undefined array...', 'C:\\Users\\bank0\\...', 38)
#1 C:\Users\bank0\Downloads\fz\FriendZone\app\Views\showdata.php(49): require('C:\\Users\\bank0\\...')
#2 C:\Users\bank0\Downloads\fz\FriendZone\system\View\View.php(210): include('C:\\Users\\bank0\\...')
#3 C:\Users\bank0\Downloads\fz\FriendZone\system\View\View.php(213): CodeIgniter\View\View->CodeIgniter\View\{closure}()
#4 C:\Users\bank0\Downloads\fz\FriendZone\system\Common.php(1089): CodeIgniter\View\View->render('showdata', Array, true)
#5 C:\Users\bank0\Downloads\fz\FriendZone\app\Controllers\UserController.php(52): view('showdata', Array)
#6 C:\Users\bank0\Downloads\fz\FriendZone\system\CodeIgniter.php(825): App\Controllers\UserController->showdata()
#7 C:\Users\bank0\Downloads\fz\FriendZone\system\CodeIgniter.php(412): CodeIgniter\CodeIgniter->runController(Object(App\Controllers\UserController))
#8 C:\Users\bank0\Downloads\fz\FriendZone\system\CodeIgniter.php(320): CodeIgniter\CodeIgniter->handleRequest(NULL, Object(Config\Cache), false)
#9 C:\Users\bank0\Downloads\fz\FriendZone\public\index.php(37): CodeIgniter\CodeIgniter->run()
#10 C:\Users\bank0\Downloads\fz\FriendZone\system\Commands\Server\rewrite.php(43): require_once('C:\\Users\\bank0\\...')
#11 {main}
