ERROR - 2022-04-21 01:14:38 --> Error connecting to the database: No connection could be made because the target machine actively refused it
CRITICAL - 2022-04-21 01:14:38 --> Unable to connect to the database.
Main connection [MySQLi]: No connection could be made because the target machine actively refused it
#0 C:\Users\chana\Downloads\fz\FriendZone\system\Database\BaseConnection.php(577): CodeIgniter\Database\BaseConnection->initialize()
#1 C:\Users\chana\Downloads\fz\FriendZone\system\Database\BaseBuilder.php(1455): CodeIgniter\Database\BaseConnection->query('SELECT *\nFROM `...', Array, false)
#2 C:\Users\chana\Downloads\fz\FriendZone\app\Models\PostModel.php(17): CodeIgniter\Database\BaseBuilder->get()
#3 C:\Users\chana\Downloads\fz\FriendZone\app\Controllers\PostController.php(26): App\Models\PostModel->viewPost()
#4 C:\Users\chana\Downloads\fz\FriendZone\system\CodeIgniter.php(825): App\Controllers\PostController->viewPost()
#5 C:\Users\chana\Downloads\fz\FriendZone\system\CodeIgniter.php(412): CodeIgniter\CodeIgniter->runController(Object(App\Controllers\PostController))
#6 C:\Users\chana\Downloads\fz\FriendZone\system\CodeIgniter.php(320): CodeIgniter\CodeIgniter->handleRequest(NULL, Object(Config\Cache), false)
#7 C:\Users\chana\Downloads\fz\FriendZone\public\index.php(37): CodeIgniter\CodeIgniter->run()
#8 C:\Users\chana\Downloads\fz\FriendZone\system\Commands\Server\rewrite.php(43): require_once('C:\\Users\\chana\\...')
#9 {main}
CRITICAL - 2022-04-21 01:29:06 --> require(components/notificationJoin.php): Failed to open stream: No such file or directory
#0 C:\Users\chana\Downloads\fz\FriendZone\app\Views\components\navUser.php(86): CodeIgniter\Debug\Exceptions->errorHandler(2, 'require(compone...', 'C:\\Users\\chana\\...', 86)
#1 C:\Users\chana\Downloads\fz\FriendZone\app\Views\components\navUser.php(86): require()
#2 C:\Users\chana\Downloads\fz\FriendZone\app\Views\showdata.php(39): require('C:\\Users\\chana\\...')
#3 C:\Users\chana\Downloads\fz\FriendZone\system\View\View.php(210): include('C:\\Users\\chana\\...')
#4 C:\Users\chana\Downloads\fz\FriendZone\system\View\View.php(213): CodeIgniter\View\View->CodeIgniter\View\{closure}()
#5 C:\Users\chana\Downloads\fz\FriendZone\system\Common.php(1089): CodeIgniter\View\View->render('showdata', Array, true)
#6 C:\Users\chana\Downloads\fz\FriendZone\app\Controllers\UserController.php(49): view('showdata', Array)
#7 C:\Users\chana\Downloads\fz\FriendZone\system\CodeIgniter.php(825): App\Controllers\UserController->showdata()
#8 C:\Users\chana\Downloads\fz\FriendZone\system\CodeIgniter.php(412): CodeIgniter\CodeIgniter->runController(Object(App\Controllers\UserController))
#9 C:\Users\chana\Downloads\fz\FriendZone\system\CodeIgniter.php(320): CodeIgniter\CodeIgniter->handleRequest(NULL, Object(Config\Cache), false)
#10 C:\Users\chana\Downloads\fz\FriendZone\public\index.php(37): CodeIgniter\CodeIgniter->run()
#11 C:\Users\chana\Downloads\fz\FriendZone\system\Commands\Server\rewrite.php(43): require_once('C:\\Users\\chana\\...')
#12 {main}
CRITICAL - 2022-04-21 01:29:42 --> require(components/notificationJoin.php): Failed to open stream: No such file or directory
#0 C:\Users\chana\Downloads\fz\FriendZone\app\Views\components\navUser.php(86): CodeIgniter\Debug\Exceptions->errorHandler(2, 'require(compone...', 'C:\\Users\\chana\\...', 86)
#1 C:\Users\chana\Downloads\fz\FriendZone\app\Views\components\navUser.php(86): require()
#2 C:\Users\chana\Downloads\fz\FriendZone\app\Views\showdata.php(39): require('C:\\Users\\chana\\...')
#3 C:\Users\chana\Downloads\fz\FriendZone\system\View\View.php(210): include('C:\\Users\\chana\\...')
#4 C:\Users\chana\Downloads\fz\FriendZone\system\View\View.php(213): CodeIgniter\View\View->CodeIgniter\View\{closure}()
#5 C:\Users\chana\Downloads\fz\FriendZone\system\Common.php(1089): CodeIgniter\View\View->render('showdata', Array, true)
#6 C:\Users\chana\Downloads\fz\FriendZone\app\Controllers\UserController.php(49): view('showdata', Array)
#7 C:\Users\chana\Downloads\fz\FriendZone\system\CodeIgniter.php(825): App\Controllers\UserController->showdata()
#8 C:\Users\chana\Downloads\fz\FriendZone\system\CodeIgniter.php(412): CodeIgniter\CodeIgniter->runController(Object(App\Controllers\UserController))
#9 C:\Users\chana\Downloads\fz\FriendZone\system\CodeIgniter.php(320): CodeIgniter\CodeIgniter->handleRequest(NULL, Object(Config\Cache), false)
#10 C:\Users\chana\Downloads\fz\FriendZone\public\index.php(37): CodeIgniter\CodeIgniter->run()
#11 C:\Users\chana\Downloads\fz\FriendZone\system\Commands\Server\rewrite.php(43): require_once('C:\\Users\\chana\\...')
#12 {main}
CRITICAL - 2022-04-21 01:29:49 --> require(components/notificationJoin.php): Failed to open stream: No such file or directory
#0 C:\Users\chana\Downloads\fz\FriendZone\app\Views\components\navUser.php(86): CodeIgniter\Debug\Exceptions->errorHandler(2, 'require(compone...', 'C:\\Users\\chana\\...', 86)
#1 C:\Users\chana\Downloads\fz\FriendZone\app\Views\components\navUser.php(86): require()
#2 C:\Users\chana\Downloads\fz\FriendZone\app\Views\showdata.php(39): require('C:\\Users\\chana\\...')
#3 C:\Users\chana\Downloads\fz\FriendZone\system\View\View.php(210): include('C:\\Users\\chana\\...')
#4 C:\Users\chana\Downloads\fz\FriendZone\system\View\View.php(213): CodeIgniter\View\View->CodeIgniter\View\{closure}()
#5 C:\Users\chana\Downloads\fz\FriendZone\system\Common.php(1089): CodeIgniter\View\View->render('showdata', Array, true)
#6 C:\Users\chana\Downloads\fz\FriendZone\app\Controllers\UserController.php(146): view('showdata', Array)
#7 C:\Users\chana\Downloads\fz\FriendZone\system\CodeIgniter.php(825): App\Controllers\UserController->auth()
#8 C:\Users\chana\Downloads\fz\FriendZone\system\CodeIgniter.php(412): CodeIgniter\CodeIgniter->runController(Object(App\Controllers\UserController))
#9 C:\Users\chana\Downloads\fz\FriendZone\system\CodeIgniter.php(320): CodeIgniter\CodeIgniter->handleRequest(NULL, Object(Config\Cache), false)
#10 C:\Users\chana\Downloads\fz\FriendZone\public\index.php(37): CodeIgniter\CodeIgniter->run()
#11 C:\Users\chana\Downloads\fz\FriendZone\system\Commands\Server\rewrite.php(43): require_once('C:\\Users\\chana\\...')
#12 {main}
ERROR - 2022-04-21 21:43:18 --> Error connecting to the database: No connection could be made because the target machine actively refused it
CRITICAL - 2022-04-21 21:43:18 --> Unable to connect to the database.
Main connection [MySQLi]: No connection could be made because the target machine actively refused it
#0 C:\Users\chana\Downloads\fz\FriendZone\system\Database\BaseConnection.php(577): CodeIgniter\Database\BaseConnection->initialize()
#1 C:\Users\chana\Downloads\fz\FriendZone\system\Database\BaseBuilder.php(1455): CodeIgniter\Database\BaseConnection->query('SELECT *\nFROM `...', Array, false)
#2 C:\Users\chana\Downloads\fz\FriendZone\app\Models\PostModel.php(17): CodeIgniter\Database\BaseBuilder->get()
#3 C:\Users\chana\Downloads\fz\FriendZone\app\Controllers\PostController.php(26): App\Models\PostModel->viewPost()
#4 C:\Users\chana\Downloads\fz\FriendZone\system\CodeIgniter.php(825): App\Controllers\PostController->viewPost()
#5 C:\Users\chana\Downloads\fz\FriendZone\system\CodeIgniter.php(412): CodeIgniter\CodeIgniter->runController(Object(App\Controllers\PostController))
#6 C:\Users\chana\Downloads\fz\FriendZone\system\CodeIgniter.php(320): CodeIgniter\CodeIgniter->handleRequest(NULL, Object(Config\Cache), false)
#7 C:\Users\chana\Downloads\fz\FriendZone\public\index.php(37): CodeIgniter\CodeIgniter->run()
#8 C:\Users\chana\Downloads\fz\FriendZone\system\Commands\Server\rewrite.php(43): require_once('C:\\Users\\chana\\...')
#9 {main}
