CRITICAL - 2022-04-11 04:46:58 --> Array callback must have exactly two elements
#0 C:\Users\Kar\Desktop\F\FriendZone\app\Views\editProfile.php(36): require()
#1 C:\Users\Kar\Desktop\F\FriendZone\system\View\View.php(210): include('C:\\Users\\Kar\\De...')
#2 C:\Users\Kar\Desktop\F\FriendZone\system\View\View.php(213): CodeIgniter\View\View->CodeIgniter\View\{closure}()
#3 C:\Users\Kar\Desktop\F\FriendZone\system\Common.php(1089): CodeIgniter\View\View->render('editProfile', Array, true)
#4 C:\Users\Kar\Desktop\F\FriendZone\app\Controllers\UserController.php(63): view('editProfile', Array)
#5 C:\Users\Kar\Desktop\F\FriendZone\system\CodeIgniter.php(825): App\Controllers\UserController->editProfile()
#6 C:\Users\Kar\Desktop\F\FriendZone\system\CodeIgniter.php(412): CodeIgniter\CodeIgniter->runController(Object(App\Controllers\UserController))
#7 C:\Users\Kar\Desktop\F\FriendZone\system\CodeIgniter.php(320): CodeIgniter\CodeIgniter->handleRequest(NULL, Object(Config\Cache), false)
#8 C:\Users\Kar\Desktop\F\FriendZone\public\index.php(37): CodeIgniter\CodeIgniter->run()
#9 C:\Users\Kar\Desktop\F\FriendZone\system\Commands\Server\rewrite.php(43): require_once('C:\\Users\\Kar\\De...')
#10 {main}
CRITICAL - 2022-04-11 04:47:23 --> Array callback must have exactly two elements
#0 C:\Users\Kar\Desktop\F\FriendZone\app\Views\editProfile.php(36): require()
#1 C:\Users\Kar\Desktop\F\FriendZone\system\View\View.php(210): include('C:\\Users\\Kar\\De...')
#2 C:\Users\Kar\Desktop\F\FriendZone\system\View\View.php(213): CodeIgniter\View\View->CodeIgniter\View\{closure}()
#3 C:\Users\Kar\Desktop\F\FriendZone\system\Common.php(1089): CodeIgniter\View\View->render('editProfile', Array, true)
#4 C:\Users\Kar\Desktop\F\FriendZone\app\Controllers\UserController.php(63): view('editProfile', Array)
#5 C:\Users\Kar\Desktop\F\FriendZone\system\CodeIgniter.php(825): App\Controllers\UserController->editProfile()
#6 C:\Users\Kar\Desktop\F\FriendZone\system\CodeIgniter.php(412): CodeIgniter\CodeIgniter->runController(Object(App\Controllers\UserController))
#7 C:\Users\Kar\Desktop\F\FriendZone\system\CodeIgniter.php(320): CodeIgniter\CodeIgniter->handleRequest(NULL, Object(Config\Cache), false)
#8 C:\Users\Kar\Desktop\F\FriendZone\public\index.php(37): CodeIgniter\CodeIgniter->run()
#9 C:\Users\Kar\Desktop\F\FriendZone\system\Commands\Server\rewrite.php(43): require_once('C:\\Users\\Kar\\De...')
#10 {main}
CRITICAL - 2022-04-11 04:47:24 --> Array callback must have exactly two elements
#0 C:\Users\Kar\Desktop\F\FriendZone\app\Views\editProfile.php(36): require()
#1 C:\Users\Kar\Desktop\F\FriendZone\system\View\View.php(210): include('C:\\Users\\Kar\\De...')
#2 C:\Users\Kar\Desktop\F\FriendZone\system\View\View.php(213): CodeIgniter\View\View->CodeIgniter\View\{closure}()
#3 C:\Users\Kar\Desktop\F\FriendZone\system\Common.php(1089): CodeIgniter\View\View->render('editProfile', Array, true)
#4 C:\Users\Kar\Desktop\F\FriendZone\app\Controllers\UserController.php(63): view('editProfile', Array)
#5 C:\Users\Kar\Desktop\F\FriendZone\system\CodeIgniter.php(825): App\Controllers\UserController->editProfile()
#6 C:\Users\Kar\Desktop\F\FriendZone\system\CodeIgniter.php(412): CodeIgniter\CodeIgniter->runController(Object(App\Controllers\UserController))
#7 C:\Users\Kar\Desktop\F\FriendZone\system\CodeIgniter.php(320): CodeIgniter\CodeIgniter->handleRequest(NULL, Object(Config\Cache), false)
#8 C:\Users\Kar\Desktop\F\FriendZone\public\index.php(37): CodeIgniter\CodeIgniter->run()
#9 C:\Users\Kar\Desktop\F\FriendZone\system\Commands\Server\rewrite.php(43): require_once('C:\\Users\\Kar\\De...')
#10 {main}
CRITICAL - 2022-04-11 05:21:20 --> There is no data to update.
#0 C:\Users\Kar\Desktop\F\FriendZone\system\BaseModel.php(846): CodeIgniter\Database\Exceptions\DataException::forEmptyDataset('update')
#1 C:\Users\Kar\Desktop\F\FriendZone\system\Model.php(651): CodeIgniter\BaseModel->update(NULL, Array)
#2 C:\Users\Kar\Desktop\F\FriendZone\app\Models\UserModel.php(72): CodeIgniter\Model->update()
#3 C:\Users\Kar\Desktop\F\FriendZone\app\Controllers\UserController.php(82): App\Models\UserModel->updateUser(Array, '40')
#4 C:\Users\Kar\Desktop\F\FriendZone\system\CodeIgniter.php(825): App\Controllers\UserController->updateProfile()
#5 C:\Users\Kar\Desktop\F\FriendZone\system\CodeIgniter.php(412): CodeIgniter\CodeIgniter->runController(Object(App\Controllers\UserController))
#6 C:\Users\Kar\Desktop\F\FriendZone\system\CodeIgniter.php(320): CodeIgniter\CodeIgniter->handleRequest(NULL, Object(Config\Cache), false)
#7 C:\Users\Kar\Desktop\F\FriendZone\public\index.php(37): CodeIgniter\CodeIgniter->run()
#8 C:\Users\Kar\Desktop\F\FriendZone\system\Commands\Server\rewrite.php(43): require_once('C:\\Users\\Kar\\De...')
#9 {main}
CRITICAL - 2022-04-11 05:22:57 --> syntax error, unexpected token "public", expecting end of file
#0 C:\Users\Kar\Desktop\F\FriendZone\system\Autoloader\Autoloader.php(241): CodeIgniter\Autoloader\Autoloader->includeFile('C:\\Users\\Kar\\De...')
#1 C:\Users\Kar\Desktop\F\FriendZone\system\Autoloader\Autoloader.php(219): CodeIgniter\Autoloader\Autoloader->loadInNamespace('App\\Controllers...')
#2 [internal function]: CodeIgniter\Autoloader\Autoloader->loadClass('App\\Controllers...')
#3 C:\Users\Kar\Desktop\F\FriendZone\system\CodeIgniter.php(790): class_exists('\\App\\Controller...', true)
#4 C:\Users\Kar\Desktop\F\FriendZone\system\CodeIgniter.php(399): CodeIgniter\CodeIgniter->startController()
#5 C:\Users\Kar\Desktop\F\FriendZone\system\CodeIgniter.php(320): CodeIgniter\CodeIgniter->handleRequest(NULL, Object(Config\Cache), false)
#6 C:\Users\Kar\Desktop\F\FriendZone\public\index.php(37): CodeIgniter\CodeIgniter->run()
#7 C:\Users\Kar\Desktop\F\FriendZone\system\Commands\Server\rewrite.php(43): require_once('C:\\Users\\Kar\\De...')
#8 {main}
CRITICAL - 2022-04-11 05:23:07 --> syntax error, unexpected token "public", expecting end of file
#0 C:\Users\Kar\Desktop\F\FriendZone\system\Autoloader\Autoloader.php(241): CodeIgniter\Autoloader\Autoloader->includeFile('C:\\Users\\Kar\\De...')
#1 C:\Users\Kar\Desktop\F\FriendZone\system\Autoloader\Autoloader.php(219): CodeIgniter\Autoloader\Autoloader->loadInNamespace('App\\Controllers...')
#2 [internal function]: CodeIgniter\Autoloader\Autoloader->loadClass('App\\Controllers...')
#3 C:\Users\Kar\Desktop\F\FriendZone\system\CodeIgniter.php(790): class_exists('\\App\\Controller...', true)
#4 C:\Users\Kar\Desktop\F\FriendZone\system\CodeIgniter.php(399): CodeIgniter\CodeIgniter->startController()
#5 C:\Users\Kar\Desktop\F\FriendZone\system\CodeIgniter.php(320): CodeIgniter\CodeIgniter->handleRequest(NULL, Object(Config\Cache), false)
#6 C:\Users\Kar\Desktop\F\FriendZone\public\index.php(37): CodeIgniter\CodeIgniter->run()
#7 C:\Users\Kar\Desktop\F\FriendZone\system\Commands\Server\rewrite.php(43): require_once('C:\\Users\\Kar\\De...')
#8 {main}
CRITICAL - 2022-04-11 05:23:54 --> syntax error, unexpected token "public", expecting end of file
#0 C:\Users\Kar\Desktop\F\FriendZone\system\Autoloader\Autoloader.php(241): CodeIgniter\Autoloader\Autoloader->includeFile('C:\\Users\\Kar\\De...')
#1 C:\Users\Kar\Desktop\F\FriendZone\system\Autoloader\Autoloader.php(219): CodeIgniter\Autoloader\Autoloader->loadInNamespace('App\\Controllers...')
#2 [internal function]: CodeIgniter\Autoloader\Autoloader->loadClass('App\\Controllers...')
#3 C:\Users\Kar\Desktop\F\FriendZone\system\CodeIgniter.php(790): class_exists('\\App\\Controller...', true)
#4 C:\Users\Kar\Desktop\F\FriendZone\system\CodeIgniter.php(399): CodeIgniter\CodeIgniter->startController()
#5 C:\Users\Kar\Desktop\F\FriendZone\system\CodeIgniter.php(320): CodeIgniter\CodeIgniter->handleRequest(NULL, Object(Config\Cache), false)
#6 C:\Users\Kar\Desktop\F\FriendZone\public\index.php(37): CodeIgniter\CodeIgniter->run()
#7 C:\Users\Kar\Desktop\F\FriendZone\system\Commands\Server\rewrite.php(43): require_once('C:\\Users\\Kar\\De...')
#8 {main}
CRITICAL - 2022-04-11 05:23:55 --> syntax error, unexpected token "public", expecting end of file
#0 C:\Users\Kar\Desktop\F\FriendZone\system\Autoloader\Autoloader.php(241): CodeIgniter\Autoloader\Autoloader->includeFile('C:\\Users\\Kar\\De...')
#1 C:\Users\Kar\Desktop\F\FriendZone\system\Autoloader\Autoloader.php(219): CodeIgniter\Autoloader\Autoloader->loadInNamespace('App\\Controllers...')
#2 [internal function]: CodeIgniter\Autoloader\Autoloader->loadClass('App\\Controllers...')
#3 C:\Users\Kar\Desktop\F\FriendZone\system\CodeIgniter.php(790): class_exists('\\App\\Controller...', true)
#4 C:\Users\Kar\Desktop\F\FriendZone\system\CodeIgniter.php(399): CodeIgniter\CodeIgniter->startController()
#5 C:\Users\Kar\Desktop\F\FriendZone\system\CodeIgniter.php(320): CodeIgniter\CodeIgniter->handleRequest(NULL, Object(Config\Cache), false)
#6 C:\Users\Kar\Desktop\F\FriendZone\public\index.php(37): CodeIgniter\CodeIgniter->run()
#7 C:\Users\Kar\Desktop\F\FriendZone\system\Commands\Server\rewrite.php(43): require_once('C:\\Users\\Kar\\De...')
#8 {main}
CRITICAL - 2022-04-11 05:23:58 --> syntax error, unexpected token "public", expecting end of file
#0 C:\Users\Kar\Desktop\F\FriendZone\system\Autoloader\Autoloader.php(241): CodeIgniter\Autoloader\Autoloader->includeFile('C:\\Users\\Kar\\De...')
#1 C:\Users\Kar\Desktop\F\FriendZone\system\Autoloader\Autoloader.php(219): CodeIgniter\Autoloader\Autoloader->loadInNamespace('App\\Controllers...')
#2 [internal function]: CodeIgniter\Autoloader\Autoloader->loadClass('App\\Controllers...')
#3 C:\Users\Kar\Desktop\F\FriendZone\system\CodeIgniter.php(790): class_exists('\\App\\Controller...', true)
#4 C:\Users\Kar\Desktop\F\FriendZone\system\CodeIgniter.php(399): CodeIgniter\CodeIgniter->startController()
#5 C:\Users\Kar\Desktop\F\FriendZone\system\CodeIgniter.php(320): CodeIgniter\CodeIgniter->handleRequest(NULL, Object(Config\Cache), false)
#6 C:\Users\Kar\Desktop\F\FriendZone\public\index.php(37): CodeIgniter\CodeIgniter->run()
#7 C:\Users\Kar\Desktop\F\FriendZone\system\Commands\Server\rewrite.php(43): require_once('C:\\Users\\Kar\\De...')
#8 {main}
CRITICAL - 2022-04-11 05:24:30 --> syntax error, unexpected token "public", expecting end of file
#0 C:\Users\Kar\Desktop\F\FriendZone\system\Autoloader\Autoloader.php(241): CodeIgniter\Autoloader\Autoloader->includeFile('C:\\Users\\Kar\\De...')
#1 C:\Users\Kar\Desktop\F\FriendZone\system\Autoloader\Autoloader.php(219): CodeIgniter\Autoloader\Autoloader->loadInNamespace('App\\Controllers...')
#2 [internal function]: CodeIgniter\Autoloader\Autoloader->loadClass('App\\Controllers...')
#3 C:\Users\Kar\Desktop\F\FriendZone\system\CodeIgniter.php(790): class_exists('\\App\\Controller...', true)
#4 C:\Users\Kar\Desktop\F\FriendZone\system\CodeIgniter.php(399): CodeIgniter\CodeIgniter->startController()
#5 C:\Users\Kar\Desktop\F\FriendZone\system\CodeIgniter.php(320): CodeIgniter\CodeIgniter->handleRequest(NULL, Object(Config\Cache), false)
#6 C:\Users\Kar\Desktop\F\FriendZone\public\index.php(37): CodeIgniter\CodeIgniter->run()
#7 C:\Users\Kar\Desktop\F\FriendZone\system\Commands\Server\rewrite.php(43): require_once('C:\\Users\\Kar\\De...')
#8 {main}
CRITICAL - 2022-04-11 05:24:52 --> syntax error, unexpected token "public", expecting end of file
#0 C:\Users\Kar\Desktop\F\FriendZone\system\Autoloader\Autoloader.php(241): CodeIgniter\Autoloader\Autoloader->includeFile('C:\\Users\\Kar\\De...')
#1 C:\Users\Kar\Desktop\F\FriendZone\system\Autoloader\Autoloader.php(219): CodeIgniter\Autoloader\Autoloader->loadInNamespace('App\\Controllers...')
#2 [internal function]: CodeIgniter\Autoloader\Autoloader->loadClass('App\\Controllers...')
#3 C:\Users\Kar\Desktop\F\FriendZone\system\CodeIgniter.php(790): class_exists('\\App\\Controller...', true)
#4 C:\Users\Kar\Desktop\F\FriendZone\system\CodeIgniter.php(399): CodeIgniter\CodeIgniter->startController()
#5 C:\Users\Kar\Desktop\F\FriendZone\system\CodeIgniter.php(320): CodeIgniter\CodeIgniter->handleRequest(NULL, Object(Config\Cache), false)
#6 C:\Users\Kar\Desktop\F\FriendZone\public\index.php(37): CodeIgniter\CodeIgniter->run()
#7 C:\Users\Kar\Desktop\F\FriendZone\system\Commands\Server\rewrite.php(43): require_once('C:\\Users\\Kar\\De...')
#8 {main}
CRITICAL - 2022-04-11 05:24:52 --> syntax error, unexpected token "public", expecting end of file
#0 C:\Users\Kar\Desktop\F\FriendZone\system\Autoloader\Autoloader.php(241): CodeIgniter\Autoloader\Autoloader->includeFile('C:\\Users\\Kar\\De...')
#1 C:\Users\Kar\Desktop\F\FriendZone\system\Autoloader\Autoloader.php(219): CodeIgniter\Autoloader\Autoloader->loadInNamespace('App\\Controllers...')
#2 [internal function]: CodeIgniter\Autoloader\Autoloader->loadClass('App\\Controllers...')
#3 C:\Users\Kar\Desktop\F\FriendZone\system\CodeIgniter.php(790): class_exists('\\App\\Controller...', true)
#4 C:\Users\Kar\Desktop\F\FriendZone\system\CodeIgniter.php(399): CodeIgniter\CodeIgniter->startController()
#5 C:\Users\Kar\Desktop\F\FriendZone\system\CodeIgniter.php(320): CodeIgniter\CodeIgniter->handleRequest(NULL, Object(Config\Cache), false)
#6 C:\Users\Kar\Desktop\F\FriendZone\public\index.php(37): CodeIgniter\CodeIgniter->run()
#7 C:\Users\Kar\Desktop\F\FriendZone\system\Commands\Server\rewrite.php(43): require_once('C:\\Users\\Kar\\De...')
#8 {main}
CRITICAL - 2022-04-11 05:24:53 --> syntax error, unexpected token "public", expecting end of file
#0 C:\Users\Kar\Desktop\F\FriendZone\system\Autoloader\Autoloader.php(241): CodeIgniter\Autoloader\Autoloader->includeFile('C:\\Users\\Kar\\De...')
#1 C:\Users\Kar\Desktop\F\FriendZone\system\Autoloader\Autoloader.php(219): CodeIgniter\Autoloader\Autoloader->loadInNamespace('App\\Controllers...')
#2 [internal function]: CodeIgniter\Autoloader\Autoloader->loadClass('App\\Controllers...')
#3 C:\Users\Kar\Desktop\F\FriendZone\system\CodeIgniter.php(790): class_exists('\\App\\Controller...', true)
#4 C:\Users\Kar\Desktop\F\FriendZone\system\CodeIgniter.php(399): CodeIgniter\CodeIgniter->startController()
#5 C:\Users\Kar\Desktop\F\FriendZone\system\CodeIgniter.php(320): CodeIgniter\CodeIgniter->handleRequest(NULL, Object(Config\Cache), false)
#6 C:\Users\Kar\Desktop\F\FriendZone\public\index.php(37): CodeIgniter\CodeIgniter->run()
#7 C:\Users\Kar\Desktop\F\FriendZone\system\Commands\Server\rewrite.php(43): require_once('C:\\Users\\Kar\\De...')
#8 {main}
CRITICAL - 2022-04-11 05:24:54 --> syntax error, unexpected token "public", expecting end of file
#0 C:\Users\Kar\Desktop\F\FriendZone\system\Autoloader\Autoloader.php(241): CodeIgniter\Autoloader\Autoloader->includeFile('C:\\Users\\Kar\\De...')
#1 C:\Users\Kar\Desktop\F\FriendZone\system\Autoloader\Autoloader.php(219): CodeIgniter\Autoloader\Autoloader->loadInNamespace('App\\Controllers...')
#2 [internal function]: CodeIgniter\Autoloader\Autoloader->loadClass('App\\Controllers...')
#3 C:\Users\Kar\Desktop\F\FriendZone\system\CodeIgniter.php(790): class_exists('\\App\\Controller...', true)
#4 C:\Users\Kar\Desktop\F\FriendZone\system\CodeIgniter.php(399): CodeIgniter\CodeIgniter->startController()
#5 C:\Users\Kar\Desktop\F\FriendZone\system\CodeIgniter.php(320): CodeIgniter\CodeIgniter->handleRequest(NULL, Object(Config\Cache), false)
#6 C:\Users\Kar\Desktop\F\FriendZone\public\index.php(37): CodeIgniter\CodeIgniter->run()
#7 C:\Users\Kar\Desktop\F\FriendZone\system\Commands\Server\rewrite.php(43): require_once('C:\\Users\\Kar\\De...')
#8 {main}
CRITICAL - 2022-04-11 05:26:59 --> There is no data to update.
#0 C:\Users\Kar\Desktop\F\FriendZone\system\BaseModel.php(846): CodeIgniter\Database\Exceptions\DataException::forEmptyDataset('update')
#1 C:\Users\Kar\Desktop\F\FriendZone\system\Model.php(651): CodeIgniter\BaseModel->update(NULL, Array)
#2 C:\Users\Kar\Desktop\F\FriendZone\app\Models\UserModel.php(72): CodeIgniter\Model->update()
#3 C:\Users\Kar\Desktop\F\FriendZone\app\Controllers\UserController.php(83): App\Models\UserModel->updateUser(Array, '40')
#4 C:\Users\Kar\Desktop\F\FriendZone\system\CodeIgniter.php(825): App\Controllers\UserController->updateProfile()
#5 C:\Users\Kar\Desktop\F\FriendZone\system\CodeIgniter.php(412): CodeIgniter\CodeIgniter->runController(Object(App\Controllers\UserController))
#6 C:\Users\Kar\Desktop\F\FriendZone\system\CodeIgniter.php(320): CodeIgniter\CodeIgniter->handleRequest(NULL, Object(Config\Cache), false)
#7 C:\Users\Kar\Desktop\F\FriendZone\public\index.php(37): CodeIgniter\CodeIgniter->run()
#8 C:\Users\Kar\Desktop\F\FriendZone\system\Commands\Server\rewrite.php(43): require_once('C:\\Users\\Kar\\De...')
#9 {main}
CRITICAL - 2022-04-11 05:29:19 --> There is no data to update.
#0 C:\Users\Kar\Desktop\F\FriendZone\system\BaseModel.php(846): CodeIgniter\Database\Exceptions\DataException::forEmptyDataset('update')
#1 C:\Users\Kar\Desktop\F\FriendZone\system\Model.php(651): CodeIgniter\BaseModel->update(NULL, Array)
#2 C:\Users\Kar\Desktop\F\FriendZone\app\Models\UserModel.php(72): CodeIgniter\Model->update()
#3 C:\Users\Kar\Desktop\F\FriendZone\app\Controllers\UserController.php(85): App\Models\UserModel->updateUser(Array, Array)
#4 C:\Users\Kar\Desktop\F\FriendZone\system\CodeIgniter.php(825): App\Controllers\UserController->updateProfile()
#5 C:\Users\Kar\Desktop\F\FriendZone\system\CodeIgniter.php(412): CodeIgniter\CodeIgniter->runController(Object(App\Controllers\UserController))
#6 C:\Users\Kar\Desktop\F\FriendZone\system\CodeIgniter.php(320): CodeIgniter\CodeIgniter->handleRequest(NULL, Object(Config\Cache), false)
#7 C:\Users\Kar\Desktop\F\FriendZone\public\index.php(37): CodeIgniter\CodeIgniter->run()
#8 C:\Users\Kar\Desktop\F\FriendZone\system\Commands\Server\rewrite.php(43): require_once('C:\\Users\\Kar\\De...')
#9 {main}
CRITICAL - 2022-04-11 05:38:28 --> There is no data to update.
#0 C:\Users\Kar\Desktop\F\FriendZone\system\BaseModel.php(846): CodeIgniter\Database\Exceptions\DataException::forEmptyDataset('update')
#1 C:\Users\Kar\Desktop\F\FriendZone\system\Model.php(651): CodeIgniter\BaseModel->update(NULL, Array)
#2 C:\Users\Kar\Desktop\F\FriendZone\app\Models\UserModel.php(72): CodeIgniter\Model->update()
#3 C:\Users\Kar\Desktop\F\FriendZone\app\Controllers\UserController.php(85): App\Models\UserModel->updateUser(Array, Array)
#4 C:\Users\Kar\Desktop\F\FriendZone\system\CodeIgniter.php(825): App\Controllers\UserController->updateProfile()
#5 C:\Users\Kar\Desktop\F\FriendZone\system\CodeIgniter.php(412): CodeIgniter\CodeIgniter->runController(Object(App\Controllers\UserController))
#6 C:\Users\Kar\Desktop\F\FriendZone\system\CodeIgniter.php(320): CodeIgniter\CodeIgniter->handleRequest(NULL, Object(Config\Cache), false)
#7 C:\Users\Kar\Desktop\F\FriendZone\public\index.php(37): CodeIgniter\CodeIgniter->run()
#8 C:\Users\Kar\Desktop\F\FriendZone\system\Commands\Server\rewrite.php(43): require_once('C:\\Users\\Kar\\De...')
#9 {main}
