CRITICAL - 2022-03-03 00:30:48 --> Undefined variable $posts
#0 C:\Users\Kanokphon\Desktop\FriendZone\app\Views\components\post.php(42): CodeIgniter\Debug\Exceptions->errorHandler(2, 'Undefined varia...', 'C:\\Users\\Kanokp...', 42)
#1 C:\Users\Kanokphon\Desktop\FriendZone\app\Views\home.php(20): require('C:\\Users\\Kanokp...')
#2 C:\Users\Kanokphon\Desktop\FriendZone\system\View\View.php(210): include('C:\\Users\\Kanokp...')
#3 C:\Users\Kanokphon\Desktop\FriendZone\system\View\View.php(213): CodeIgniter\View\View->CodeIgniter\View\{closure}()
#4 C:\Users\Kanokphon\Desktop\FriendZone\system\Common.php(1089): CodeIgniter\View\View->render('home', Array, true)
#5 C:\Users\Kanokphon\Desktop\FriendZone\app\Controllers\Home.php(9): view('home')
#6 C:\Users\Kanokphon\Desktop\FriendZone\system\CodeIgniter.php(825): App\Controllers\Home->index()
#7 C:\Users\Kanokphon\Desktop\FriendZone\system\CodeIgniter.php(412): CodeIgniter\CodeIgniter->runController(Object(App\Controllers\Home))
#8 C:\Users\Kanokphon\Desktop\FriendZone\system\CodeIgniter.php(320): CodeIgniter\CodeIgniter->handleRequest(NULL, Object(Config\Cache), false)
#9 C:\Users\Kanokphon\Desktop\FriendZone\public\index.php(37): CodeIgniter\CodeIgniter->run()
#10 C:\Users\Kanokphon\Desktop\FriendZone\system\Commands\Server\rewrite.php(43): require_once('C:\\Users\\Kanokp...')
#11 {main}
CRITICAL - 2022-03-03 00:32:12 --> Undefined variable $posts
#0 C:\Users\Kanokphon\Desktop\FriendZone\app\Views\components\post.php(42): CodeIgniter\Debug\Exceptions->errorHandler(2, 'Undefined varia...', 'C:\\Users\\Kanokp...', 42)
#1 C:\Users\Kanokphon\Desktop\FriendZone\app\Views\home.php(20): require('C:\\Users\\Kanokp...')
#2 C:\Users\Kanokphon\Desktop\FriendZone\system\View\View.php(210): include('C:\\Users\\Kanokp...')
#3 C:\Users\Kanokphon\Desktop\FriendZone\system\View\View.php(213): CodeIgniter\View\View->CodeIgniter\View\{closure}()
#4 C:\Users\Kanokphon\Desktop\FriendZone\system\Common.php(1089): CodeIgniter\View\View->render('home', Array, true)
#5 C:\Users\Kanokphon\Desktop\FriendZone\app\Controllers\Home.php(9): view('home')
#6 C:\Users\Kanokphon\Desktop\FriendZone\system\CodeIgniter.php(825): App\Controllers\Home->index()
#7 C:\Users\Kanokphon\Desktop\FriendZone\system\CodeIgniter.php(412): CodeIgniter\CodeIgniter->runController(Object(App\Controllers\Home))
#8 C:\Users\Kanokphon\Desktop\FriendZone\system\CodeIgniter.php(320): CodeIgniter\CodeIgniter->handleRequest(NULL, Object(Config\Cache), false)
#9 C:\Users\Kanokphon\Desktop\FriendZone\public\index.php(37): CodeIgniter\CodeIgniter->run()
#10 C:\Users\Kanokphon\Desktop\FriendZone\system\Commands\Server\rewrite.php(43): require_once('C:\\Users\\Kanokp...')
#11 {main}
CRITICAL - 2022-03-03 20:47:21 --> Undefined variable $province
#0 C:\Users\Kanokphon\Desktop\FriendZone\app\Views\components\userpost.php(56): CodeIgniter\Debug\Exceptions->errorHandler(2, 'Undefined varia...', 'C:\\Users\\Kanokp...', 56)
#1 C:\Users\Kanokphon\Desktop\FriendZone\app\Views\showdata.php(23): require('C:\\Users\\Kanokp...')
#2 C:\Users\Kanokphon\Desktop\FriendZone\system\View\View.php(210): include('C:\\Users\\Kanokp...')
#3 C:\Users\Kanokphon\Desktop\FriendZone\system\View\View.php(213): CodeIgniter\View\View->CodeIgniter\View\{closure}()
#4 C:\Users\Kanokphon\Desktop\FriendZone\system\Common.php(1089): CodeIgniter\View\View->render('showdata', Array, true)
#5 C:\Users\Kanokphon\Desktop\FriendZone\app\Controllers\PostController.php(49): view('showdata')
#6 C:\Users\Kanokphon\Desktop\FriendZone\system\CodeIgniter.php(825): App\Controllers\PostController->createpost()
#7 C:\Users\Kanokphon\Desktop\FriendZone\system\CodeIgniter.php(412): CodeIgniter\CodeIgniter->runController(Object(App\Controllers\PostController))
#8 C:\Users\Kanokphon\Desktop\FriendZone\system\CodeIgniter.php(320): CodeIgniter\CodeIgniter->handleRequest(NULL, Object(Config\Cache), false)
#9 C:\Users\Kanokphon\Desktop\FriendZone\public\index.php(37): CodeIgniter\CodeIgniter->run()
#10 C:\Users\Kanokphon\Desktop\FriendZone\system\Commands\Server\rewrite.php(43): require_once('C:\\Users\\Kanokp...')
#11 {main}
CRITICAL - 2022-03-03 20:47:54 --> Undefined variable $province
#0 C:\Users\Kanokphon\Desktop\FriendZone\app\Views\components\userpost.php(56): CodeIgniter\Debug\Exceptions->errorHandler(2, 'Undefined varia...', 'C:\\Users\\Kanokp...', 56)
#1 C:\Users\Kanokphon\Desktop\FriendZone\app\Views\showdata.php(23): require('C:\\Users\\Kanokp...')
#2 C:\Users\Kanokphon\Desktop\FriendZone\system\View\View.php(210): include('C:\\Users\\Kanokp...')
#3 C:\Users\Kanokphon\Desktop\FriendZone\system\View\View.php(213): CodeIgniter\View\View->CodeIgniter\View\{closure}()
#4 C:\Users\Kanokphon\Desktop\FriendZone\system\Common.php(1089): CodeIgniter\View\View->render('showdata', Array, true)
#5 C:\Users\Kanokphon\Desktop\FriendZone\app\Controllers\UserController.php(39): view('showdata')
#6 C:\Users\Kanokphon\Desktop\FriendZone\system\CodeIgniter.php(825): App\Controllers\UserController->showdata()
#7 C:\Users\Kanokphon\Desktop\FriendZone\system\CodeIgniter.php(412): CodeIgniter\CodeIgniter->runController(Object(App\Controllers\UserController))
#8 C:\Users\Kanokphon\Desktop\FriendZone\system\CodeIgniter.php(320): CodeIgniter\CodeIgniter->handleRequest(NULL, Object(Config\Cache), false)
#9 C:\Users\Kanokphon\Desktop\FriendZone\public\index.php(37): CodeIgniter\CodeIgniter->run()
#10 C:\Users\Kanokphon\Desktop\FriendZone\system\Commands\Server\rewrite.php(43): require_once('C:\\Users\\Kanokp...')
#11 {main}
CRITICAL - 2022-03-03 20:49:05 --> Undefined variable $province
#0 C:\Users\Kanokphon\Desktop\FriendZone\app\Views\components\userpost.php(56): CodeIgniter\Debug\Exceptions->errorHandler(2, 'Undefined varia...', 'C:\\Users\\Kanokp...', 56)
#1 C:\Users\Kanokphon\Desktop\FriendZone\app\Views\showdata.php(23): require('C:\\Users\\Kanokp...')
#2 C:\Users\Kanokphon\Desktop\FriendZone\system\View\View.php(210): include('C:\\Users\\Kanokp...')
#3 C:\Users\Kanokphon\Desktop\FriendZone\system\View\View.php(213): CodeIgniter\View\View->CodeIgniter\View\{closure}()
#4 C:\Users\Kanokphon\Desktop\FriendZone\system\Common.php(1089): CodeIgniter\View\View->render('showdata', Array, true)
#5 C:\Users\Kanokphon\Desktop\FriendZone\app\Controllers\UserController.php(39): view('showdata')
#6 C:\Users\Kanokphon\Desktop\FriendZone\system\CodeIgniter.php(825): App\Controllers\UserController->showdata()
#7 C:\Users\Kanokphon\Desktop\FriendZone\system\CodeIgniter.php(412): CodeIgniter\CodeIgniter->runController(Object(App\Controllers\UserController))
#8 C:\Users\Kanokphon\Desktop\FriendZone\system\CodeIgniter.php(320): CodeIgniter\CodeIgniter->handleRequest(NULL, Object(Config\Cache), false)
#9 C:\Users\Kanokphon\Desktop\FriendZone\public\index.php(37): CodeIgniter\CodeIgniter->run()
#10 C:\Users\Kanokphon\Desktop\FriendZone\system\Commands\Server\rewrite.php(43): require_once('C:\\Users\\Kanokp...')
#11 {main}
CRITICAL - 2022-03-03 20:49:49 --> Undefined variable $province
#0 C:\Users\Kanokphon\Desktop\FriendZone\app\Views\components\userpost.php(56): CodeIgniter\Debug\Exceptions->errorHandler(2, 'Undefined varia...', 'C:\\Users\\Kanokp...', 56)
#1 C:\Users\Kanokphon\Desktop\FriendZone\app\Views\showdata.php(23): require('C:\\Users\\Kanokp...')
#2 C:\Users\Kanokphon\Desktop\FriendZone\system\View\View.php(210): include('C:\\Users\\Kanokp...')
#3 C:\Users\Kanokphon\Desktop\FriendZone\system\View\View.php(213): CodeIgniter\View\View->CodeIgniter\View\{closure}()
#4 C:\Users\Kanokphon\Desktop\FriendZone\system\Common.php(1089): CodeIgniter\View\View->render('showdata', Array, true)
#5 C:\Users\Kanokphon\Desktop\FriendZone\app\Controllers\UserController.php(39): view('showdata')
#6 C:\Users\Kanokphon\Desktop\FriendZone\system\CodeIgniter.php(825): App\Controllers\UserController->showdata()
#7 C:\Users\Kanokphon\Desktop\FriendZone\system\CodeIgniter.php(412): CodeIgniter\CodeIgniter->runController(Object(App\Controllers\UserController))
#8 C:\Users\Kanokphon\Desktop\FriendZone\system\CodeIgniter.php(320): CodeIgniter\CodeIgniter->handleRequest(NULL, Object(Config\Cache), false)
#9 C:\Users\Kanokphon\Desktop\FriendZone\public\index.php(37): CodeIgniter\CodeIgniter->run()
#10 C:\Users\Kanokphon\Desktop\FriendZone\system\Commands\Server\rewrite.php(43): require_once('C:\\Users\\Kanokp...')
#11 {main}
CRITICAL - 2022-03-03 20:50:05 --> Undefined variable $province
#0 C:\Users\Kanokphon\Desktop\FriendZone\app\Views\components\userpost.php(56): CodeIgniter\Debug\Exceptions->errorHandler(2, 'Undefined varia...', 'C:\\Users\\Kanokp...', 56)
#1 C:\Users\Kanokphon\Desktop\FriendZone\app\Views\showdata.php(23): require('C:\\Users\\Kanokp...')
#2 C:\Users\Kanokphon\Desktop\FriendZone\system\View\View.php(210): include('C:\\Users\\Kanokp...')
#3 C:\Users\Kanokphon\Desktop\FriendZone\system\View\View.php(213): CodeIgniter\View\View->CodeIgniter\View\{closure}()
#4 C:\Users\Kanokphon\Desktop\FriendZone\system\Common.php(1089): CodeIgniter\View\View->render('showdata', Array, true)
#5 C:\Users\Kanokphon\Desktop\FriendZone\app\Controllers\UserController.php(39): view('showdata')
#6 C:\Users\Kanokphon\Desktop\FriendZone\system\CodeIgniter.php(825): App\Controllers\UserController->showdata()
#7 C:\Users\Kanokphon\Desktop\FriendZone\system\CodeIgniter.php(412): CodeIgniter\CodeIgniter->runController(Object(App\Controllers\UserController))
#8 C:\Users\Kanokphon\Desktop\FriendZone\system\CodeIgniter.php(320): CodeIgniter\CodeIgniter->handleRequest(NULL, Object(Config\Cache), false)
#9 C:\Users\Kanokphon\Desktop\FriendZone\public\index.php(37): CodeIgniter\CodeIgniter->run()
#10 C:\Users\Kanokphon\Desktop\FriendZone\system\Commands\Server\rewrite.php(43): require_once('C:\\Users\\Kanokp...')
#11 {main}
CRITICAL - 2022-03-03 20:50:17 --> Undefined variable $province
#0 C:\Users\Kanokphon\Desktop\FriendZone\app\Views\components\userpost.php(56): CodeIgniter\Debug\Exceptions->errorHandler(2, 'Undefined varia...', 'C:\\Users\\Kanokp...', 56)
#1 C:\Users\Kanokphon\Desktop\FriendZone\app\Views\showdata.php(23): require('C:\\Users\\Kanokp...')
#2 C:\Users\Kanokphon\Desktop\FriendZone\system\View\View.php(210): include('C:\\Users\\Kanokp...')
#3 C:\Users\Kanokphon\Desktop\FriendZone\system\View\View.php(213): CodeIgniter\View\View->CodeIgniter\View\{closure}()
#4 C:\Users\Kanokphon\Desktop\FriendZone\system\Common.php(1089): CodeIgniter\View\View->render('showdata', Array, true)
#5 C:\Users\Kanokphon\Desktop\FriendZone\app\Controllers\UserController.php(39): view('showdata')
#6 C:\Users\Kanokphon\Desktop\FriendZone\system\CodeIgniter.php(825): App\Controllers\UserController->showdata()
#7 C:\Users\Kanokphon\Desktop\FriendZone\system\CodeIgniter.php(412): CodeIgniter\CodeIgniter->runController(Object(App\Controllers\UserController))
#8 C:\Users\Kanokphon\Desktop\FriendZone\system\CodeIgniter.php(320): CodeIgniter\CodeIgniter->handleRequest(NULL, Object(Config\Cache), false)
#9 C:\Users\Kanokphon\Desktop\FriendZone\public\index.php(37): CodeIgniter\CodeIgniter->run()
#10 C:\Users\Kanokphon\Desktop\FriendZone\system\Commands\Server\rewrite.php(43): require_once('C:\\Users\\Kanokp...')
#11 {main}
CRITICAL - 2022-03-03 20:50:20 --> Undefined variable $province
#0 C:\Users\Kanokphon\Desktop\FriendZone\app\Views\components\userpost.php(56): CodeIgniter\Debug\Exceptions->errorHandler(2, 'Undefined varia...', 'C:\\Users\\Kanokp...', 56)
#1 C:\Users\Kanokphon\Desktop\FriendZone\app\Views\showdata.php(23): require('C:\\Users\\Kanokp...')
#2 C:\Users\Kanokphon\Desktop\FriendZone\system\View\View.php(210): include('C:\\Users\\Kanokp...')
#3 C:\Users\Kanokphon\Desktop\FriendZone\system\View\View.php(213): CodeIgniter\View\View->CodeIgniter\View\{closure}()
#4 C:\Users\Kanokphon\Desktop\FriendZone\system\Common.php(1089): CodeIgniter\View\View->render('showdata', Array, true)
#5 C:\Users\Kanokphon\Desktop\FriendZone\app\Controllers\UserController.php(39): view('showdata')
#6 C:\Users\Kanokphon\Desktop\FriendZone\system\CodeIgniter.php(825): App\Controllers\UserController->showdata()
#7 C:\Users\Kanokphon\Desktop\FriendZone\system\CodeIgniter.php(412): CodeIgniter\CodeIgniter->runController(Object(App\Controllers\UserController))
#8 C:\Users\Kanokphon\Desktop\FriendZone\system\CodeIgniter.php(320): CodeIgniter\CodeIgniter->handleRequest(NULL, Object(Config\Cache), false)
#9 C:\Users\Kanokphon\Desktop\FriendZone\public\index.php(37): CodeIgniter\CodeIgniter->run()
#10 C:\Users\Kanokphon\Desktop\FriendZone\system\Commands\Server\rewrite.php(43): require_once('C:\\Users\\Kanokp...')
#11 {main}
CRITICAL - 2022-03-03 20:52:50 --> Call to undefined method App\Models\PostModel::getProvince
#0 C:\Users\Kanokphon\Desktop\FriendZone\app\Controllers\PostController.php(50): CodeIgniter\Model->__call('getProvince', Array)
#1 C:\Users\Kanokphon\Desktop\FriendZone\system\CodeIgniter.php(825): App\Controllers\PostController->createpost()
#2 C:\Users\Kanokphon\Desktop\FriendZone\system\CodeIgniter.php(412): CodeIgniter\CodeIgniter->runController(Object(App\Controllers\PostController))
#3 C:\Users\Kanokphon\Desktop\FriendZone\system\CodeIgniter.php(320): CodeIgniter\CodeIgniter->handleRequest(NULL, Object(Config\Cache), false)
#4 C:\Users\Kanokphon\Desktop\FriendZone\public\index.php(37): CodeIgniter\CodeIgniter->run()
#5 C:\Users\Kanokphon\Desktop\FriendZone\system\Commands\Server\rewrite.php(43): require_once('C:\\Users\\Kanokp...')
#6 {main}
CRITICAL - 2022-03-03 20:53:04 --> Call to undefined method App\Models\PostModel::getProvince
#0 C:\Users\Kanokphon\Desktop\FriendZone\app\Controllers\PostController.php(50): CodeIgniter\Model->__call('getProvince', Array)
#1 C:\Users\Kanokphon\Desktop\FriendZone\system\CodeIgniter.php(825): App\Controllers\PostController->createpost()
#2 C:\Users\Kanokphon\Desktop\FriendZone\system\CodeIgniter.php(412): CodeIgniter\CodeIgniter->runController(Object(App\Controllers\PostController))
#3 C:\Users\Kanokphon\Desktop\FriendZone\system\CodeIgniter.php(320): CodeIgniter\CodeIgniter->handleRequest(NULL, Object(Config\Cache), false)
#4 C:\Users\Kanokphon\Desktop\FriendZone\public\index.php(37): CodeIgniter\CodeIgniter->run()
#5 C:\Users\Kanokphon\Desktop\FriendZone\system\Commands\Server\rewrite.php(43): require_once('C:\\Users\\Kanokp...')
#6 {main}
