CRITICAL - 2022-06-17 00:11:54 --> Undefined variable $parts
#0 C:\Users\Kanokphon\Desktop\FriendZone\app\Views\components\notification.php(65): CodeIgniter\Debug\Exceptions->errorHandler(2, 'Undefined varia...', 'C:\\Users\\Kanokp...', 65)
#1 C:\Users\Kanokphon\Desktop\FriendZone\app\Views\components\navUser.php(77): require('C:\\Users\\Kanokp...')
#2 C:\Users\Kanokphon\Desktop\FriendZone\app\Views\viewPostParticipate.php(49): require('C:\\Users\\Kanokp...')
#3 C:\Users\Kanokphon\Desktop\FriendZone\system\View\View.php(210): include('C:\\Users\\Kanokp...')
#4 C:\Users\Kanokphon\Desktop\FriendZone\system\View\View.php(213): CodeIgniter\View\View->CodeIgniter\View\{closure}()
#5 C:\Users\Kanokphon\Desktop\FriendZone\system\Common.php(1089): CodeIgniter\View\View->render('viewPostPartici...', Array, true)
#6 C:\Users\Kanokphon\Desktop\FriendZone\app\Controllers\UserController.php(366): view('viewPostPartici...')
#7 C:\Users\Kanokphon\Desktop\FriendZone\system\CodeIgniter.php(825): App\Controllers\UserController->viewPostPaticActive()
#8 C:\Users\Kanokphon\Desktop\FriendZone\system\CodeIgniter.php(412): CodeIgniter\CodeIgniter->runController(Object(App\Controllers\UserController))
#9 C:\Users\Kanokphon\Desktop\FriendZone\system\CodeIgniter.php(320): CodeIgniter\CodeIgniter->handleRequest(NULL, Object(Config\Cache), false)
#10 C:\Users\Kanokphon\Desktop\FriendZone\public\index.php(37): CodeIgniter\CodeIgniter->run()
#11 C:\Users\Kanokphon\Desktop\FriendZone\system\Commands\Server\rewrite.php(43): require_once('C:\\Users\\Kanokp...')
#12 {main}
CRITICAL - 2022-06-17 00:12:17 --> Undefined variable $parts
#0 C:\Users\Kanokphon\Desktop\FriendZone\app\Views\components\notification.php(65): CodeIgniter\Debug\Exceptions->errorHandler(2, 'Undefined varia...', 'C:\\Users\\Kanokp...', 65)
#1 C:\Users\Kanokphon\Desktop\FriendZone\app\Views\components\navUser.php(77): require('C:\\Users\\Kanokp...')
#2 C:\Users\Kanokphon\Desktop\FriendZone\app\Views\viewPostParticipate.php(49): require('C:\\Users\\Kanokp...')
#3 C:\Users\Kanokphon\Desktop\FriendZone\system\View\View.php(210): include('C:\\Users\\Kanokp...')
#4 C:\Users\Kanokphon\Desktop\FriendZone\system\View\View.php(213): CodeIgniter\View\View->CodeIgniter\View\{closure}()
#5 C:\Users\Kanokphon\Desktop\FriendZone\system\Common.php(1089): CodeIgniter\View\View->render('viewPostPartici...', Array, true)
#6 C:\Users\Kanokphon\Desktop\FriendZone\app\Controllers\UserController.php(366): view('viewPostPartici...')
#7 C:\Users\Kanokphon\Desktop\FriendZone\system\CodeIgniter.php(825): App\Controllers\UserController->viewPostPaticActive()
#8 C:\Users\Kanokphon\Desktop\FriendZone\system\CodeIgniter.php(412): CodeIgniter\CodeIgniter->runController(Object(App\Controllers\UserController))
#9 C:\Users\Kanokphon\Desktop\FriendZone\system\CodeIgniter.php(320): CodeIgniter\CodeIgniter->handleRequest(NULL, Object(Config\Cache), false)
#10 C:\Users\Kanokphon\Desktop\FriendZone\public\index.php(37): CodeIgniter\CodeIgniter->run()
#11 C:\Users\Kanokphon\Desktop\FriendZone\system\Commands\Server\rewrite.php(43): require_once('C:\\Users\\Kanokp...')
#12 {main}
CRITICAL - 2022-06-17 00:12:45 --> Undefined variable $parts
#0 C:\Users\Kanokphon\Desktop\FriendZone\app\Views\components\notification.php(65): CodeIgniter\Debug\Exceptions->errorHandler(2, 'Undefined varia...', 'C:\\Users\\Kanokp...', 65)
#1 C:\Users\Kanokphon\Desktop\FriendZone\app\Views\components\navUser.php(77): require('C:\\Users\\Kanokp...')
#2 C:\Users\Kanokphon\Desktop\FriendZone\app\Views\viewPostParticipate.php(49): require('C:\\Users\\Kanokp...')
#3 C:\Users\Kanokphon\Desktop\FriendZone\system\View\View.php(210): include('C:\\Users\\Kanokp...')
#4 C:\Users\Kanokphon\Desktop\FriendZone\system\View\View.php(213): CodeIgniter\View\View->CodeIgniter\View\{closure}()
#5 C:\Users\Kanokphon\Desktop\FriendZone\system\Common.php(1089): CodeIgniter\View\View->render('viewPostPartici...', Array, true)
#6 C:\Users\Kanokphon\Desktop\FriendZone\app\Controllers\UserController.php(365): view('viewPostPartici...')
#7 C:\Users\Kanokphon\Desktop\FriendZone\system\CodeIgniter.php(825): App\Controllers\UserController->viewPostPaticActive()
#8 C:\Users\Kanokphon\Desktop\FriendZone\system\CodeIgniter.php(412): CodeIgniter\CodeIgniter->runController(Object(App\Controllers\UserController))
#9 C:\Users\Kanokphon\Desktop\FriendZone\system\CodeIgniter.php(320): CodeIgniter\CodeIgniter->handleRequest(NULL, Object(Config\Cache), false)
#10 C:\Users\Kanokphon\Desktop\FriendZone\public\index.php(37): CodeIgniter\CodeIgniter->run()
#11 C:\Users\Kanokphon\Desktop\FriendZone\system\Commands\Server\rewrite.php(43): require_once('C:\\Users\\Kanokp...')
#12 {main}
CRITICAL - 2022-06-17 00:12:45 --> Undefined variable $parts
#0 C:\Users\Kanokphon\Desktop\FriendZone\app\Views\components\notification.php(65): CodeIgniter\Debug\Exceptions->errorHandler(2, 'Undefined varia...', 'C:\\Users\\Kanokp...', 65)
#1 C:\Users\Kanokphon\Desktop\FriendZone\app\Views\components\navUser.php(77): require('C:\\Users\\Kanokp...')
#2 C:\Users\Kanokphon\Desktop\FriendZone\app\Views\viewPostParticipate.php(49): require('C:\\Users\\Kanokp...')
#3 C:\Users\Kanokphon\Desktop\FriendZone\system\View\View.php(210): include('C:\\Users\\Kanokp...')
#4 C:\Users\Kanokphon\Desktop\FriendZone\system\View\View.php(213): CodeIgniter\View\View->CodeIgniter\View\{closure}()
#5 C:\Users\Kanokphon\Desktop\FriendZone\system\Common.php(1089): CodeIgniter\View\View->render('viewPostPartici...', Array, true)
#6 C:\Users\Kanokphon\Desktop\FriendZone\app\Controllers\UserController.php(365): view('viewPostPartici...')
#7 C:\Users\Kanokphon\Desktop\FriendZone\system\CodeIgniter.php(825): App\Controllers\UserController->viewPostPaticActive()
#8 C:\Users\Kanokphon\Desktop\FriendZone\system\CodeIgniter.php(412): CodeIgniter\CodeIgniter->runController(Object(App\Controllers\UserController))
#9 C:\Users\Kanokphon\Desktop\FriendZone\system\CodeIgniter.php(320): CodeIgniter\CodeIgniter->handleRequest(NULL, Object(Config\Cache), false)
#10 C:\Users\Kanokphon\Desktop\FriendZone\public\index.php(37): CodeIgniter\CodeIgniter->run()
#11 C:\Users\Kanokphon\Desktop\FriendZone\system\Commands\Server\rewrite.php(43): require_once('C:\\Users\\Kanokp...')
#12 {main}
CRITICAL - 2022-06-17 00:12:46 --> Undefined variable $parts
#0 C:\Users\Kanokphon\Desktop\FriendZone\app\Views\components\notification.php(65): CodeIgniter\Debug\Exceptions->errorHandler(2, 'Undefined varia...', 'C:\\Users\\Kanokp...', 65)
#1 C:\Users\Kanokphon\Desktop\FriendZone\app\Views\components\navUser.php(77): require('C:\\Users\\Kanokp...')
#2 C:\Users\Kanokphon\Desktop\FriendZone\app\Views\viewPostParticipate.php(49): require('C:\\Users\\Kanokp...')
#3 C:\Users\Kanokphon\Desktop\FriendZone\system\View\View.php(210): include('C:\\Users\\Kanokp...')
#4 C:\Users\Kanokphon\Desktop\FriendZone\system\View\View.php(213): CodeIgniter\View\View->CodeIgniter\View\{closure}()
#5 C:\Users\Kanokphon\Desktop\FriendZone\system\Common.php(1089): CodeIgniter\View\View->render('viewPostPartici...', Array, true)
#6 C:\Users\Kanokphon\Desktop\FriendZone\app\Controllers\UserController.php(365): view('viewPostPartici...')
#7 C:\Users\Kanokphon\Desktop\FriendZone\system\CodeIgniter.php(825): App\Controllers\UserController->viewPostPaticActive()
#8 C:\Users\Kanokphon\Desktop\FriendZone\system\CodeIgniter.php(412): CodeIgniter\CodeIgniter->runController(Object(App\Controllers\UserController))
#9 C:\Users\Kanokphon\Desktop\FriendZone\system\CodeIgniter.php(320): CodeIgniter\CodeIgniter->handleRequest(NULL, Object(Config\Cache), false)
#10 C:\Users\Kanokphon\Desktop\FriendZone\public\index.php(37): CodeIgniter\CodeIgniter->run()
#11 C:\Users\Kanokphon\Desktop\FriendZone\system\Commands\Server\rewrite.php(43): require_once('C:\\Users\\Kanokp...')
#12 {main}
CRITICAL - 2022-06-17 00:13:43 --> Undefined variable $parts
#0 C:\Users\Kanokphon\Desktop\FriendZone\app\Views\components\notification.php(65): CodeIgniter\Debug\Exceptions->errorHandler(2, 'Undefined varia...', 'C:\\Users\\Kanokp...', 65)
#1 C:\Users\Kanokphon\Desktop\FriendZone\app\Views\components\navUser.php(77): require('C:\\Users\\Kanokp...')
#2 C:\Users\Kanokphon\Desktop\FriendZone\app\Views\viewPostParticipate.php(49): require('C:\\Users\\Kanokp...')
#3 C:\Users\Kanokphon\Desktop\FriendZone\system\View\View.php(210): include('C:\\Users\\Kanokp...')
#4 C:\Users\Kanokphon\Desktop\FriendZone\system\View\View.php(213): CodeIgniter\View\View->CodeIgniter\View\{closure}()
#5 C:\Users\Kanokphon\Desktop\FriendZone\system\Common.php(1089): CodeIgniter\View\View->render('viewPostPartici...', Array, true)
#6 C:\Users\Kanokphon\Desktop\FriendZone\app\Controllers\UserController.php(356): view('viewPostPartici...')
#7 C:\Users\Kanokphon\Desktop\FriendZone\system\CodeIgniter.php(825): App\Controllers\UserController->viewPostPaticActive()
#8 C:\Users\Kanokphon\Desktop\FriendZone\system\CodeIgniter.php(412): CodeIgniter\CodeIgniter->runController(Object(App\Controllers\UserController))
#9 C:\Users\Kanokphon\Desktop\FriendZone\system\CodeIgniter.php(320): CodeIgniter\CodeIgniter->handleRequest(NULL, Object(Config\Cache), false)
#10 C:\Users\Kanokphon\Desktop\FriendZone\public\index.php(37): CodeIgniter\CodeIgniter->run()
#11 C:\Users\Kanokphon\Desktop\FriendZone\system\Commands\Server\rewrite.php(43): require_once('C:\\Users\\Kanokp...')
#12 {main}
CRITICAL - 2022-06-17 00:14:39 --> Undefined variable $parts
#0 C:\Users\Kanokphon\Desktop\FriendZone\app\Views\components\notification.php(65): CodeIgniter\Debug\Exceptions->errorHandler(2, 'Undefined varia...', 'C:\\Users\\Kanokp...', 65)
#1 C:\Users\Kanokphon\Desktop\FriendZone\app\Views\components\navUser.php(77): require('C:\\Users\\Kanokp...')
#2 C:\Users\Kanokphon\Desktop\FriendZone\app\Views\viewPostParticipate.php(49): require('C:\\Users\\Kanokp...')
#3 C:\Users\Kanokphon\Desktop\FriendZone\system\View\View.php(210): include('C:\\Users\\Kanokp...')
#4 C:\Users\Kanokphon\Desktop\FriendZone\system\View\View.php(213): CodeIgniter\View\View->CodeIgniter\View\{closure}()
#5 C:\Users\Kanokphon\Desktop\FriendZone\system\Common.php(1089): CodeIgniter\View\View->render('viewPostPartici...', Array, true)
#6 C:\Users\Kanokphon\Desktop\FriendZone\app\Controllers\UserController.php(359): view('viewPostPartici...')
#7 C:\Users\Kanokphon\Desktop\FriendZone\system\CodeIgniter.php(825): App\Controllers\UserController->viewPostPaticActive()
#8 C:\Users\Kanokphon\Desktop\FriendZone\system\CodeIgniter.php(412): CodeIgniter\CodeIgniter->runController(Object(App\Controllers\UserController))
#9 C:\Users\Kanokphon\Desktop\FriendZone\system\CodeIgniter.php(320): CodeIgniter\CodeIgniter->handleRequest(NULL, Object(Config\Cache), false)
#10 C:\Users\Kanokphon\Desktop\FriendZone\public\index.php(37): CodeIgniter\CodeIgniter->run()
#11 C:\Users\Kanokphon\Desktop\FriendZone\system\Commands\Server\rewrite.php(43): require_once('C:\\Users\\Kanokp...')
#12 {main}
CRITICAL - 2022-06-17 00:15:01 --> Undefined variable $notics
#0 C:\Users\Kanokphon\Desktop\FriendZone\app\Views\components\notification.php(103): CodeIgniter\Debug\Exceptions->errorHandler(2, 'Undefined varia...', 'C:\\Users\\Kanokp...', 103)
#1 C:\Users\Kanokphon\Desktop\FriendZone\app\Views\components\navUser.php(77): require('C:\\Users\\Kanokp...')
#2 C:\Users\Kanokphon\Desktop\FriendZone\app\Views\viewPostParticipate.php(49): require('C:\\Users\\Kanokp...')
#3 C:\Users\Kanokphon\Desktop\FriendZone\system\View\View.php(210): include('C:\\Users\\Kanokp...')
#4 C:\Users\Kanokphon\Desktop\FriendZone\system\View\View.php(213): CodeIgniter\View\View->CodeIgniter\View\{closure}()
#5 C:\Users\Kanokphon\Desktop\FriendZone\system\Common.php(1089): CodeIgniter\View\View->render('viewPostPartici...', Array, true)
#6 C:\Users\Kanokphon\Desktop\FriendZone\app\Controllers\UserController.php(361): view('viewPostPartici...', Array)
#7 C:\Users\Kanokphon\Desktop\FriendZone\system\CodeIgniter.php(825): App\Controllers\UserController->viewPostPaticActive()
#8 C:\Users\Kanokphon\Desktop\FriendZone\system\CodeIgniter.php(412): CodeIgniter\CodeIgniter->runController(Object(App\Controllers\UserController))
#9 C:\Users\Kanokphon\Desktop\FriendZone\system\CodeIgniter.php(320): CodeIgniter\CodeIgniter->handleRequest(NULL, Object(Config\Cache), false)
#10 C:\Users\Kanokphon\Desktop\FriendZone\public\index.php(37): CodeIgniter\CodeIgniter->run()
#11 C:\Users\Kanokphon\Desktop\FriendZone\system\Commands\Server\rewrite.php(43): require_once('C:\\Users\\Kanokp...')
#12 {main}
CRITICAL - 2022-06-17 00:18:23 --> Undefined variable $categorys
#0 C:\Users\Kanokphon\Desktop\FriendZone\app\Views\components\cardTrip.php(5): CodeIgniter\Debug\Exceptions->errorHandler(2, 'Undefined varia...', 'C:\\Users\\Kanokp...', 5)
#1 C:\Users\Kanokphon\Desktop\FriendZone\app\Views\viewPostParticipate.php(56): require('C:\\Users\\Kanokp...')
#2 C:\Users\Kanokphon\Desktop\FriendZone\system\View\View.php(210): include('C:\\Users\\Kanokp...')
#3 C:\Users\Kanokphon\Desktop\FriendZone\system\View\View.php(213): CodeIgniter\View\View->CodeIgniter\View\{closure}()
#4 C:\Users\Kanokphon\Desktop\FriendZone\system\Common.php(1089): CodeIgniter\View\View->render('viewPostPartici...', Array, true)
#5 C:\Users\Kanokphon\Desktop\FriendZone\app\Controllers\UserController.php(363): view('viewPostPartici...', Array)
#6 C:\Users\Kanokphon\Desktop\FriendZone\system\CodeIgniter.php(825): App\Controllers\UserController->viewPostPaticActive()
#7 C:\Users\Kanokphon\Desktop\FriendZone\system\CodeIgniter.php(412): CodeIgniter\CodeIgniter->runController(Object(App\Controllers\UserController))
#8 C:\Users\Kanokphon\Desktop\FriendZone\system\CodeIgniter.php(320): CodeIgniter\CodeIgniter->handleRequest(NULL, Object(Config\Cache), false)
#9 C:\Users\Kanokphon\Desktop\FriendZone\public\index.php(37): CodeIgniter\CodeIgniter->run()
#10 C:\Users\Kanokphon\Desktop\FriendZone\system\Commands\Server\rewrite.php(43): require_once('C:\\Users\\Kanokp...')
#11 {main}
CRITICAL - 2022-06-17 00:57:42 --> syntax error, unexpected token "public"
#0 C:\Users\Kanokphon\Desktop\FriendZone\system\Router\Router.php(175): CodeIgniter\Router\Router->autoRoute('PostController/...')
#1 C:\Users\Kanokphon\Desktop\FriendZone\system\CodeIgniter.php(719): CodeIgniter\Router\Router->handle('PostController/...')
#2 C:\Users\Kanokphon\Desktop\FriendZone\system\CodeIgniter.php(361): CodeIgniter\CodeIgniter->tryToRouteIt(Object(CodeIgniter\Router\RouteCollection))
#3 C:\Users\Kanokphon\Desktop\FriendZone\system\CodeIgniter.php(320): CodeIgniter\CodeIgniter->handleRequest(NULL, Object(Config\Cache), false)
#4 C:\Users\Kanokphon\Desktop\FriendZone\public\index.php(37): CodeIgniter\CodeIgniter->run()
#5 C:\Users\Kanokphon\Desktop\FriendZone\system\Commands\Server\rewrite.php(43): require_once('C:\\Users\\Kanokp...')
#6 {main}
CRITICAL - 2022-06-17 01:11:57 --> Call to undefined method App\Models\PostModel::create
#0 C:\Users\Kanokphon\Desktop\FriendZone\app\Models\PostModel.php(38): CodeIgniter\Model->__call('create', Array)
#1 C:\Users\Kanokphon\Desktop\FriendZone\app\Controllers\PostController.php(67): App\Models\PostModel->createpost(Array)
#2 C:\Users\Kanokphon\Desktop\FriendZone\system\CodeIgniter.php(825): App\Controllers\PostController->createpost()
#3 C:\Users\Kanokphon\Desktop\FriendZone\system\CodeIgniter.php(412): CodeIgniter\CodeIgniter->runController(Object(App\Controllers\PostController))
#4 C:\Users\Kanokphon\Desktop\FriendZone\system\CodeIgniter.php(320): CodeIgniter\CodeIgniter->handleRequest(NULL, Object(Config\Cache), false)
#5 C:\Users\Kanokphon\Desktop\FriendZone\public\index.php(37): CodeIgniter\CodeIgniter->run()
#6 C:\Users\Kanokphon\Desktop\FriendZone\system\Commands\Server\rewrite.php(43): require_once('C:\\Users\\Kanokp...')
#7 {main}
CRITICAL - 2022-06-17 01:20:10 --> Undefined variable $partsProfile
#0 C:\Users\Kanokphon\Desktop\FriendZone\app\Views\components\postParticActive.php(49): CodeIgniter\Debug\Exceptions->errorHandler(2, 'Undefined varia...', 'C:\\Users\\Kanokp...', 49)
#1 C:\Users\Kanokphon\Desktop\FriendZone\app\Views\viewPostParticipate.php(60): require('C:\\Users\\Kanokp...')
#2 C:\Users\Kanokphon\Desktop\FriendZone\system\View\View.php(210): include('C:\\Users\\Kanokp...')
#3 C:\Users\Kanokphon\Desktop\FriendZone\system\View\View.php(213): CodeIgniter\View\View->CodeIgniter\View\{closure}()
#4 C:\Users\Kanokphon\Desktop\FriendZone\system\Common.php(1089): CodeIgniter\View\View->render('viewPostPartici...', Array, true)
#5 C:\Users\Kanokphon\Desktop\FriendZone\app\Controllers\UserController.php(366): view('viewPostPartici...', Array)
#6 C:\Users\Kanokphon\Desktop\FriendZone\system\CodeIgniter.php(825): App\Controllers\UserController->viewPostPaticActive()
#7 C:\Users\Kanokphon\Desktop\FriendZone\system\CodeIgniter.php(412): CodeIgniter\CodeIgniter->runController(Object(App\Controllers\UserController))
#8 C:\Users\Kanokphon\Desktop\FriendZone\system\CodeIgniter.php(320): CodeIgniter\CodeIgniter->handleRequest(NULL, Object(Config\Cache), false)
#9 C:\Users\Kanokphon\Desktop\FriendZone\public\index.php(37): CodeIgniter\CodeIgniter->run()
#10 C:\Users\Kanokphon\Desktop\FriendZone\system\Commands\Server\rewrite.php(43): require_once('C:\\Users\\Kanokp...')
#11 {main}
CRITICAL - 2022-06-17 01:20:28 --> Undefined variable $partsProfile
#0 C:\Users\Kanokphon\Desktop\FriendZone\app\Views\components\postParticActive.php(49): CodeIgniter\Debug\Exceptions->errorHandler(2, 'Undefined varia...', 'C:\\Users\\Kanokp...', 49)
#1 C:\Users\Kanokphon\Desktop\FriendZone\app\Views\viewPostParticipate.php(60): require('C:\\Users\\Kanokp...')
#2 C:\Users\Kanokphon\Desktop\FriendZone\system\View\View.php(210): include('C:\\Users\\Kanokp...')
#3 C:\Users\Kanokphon\Desktop\FriendZone\system\View\View.php(213): CodeIgniter\View\View->CodeIgniter\View\{closure}()
#4 C:\Users\Kanokphon\Desktop\FriendZone\system\Common.php(1089): CodeIgniter\View\View->render('viewPostPartici...', Array, true)
#5 C:\Users\Kanokphon\Desktop\FriendZone\app\Controllers\UserController.php(366): view('viewPostPartici...', Array)
#6 C:\Users\Kanokphon\Desktop\FriendZone\system\CodeIgniter.php(825): App\Controllers\UserController->viewPostPaticActive()
#7 C:\Users\Kanokphon\Desktop\FriendZone\system\CodeIgniter.php(412): CodeIgniter\CodeIgniter->runController(Object(App\Controllers\UserController))
#8 C:\Users\Kanokphon\Desktop\FriendZone\system\CodeIgniter.php(320): CodeIgniter\CodeIgniter->handleRequest(NULL, Object(Config\Cache), false)
#9 C:\Users\Kanokphon\Desktop\FriendZone\public\index.php(37): CodeIgniter\CodeIgniter->run()
#10 C:\Users\Kanokphon\Desktop\FriendZone\system\Commands\Server\rewrite.php(43): require_once('C:\\Users\\Kanokp...')
#11 {main}
CRITICAL - 2022-06-17 01:20:38 --> Undefined variable $comments
#0 C:\Users\Kanokphon\Desktop\FriendZone\app\Views\components\postParticActive.php(81): CodeIgniter\Debug\Exceptions->errorHandler(2, 'Undefined varia...', 'C:\\Users\\Kanokp...', 81)
#1 C:\Users\Kanokphon\Desktop\FriendZone\app\Views\viewPostParticipate.php(60): require('C:\\Users\\Kanokp...')
#2 C:\Users\Kanokphon\Desktop\FriendZone\system\View\View.php(210): include('C:\\Users\\Kanokp...')
#3 C:\Users\Kanokphon\Desktop\FriendZone\system\View\View.php(213): CodeIgniter\View\View->CodeIgniter\View\{closure}()
#4 C:\Users\Kanokphon\Desktop\FriendZone\system\Common.php(1089): CodeIgniter\View\View->render('viewPostPartici...', Array, true)
#5 C:\Users\Kanokphon\Desktop\FriendZone\app\Controllers\UserController.php(367): view('viewPostPartici...', Array)
#6 C:\Users\Kanokphon\Desktop\FriendZone\system\CodeIgniter.php(825): App\Controllers\UserController->viewPostPaticActive()
#7 C:\Users\Kanokphon\Desktop\FriendZone\system\CodeIgniter.php(412): CodeIgniter\CodeIgniter->runController(Object(App\Controllers\UserController))
#8 C:\Users\Kanokphon\Desktop\FriendZone\system\CodeIgniter.php(320): CodeIgniter\CodeIgniter->handleRequest(NULL, Object(Config\Cache), false)
#9 C:\Users\Kanokphon\Desktop\FriendZone\public\index.php(37): CodeIgniter\CodeIgniter->run()
#10 C:\Users\Kanokphon\Desktop\FriendZone\system\Commands\Server\rewrite.php(43): require_once('C:\\Users\\Kanokp...')
#11 {main}
