CRITICAL - 2022-05-09 01:45:26 --> Undefined array key 0
#0 C:\Users\Kanokphon\Desktop\FriendZone\app\Views\components\cardProfile.php(38): CodeIgniter\Debug\Exceptions->errorHandler(2, 'Undefined array...', 'C:\\Users\\Kanokp...', 38)
#1 C:\Users\Kanokphon\Desktop\FriendZone\app\Views\showdata.php(46): require('C:\\Users\\Kanokp...')
#2 C:\Users\Kanokphon\Desktop\FriendZone\system\View\View.php(210): include('C:\\Users\\Kanokp...')
#3 C:\Users\Kanokphon\Desktop\FriendZone\system\View\View.php(213): CodeIgniter\View\View->CodeIgniter\View\{closure}()
#4 C:\Users\Kanokphon\Desktop\FriendZone\system\Common.php(1089): CodeIgniter\View\View->render('showdata', Array, true)
#5 C:\Users\Kanokphon\Desktop\FriendZone\app\Controllers\UserController.php(52): view('showdata', Array)
#6 C:\Users\Kanokphon\Desktop\FriendZone\system\CodeIgniter.php(825): App\Controllers\UserController->showdata()
#7 C:\Users\Kanokphon\Desktop\FriendZone\system\CodeIgniter.php(412): CodeIgniter\CodeIgniter->runController(Object(App\Controllers\UserController))
#8 C:\Users\Kanokphon\Desktop\FriendZone\system\CodeIgniter.php(320): CodeIgniter\CodeIgniter->handleRequest(NULL, Object(Config\Cache), false)
#9 C:\Users\Kanokphon\Desktop\FriendZone\public\index.php(37): CodeIgniter\CodeIgniter->run()
#10 C:\Users\Kanokphon\Desktop\FriendZone\system\Commands\Server\rewrite.php(43): require_once('C:\\Users\\Kanokp...')
#11 {main}
CRITICAL - 2022-05-09 01:45:30 --> Undefined array key 0
#0 C:\Users\Kanokphon\Desktop\FriendZone\app\Views\components\cardProfile.php(38): CodeIgniter\Debug\Exceptions->errorHandler(2, 'Undefined array...', 'C:\\Users\\Kanokp...', 38)
#1 C:\Users\Kanokphon\Desktop\FriendZone\app\Views\showdata.php(46): require('C:\\Users\\Kanokp...')
#2 C:\Users\Kanokphon\Desktop\FriendZone\system\View\View.php(210): include('C:\\Users\\Kanokp...')
#3 C:\Users\Kanokphon\Desktop\FriendZone\system\View\View.php(213): CodeIgniter\View\View->CodeIgniter\View\{closure}()
#4 C:\Users\Kanokphon\Desktop\FriendZone\system\Common.php(1089): CodeIgniter\View\View->render('showdata', Array, true)
#5 C:\Users\Kanokphon\Desktop\FriendZone\app\Controllers\UserController.php(52): view('showdata', Array)
#6 C:\Users\Kanokphon\Desktop\FriendZone\system\CodeIgniter.php(825): App\Controllers\UserController->showdata()
#7 C:\Users\Kanokphon\Desktop\FriendZone\system\CodeIgniter.php(412): CodeIgniter\CodeIgniter->runController(Object(App\Controllers\UserController))
#8 C:\Users\Kanokphon\Desktop\FriendZone\system\CodeIgniter.php(320): CodeIgniter\CodeIgniter->handleRequest(NULL, Object(Config\Cache), false)
#9 C:\Users\Kanokphon\Desktop\FriendZone\public\index.php(37): CodeIgniter\CodeIgniter->run()
#10 C:\Users\Kanokphon\Desktop\FriendZone\system\Commands\Server\rewrite.php(43): require_once('C:\\Users\\Kanokp...')
#11 {main}
CRITICAL - 2022-05-09 01:53:56 --> Undefined variable $post
#0 C:\Users\Kanokphon\Desktop\FriendZone\app\Views\components\cardReport.php(7): CodeIgniter\Debug\Exceptions->errorHandler(2, 'Undefined varia...', 'C:\\Users\\Kanokp...', 7)
#1 C:\Users\Kanokphon\Desktop\FriendZone\app\Views\report.php(32): require('C:\\Users\\Kanokp...')
#2 C:\Users\Kanokphon\Desktop\FriendZone\system\View\View.php(210): include('C:\\Users\\Kanokp...')
#3 C:\Users\Kanokphon\Desktop\FriendZone\system\View\View.php(213): CodeIgniter\View\View->CodeIgniter\View\{closure}()
#4 C:\Users\Kanokphon\Desktop\FriendZone\system\Common.php(1089): CodeIgniter\View\View->render('report', Array, true)
#5 C:\Users\Kanokphon\Desktop\FriendZone\app\Controllers\UserController.php(263): view('report', Array)
#6 C:\Users\Kanokphon\Desktop\FriendZone\system\CodeIgniter.php(825): App\Controllers\UserController->report('5')
#7 C:\Users\Kanokphon\Desktop\FriendZone\system\CodeIgniter.php(412): CodeIgniter\CodeIgniter->runController(Object(App\Controllers\UserController))
#8 C:\Users\Kanokphon\Desktop\FriendZone\system\CodeIgniter.php(320): CodeIgniter\CodeIgniter->handleRequest(NULL, Object(Config\Cache), false)
#9 C:\Users\Kanokphon\Desktop\FriendZone\public\index.php(37): CodeIgniter\CodeIgniter->run()
#10 C:\Users\Kanokphon\Desktop\FriendZone\system\Commands\Server\rewrite.php(43): require_once('C:\\Users\\Kanokp...')
#11 {main}
