CRITICAL - 2022-03-23 02:59:39 --> Undefined variable $session
#0 C:\Users\Kanokphon\Desktop\FriendZone\app\Views\components\post.php(89): CodeIgniter\Debug\Exceptions->errorHandler(2, 'Undefined varia...', 'C:\\Users\\Kanokp...', 89)
#1 C:\Users\Kanokphon\Desktop\FriendZone\app\Views\home.php(27): require('C:\\Users\\Kanokp...')
#2 C:\Users\Kanokphon\Desktop\FriendZone\system\View\View.php(210): include('C:\\Users\\Kanokp...')
#3 C:\Users\Kanokphon\Desktop\FriendZone\system\View\View.php(213): CodeIgniter\View\View->CodeIgniter\View\{closure}()
#4 C:\Users\Kanokphon\Desktop\FriendZone\system\Common.php(1089): CodeIgniter\View\View->render('home', Array, true)
#5 C:\Users\Kanokphon\Desktop\FriendZone\app\Controllers\PostController.php(29): view('home', Array)
#6 C:\Users\Kanokphon\Desktop\FriendZone\system\CodeIgniter.php(825): App\Controllers\PostController->viewPost()
#7 C:\Users\Kanokphon\Desktop\FriendZone\system\CodeIgniter.php(412): CodeIgniter\CodeIgniter->runController(Object(App\Controllers\PostController))
#8 C:\Users\Kanokphon\Desktop\FriendZone\system\CodeIgniter.php(320): CodeIgniter\CodeIgniter->handleRequest(NULL, Object(Config\Cache), false)
#9 C:\Users\Kanokphon\Desktop\FriendZone\public\index.php(37): CodeIgniter\CodeIgniter->run()
#10 C:\Users\Kanokphon\Desktop\FriendZone\system\Commands\Server\rewrite.php(43): require_once('C:\\Users\\Kanokp...')
#11 {main}
CRITICAL - 2022-03-23 03:00:56 --> Undefined variable $session
#0 C:\Users\Kanokphon\Desktop\FriendZone\app\Views\components\post.php(9): CodeIgniter\Debug\Exceptions->errorHandler(2, 'Undefined varia...', 'C:\\Users\\Kanokp...', 9)
#1 C:\Users\Kanokphon\Desktop\FriendZone\app\Views\home.php(27): require('C:\\Users\\Kanokp...')
#2 C:\Users\Kanokphon\Desktop\FriendZone\system\View\View.php(210): include('C:\\Users\\Kanokp...')
#3 C:\Users\Kanokphon\Desktop\FriendZone\system\View\View.php(213): CodeIgniter\View\View->CodeIgniter\View\{closure}()
#4 C:\Users\Kanokphon\Desktop\FriendZone\system\Common.php(1089): CodeIgniter\View\View->render('home', Array, true)
#5 C:\Users\Kanokphon\Desktop\FriendZone\app\Controllers\PostController.php(29): view('home', Array)
#6 C:\Users\Kanokphon\Desktop\FriendZone\system\CodeIgniter.php(825): App\Controllers\PostController->viewPost()
#7 C:\Users\Kanokphon\Desktop\FriendZone\system\CodeIgniter.php(412): CodeIgniter\CodeIgniter->runController(Object(App\Controllers\PostController))
#8 C:\Users\Kanokphon\Desktop\FriendZone\system\CodeIgniter.php(320): CodeIgniter\CodeIgniter->handleRequest(NULL, Object(Config\Cache), false)
#9 C:\Users\Kanokphon\Desktop\FriendZone\public\index.php(37): CodeIgniter\CodeIgniter->run()
#10 C:\Users\Kanokphon\Desktop\FriendZone\system\Commands\Server\rewrite.php(43): require_once('C:\\Users\\Kanokp...')
#11 {main}
CRITICAL - 2022-03-23 03:03:49 --> Undefined variable $comments
#0 C:\Users\Kanokphon\Desktop\FriendZone\app\Views\components\postUser.php(79): CodeIgniter\Debug\Exceptions->errorHandler(2, 'Undefined varia...', 'C:\\Users\\Kanokp...', 79)
#1 C:\Users\Kanokphon\Desktop\FriendZone\app\Views\showdata.php(50): require('C:\\Users\\Kanokp...')
#2 C:\Users\Kanokphon\Desktop\FriendZone\system\View\View.php(210): include('C:\\Users\\Kanokp...')
#3 C:\Users\Kanokphon\Desktop\FriendZone\system\View\View.php(213): CodeIgniter\View\View->CodeIgniter\View\{closure}()
#4 C:\Users\Kanokphon\Desktop\FriendZone\system\Common.php(1089): CodeIgniter\View\View->render('showdata', Array, true)
#5 C:\Users\Kanokphon\Desktop\FriendZone\app\Controllers\UserController.php(106): view('showdata', Array)
#6 C:\Users\Kanokphon\Desktop\FriendZone\system\CodeIgniter.php(825): App\Controllers\UserController->auth()
#7 C:\Users\Kanokphon\Desktop\FriendZone\system\CodeIgniter.php(412): CodeIgniter\CodeIgniter->runController(Object(App\Controllers\UserController))
#8 C:\Users\Kanokphon\Desktop\FriendZone\system\CodeIgniter.php(320): CodeIgniter\CodeIgniter->handleRequest(NULL, Object(Config\Cache), false)
#9 C:\Users\Kanokphon\Desktop\FriendZone\public\index.php(37): CodeIgniter\CodeIgniter->run()
#10 C:\Users\Kanokphon\Desktop\FriendZone\system\Commands\Server\rewrite.php(43): require_once('C:\\Users\\Kanokp...')
#11 {main}
CRITICAL - 2022-03-23 03:06:18 --> Undefined variable $session
#0 C:\Users\Kanokphon\Desktop\FriendZone\app\Views\components\post.php(9): CodeIgniter\Debug\Exceptions->errorHandler(2, 'Undefined varia...', 'C:\\Users\\Kanokp...', 9)
#1 C:\Users\Kanokphon\Desktop\FriendZone\app\Views\home.php(27): require('C:\\Users\\Kanokp...')
#2 C:\Users\Kanokphon\Desktop\FriendZone\system\View\View.php(210): include('C:\\Users\\Kanokp...')
#3 C:\Users\Kanokphon\Desktop\FriendZone\system\View\View.php(213): CodeIgniter\View\View->CodeIgniter\View\{closure}()
#4 C:\Users\Kanokphon\Desktop\FriendZone\system\Common.php(1089): CodeIgniter\View\View->render('home', Array, true)
#5 C:\Users\Kanokphon\Desktop\FriendZone\app\Controllers\PostController.php(29): view('home', Array)
#6 C:\Users\Kanokphon\Desktop\FriendZone\system\CodeIgniter.php(825): App\Controllers\PostController->viewPost()
#7 C:\Users\Kanokphon\Desktop\FriendZone\system\CodeIgniter.php(412): CodeIgniter\CodeIgniter->runController(Object(App\Controllers\PostController))
#8 C:\Users\Kanokphon\Desktop\FriendZone\system\CodeIgniter.php(320): CodeIgniter\CodeIgniter->handleRequest(NULL, Object(Config\Cache), false)
#9 C:\Users\Kanokphon\Desktop\FriendZone\public\index.php(37): CodeIgniter\CodeIgniter->run()
#10 C:\Users\Kanokphon\Desktop\FriendZone\system\Commands\Server\rewrite.php(43): require_once('C:\\Users\\Kanokp...')
#11 {main}
CRITICAL - 2022-03-23 03:06:42 --> Undefined variable $session
#0 C:\Users\Kanokphon\Desktop\FriendZone\app\Views\components\post.php(81): CodeIgniter\Debug\Exceptions->errorHandler(2, 'Undefined varia...', 'C:\\Users\\Kanokp...', 81)
#1 C:\Users\Kanokphon\Desktop\FriendZone\app\Views\home.php(27): require('C:\\Users\\Kanokp...')
#2 C:\Users\Kanokphon\Desktop\FriendZone\system\View\View.php(210): include('C:\\Users\\Kanokp...')
#3 C:\Users\Kanokphon\Desktop\FriendZone\system\View\View.php(213): CodeIgniter\View\View->CodeIgniter\View\{closure}()
#4 C:\Users\Kanokphon\Desktop\FriendZone\system\Common.php(1089): CodeIgniter\View\View->render('home', Array, true)
#5 C:\Users\Kanokphon\Desktop\FriendZone\app\Controllers\PostController.php(29): view('home', Array)
#6 C:\Users\Kanokphon\Desktop\FriendZone\system\CodeIgniter.php(825): App\Controllers\PostController->viewPost()
#7 C:\Users\Kanokphon\Desktop\FriendZone\system\CodeIgniter.php(412): CodeIgniter\CodeIgniter->runController(Object(App\Controllers\PostController))
#8 C:\Users\Kanokphon\Desktop\FriendZone\system\CodeIgniter.php(320): CodeIgniter\CodeIgniter->handleRequest(NULL, Object(Config\Cache), false)
#9 C:\Users\Kanokphon\Desktop\FriendZone\public\index.php(37): CodeIgniter\CodeIgniter->run()
#10 C:\Users\Kanokphon\Desktop\FriendZone\system\Commands\Server\rewrite.php(43): require_once('C:\\Users\\Kanokp...')
#11 {main}
CRITICAL - 2022-03-23 03:06:43 --> Undefined variable $session
#0 C:\Users\Kanokphon\Desktop\FriendZone\app\Views\components\post.php(81): CodeIgniter\Debug\Exceptions->errorHandler(2, 'Undefined varia...', 'C:\\Users\\Kanokp...', 81)
#1 C:\Users\Kanokphon\Desktop\FriendZone\app\Views\home.php(27): require('C:\\Users\\Kanokp...')
#2 C:\Users\Kanokphon\Desktop\FriendZone\system\View\View.php(210): include('C:\\Users\\Kanokp...')
#3 C:\Users\Kanokphon\Desktop\FriendZone\system\View\View.php(213): CodeIgniter\View\View->CodeIgniter\View\{closure}()
#4 C:\Users\Kanokphon\Desktop\FriendZone\system\Common.php(1089): CodeIgniter\View\View->render('home', Array, true)
#5 C:\Users\Kanokphon\Desktop\FriendZone\app\Controllers\PostController.php(29): view('home', Array)
#6 C:\Users\Kanokphon\Desktop\FriendZone\system\CodeIgniter.php(825): App\Controllers\PostController->viewPost()
#7 C:\Users\Kanokphon\Desktop\FriendZone\system\CodeIgniter.php(412): CodeIgniter\CodeIgniter->runController(Object(App\Controllers\PostController))
#8 C:\Users\Kanokphon\Desktop\FriendZone\system\CodeIgniter.php(320): CodeIgniter\CodeIgniter->handleRequest(NULL, Object(Config\Cache), false)
#9 C:\Users\Kanokphon\Desktop\FriendZone\public\index.php(37): CodeIgniter\CodeIgniter->run()
#10 C:\Users\Kanokphon\Desktop\FriendZone\system\Commands\Server\rewrite.php(43): require_once('C:\\Users\\Kanokp...')
#11 {main}
CRITICAL - 2022-03-23 03:08:07 --> Undefined variable $posts
#0 C:\Users\Kanokphon\Desktop\FriendZone\app\Views\components\post.php(2): CodeIgniter\Debug\Exceptions->errorHandler(2, 'Undefined varia...', 'C:\\Users\\Kanokp...', 2)
#1 C:\Users\Kanokphon\Desktop\FriendZone\app\Views\home.php(27): require('C:\\Users\\Kanokp...')
#2 C:\Users\Kanokphon\Desktop\FriendZone\system\View\View.php(210): include('C:\\Users\\Kanokp...')
#3 C:\Users\Kanokphon\Desktop\FriendZone\system\View\View.php(213): CodeIgniter\View\View->CodeIgniter\View\{closure}()
#4 C:\Users\Kanokphon\Desktop\FriendZone\system\Common.php(1089): CodeIgniter\View\View->render('home', Array, true)
#5 C:\Users\Kanokphon\Desktop\FriendZone\app\Controllers\Home.php(9): view('home')
#6 C:\Users\Kanokphon\Desktop\FriendZone\system\CodeIgniter.php(825): App\Controllers\Home->index()
#7 C:\Users\Kanokphon\Desktop\FriendZone\system\CodeIgniter.php(412): CodeIgniter\CodeIgniter->runController(Object(App\Controllers\Home))
#8 C:\Users\Kanokphon\Desktop\FriendZone\system\CodeIgniter.php(320): CodeIgniter\CodeIgniter->handleRequest(NULL, Object(Config\Cache), false)
#9 C:\Users\Kanokphon\Desktop\FriendZone\public\index.php(37): CodeIgniter\CodeIgniter->run()
#10 C:\Users\Kanokphon\Desktop\FriendZone\system\Commands\Server\rewrite.php(43): require_once('C:\\Users\\Kanokp...')
#11 {main}
CRITICAL - 2022-03-23 03:10:30 --> Undefined variable $session
#0 C:\Users\Kanokphon\Desktop\FriendZone\app\Views\components\post.php(9): CodeIgniter\Debug\Exceptions->errorHandler(2, 'Undefined varia...', 'C:\\Users\\Kanokp...', 9)
#1 C:\Users\Kanokphon\Desktop\FriendZone\app\Views\home.php(27): require('C:\\Users\\Kanokp...')
#2 C:\Users\Kanokphon\Desktop\FriendZone\system\View\View.php(210): include('C:\\Users\\Kanokp...')
#3 C:\Users\Kanokphon\Desktop\FriendZone\system\View\View.php(213): CodeIgniter\View\View->CodeIgniter\View\{closure}()
#4 C:\Users\Kanokphon\Desktop\FriendZone\system\Common.php(1089): CodeIgniter\View\View->render('home', Array, true)
#5 C:\Users\Kanokphon\Desktop\FriendZone\app\Controllers\PostController.php(29): view('home', Array)
#6 C:\Users\Kanokphon\Desktop\FriendZone\system\CodeIgniter.php(825): App\Controllers\PostController->viewPost()
#7 C:\Users\Kanokphon\Desktop\FriendZone\system\CodeIgniter.php(412): CodeIgniter\CodeIgniter->runController(Object(App\Controllers\PostController))
#8 C:\Users\Kanokphon\Desktop\FriendZone\system\CodeIgniter.php(320): CodeIgniter\CodeIgniter->handleRequest(NULL, Object(Config\Cache), false)
#9 C:\Users\Kanokphon\Desktop\FriendZone\public\index.php(37): CodeIgniter\CodeIgniter->run()
#10 C:\Users\Kanokphon\Desktop\FriendZone\system\Commands\Server\rewrite.php(43): require_once('C:\\Users\\Kanokp...')
#11 {main}
