CRITICAL - 2022-03-01 00:49:19 --> Undefined variable $session
#0 C:\Users\chana\Downloads\fz\FriendZone\app\Views\components\profile.php(8): CodeIgniter\Debug\Exceptions->errorHandler(2, 'Undefined varia...', 'C:\\Users\\chana\\...', 8)
#1 C:\Users\chana\Downloads\fz\FriendZone\app\Views\editProfile.php(12): require('C:\\Users\\chana\\...')
#2 C:\Users\chana\Downloads\fz\FriendZone\system\View\View.php(210): include('C:\\Users\\chana\\...')
#3 C:\Users\chana\Downloads\fz\FriendZone\system\View\View.php(213): CodeIgniter\View\View->CodeIgniter\View\{closure}()
#4 C:\Users\chana\Downloads\fz\FriendZone\system\Common.php(1089): CodeIgniter\View\View->render('editProfile', Array, true)
#5 C:\Users\chana\Downloads\fz\FriendZone\app\Controllers\UserController.php(37): view('editProfile')
#6 C:\Users\chana\Downloads\fz\FriendZone\system\CodeIgniter.php(825): App\Controllers\UserController->editProfile()
#7 C:\Users\chana\Downloads\fz\FriendZone\system\CodeIgniter.php(412): CodeIgniter\CodeIgniter->runController(Object(App\Controllers\UserController))
#8 C:\Users\chana\Downloads\fz\FriendZone\system\CodeIgniter.php(320): CodeIgniter\CodeIgniter->handleRequest(NULL, Object(Config\Cache), false)
#9 C:\Users\chana\Downloads\fz\FriendZone\public\index.php(37): CodeIgniter\CodeIgniter->run()
#10 C:\Users\chana\Downloads\fz\FriendZone\system\Commands\Server\rewrite.php(43): require_once('C:\\Users\\chana\\...')
#11 {main}
CRITICAL - 2022-03-01 00:51:08 --> Undefined variable $session
#0 C:\Users\chana\Downloads\fz\FriendZone\app\Views\components\profile.php(8): CodeIgniter\Debug\Exceptions->errorHandler(2, 'Undefined varia...', 'C:\\Users\\chana\\...', 8)
#1 C:\Users\chana\Downloads\fz\FriendZone\app\Views\editProfile.php(19): require('C:\\Users\\chana\\...')
#2 C:\Users\chana\Downloads\fz\FriendZone\system\View\View.php(210): include('C:\\Users\\chana\\...')
#3 C:\Users\chana\Downloads\fz\FriendZone\system\View\View.php(213): CodeIgniter\View\View->CodeIgniter\View\{closure}()
#4 C:\Users\chana\Downloads\fz\FriendZone\system\Common.php(1089): CodeIgniter\View\View->render('editProfile', Array, true)
#5 C:\Users\chana\Downloads\fz\FriendZone\app\Controllers\UserController.php(37): view('editProfile')
#6 C:\Users\chana\Downloads\fz\FriendZone\system\CodeIgniter.php(825): App\Controllers\UserController->editProfile()
#7 C:\Users\chana\Downloads\fz\FriendZone\system\CodeIgniter.php(412): CodeIgniter\CodeIgniter->runController(Object(App\Controllers\UserController))
#8 C:\Users\chana\Downloads\fz\FriendZone\system\CodeIgniter.php(320): CodeIgniter\CodeIgniter->handleRequest(NULL, Object(Config\Cache), false)
#9 C:\Users\chana\Downloads\fz\FriendZone\public\index.php(37): CodeIgniter\CodeIgniter->run()
#10 C:\Users\chana\Downloads\fz\FriendZone\system\Commands\Server\rewrite.php(43): require_once('C:\\Users\\chana\\...')
#11 {main}
CRITICAL - 2022-03-01 00:51:09 --> Undefined variable $session
#0 C:\Users\chana\Downloads\fz\FriendZone\app\Views\components\profile.php(8): CodeIgniter\Debug\Exceptions->errorHandler(2, 'Undefined varia...', 'C:\\Users\\chana\\...', 8)
#1 C:\Users\chana\Downloads\fz\FriendZone\app\Views\editProfile.php(19): require('C:\\Users\\chana\\...')
#2 C:\Users\chana\Downloads\fz\FriendZone\system\View\View.php(210): include('C:\\Users\\chana\\...')
#3 C:\Users\chana\Downloads\fz\FriendZone\system\View\View.php(213): CodeIgniter\View\View->CodeIgniter\View\{closure}()
#4 C:\Users\chana\Downloads\fz\FriendZone\system\Common.php(1089): CodeIgniter\View\View->render('editProfile', Array, true)
#5 C:\Users\chana\Downloads\fz\FriendZone\app\Controllers\UserController.php(37): view('editProfile')
#6 C:\Users\chana\Downloads\fz\FriendZone\system\CodeIgniter.php(825): App\Controllers\UserController->editProfile()
#7 C:\Users\chana\Downloads\fz\FriendZone\system\CodeIgniter.php(412): CodeIgniter\CodeIgniter->runController(Object(App\Controllers\UserController))
#8 C:\Users\chana\Downloads\fz\FriendZone\system\CodeIgniter.php(320): CodeIgniter\CodeIgniter->handleRequest(NULL, Object(Config\Cache), false)
#9 C:\Users\chana\Downloads\fz\FriendZone\public\index.php(37): CodeIgniter\CodeIgniter->run()
#10 C:\Users\chana\Downloads\fz\FriendZone\system\Commands\Server\rewrite.php(43): require_once('C:\\Users\\chana\\...')
#11 {main}
CRITICAL - 2022-03-01 00:51:09 --> Undefined variable $session
#0 C:\Users\chana\Downloads\fz\FriendZone\app\Views\components\profile.php(8): CodeIgniter\Debug\Exceptions->errorHandler(2, 'Undefined varia...', 'C:\\Users\\chana\\...', 8)
#1 C:\Users\chana\Downloads\fz\FriendZone\app\Views\editProfile.php(19): require('C:\\Users\\chana\\...')
#2 C:\Users\chana\Downloads\fz\FriendZone\system\View\View.php(210): include('C:\\Users\\chana\\...')
#3 C:\Users\chana\Downloads\fz\FriendZone\system\View\View.php(213): CodeIgniter\View\View->CodeIgniter\View\{closure}()
#4 C:\Users\chana\Downloads\fz\FriendZone\system\Common.php(1089): CodeIgniter\View\View->render('editProfile', Array, true)
#5 C:\Users\chana\Downloads\fz\FriendZone\app\Controllers\UserController.php(37): view('editProfile')
#6 C:\Users\chana\Downloads\fz\FriendZone\system\CodeIgniter.php(825): App\Controllers\UserController->editProfile()
#7 C:\Users\chana\Downloads\fz\FriendZone\system\CodeIgniter.php(412): CodeIgniter\CodeIgniter->runController(Object(App\Controllers\UserController))
#8 C:\Users\chana\Downloads\fz\FriendZone\system\CodeIgniter.php(320): CodeIgniter\CodeIgniter->handleRequest(NULL, Object(Config\Cache), false)
#9 C:\Users\chana\Downloads\fz\FriendZone\public\index.php(37): CodeIgniter\CodeIgniter->run()
#10 C:\Users\chana\Downloads\fz\FriendZone\system\Commands\Server\rewrite.php(43): require_once('C:\\Users\\chana\\...')
#11 {main}
CRITICAL - 2022-03-01 00:51:10 --> Undefined variable $session
#0 C:\Users\chana\Downloads\fz\FriendZone\app\Views\components\profile.php(8): CodeIgniter\Debug\Exceptions->errorHandler(2, 'Undefined varia...', 'C:\\Users\\chana\\...', 8)
#1 C:\Users\chana\Downloads\fz\FriendZone\app\Views\editProfile.php(19): require('C:\\Users\\chana\\...')
#2 C:\Users\chana\Downloads\fz\FriendZone\system\View\View.php(210): include('C:\\Users\\chana\\...')
#3 C:\Users\chana\Downloads\fz\FriendZone\system\View\View.php(213): CodeIgniter\View\View->CodeIgniter\View\{closure}()
#4 C:\Users\chana\Downloads\fz\FriendZone\system\Common.php(1089): CodeIgniter\View\View->render('editProfile', Array, true)
#5 C:\Users\chana\Downloads\fz\FriendZone\app\Controllers\UserController.php(37): view('editProfile')
#6 C:\Users\chana\Downloads\fz\FriendZone\system\CodeIgniter.php(825): App\Controllers\UserController->editProfile()
#7 C:\Users\chana\Downloads\fz\FriendZone\system\CodeIgniter.php(412): CodeIgniter\CodeIgniter->runController(Object(App\Controllers\UserController))
#8 C:\Users\chana\Downloads\fz\FriendZone\system\CodeIgniter.php(320): CodeIgniter\CodeIgniter->handleRequest(NULL, Object(Config\Cache), false)
#9 C:\Users\chana\Downloads\fz\FriendZone\public\index.php(37): CodeIgniter\CodeIgniter->run()
#10 C:\Users\chana\Downloads\fz\FriendZone\system\Commands\Server\rewrite.php(43): require_once('C:\\Users\\chana\\...')
#11 {main}
CRITICAL - 2022-03-01 00:51:10 --> Undefined variable $session
#0 C:\Users\chana\Downloads\fz\FriendZone\app\Views\components\profile.php(8): CodeIgniter\Debug\Exceptions->errorHandler(2, 'Undefined varia...', 'C:\\Users\\chana\\...', 8)
#1 C:\Users\chana\Downloads\fz\FriendZone\app\Views\editProfile.php(19): require('C:\\Users\\chana\\...')
#2 C:\Users\chana\Downloads\fz\FriendZone\system\View\View.php(210): include('C:\\Users\\chana\\...')
#3 C:\Users\chana\Downloads\fz\FriendZone\system\View\View.php(213): CodeIgniter\View\View->CodeIgniter\View\{closure}()
#4 C:\Users\chana\Downloads\fz\FriendZone\system\Common.php(1089): CodeIgniter\View\View->render('editProfile', Array, true)
#5 C:\Users\chana\Downloads\fz\FriendZone\app\Controllers\UserController.php(37): view('editProfile')
#6 C:\Users\chana\Downloads\fz\FriendZone\system\CodeIgniter.php(825): App\Controllers\UserController->editProfile()
#7 C:\Users\chana\Downloads\fz\FriendZone\system\CodeIgniter.php(412): CodeIgniter\CodeIgniter->runController(Object(App\Controllers\UserController))
#8 C:\Users\chana\Downloads\fz\FriendZone\system\CodeIgniter.php(320): CodeIgniter\CodeIgniter->handleRequest(NULL, Object(Config\Cache), false)
#9 C:\Users\chana\Downloads\fz\FriendZone\public\index.php(37): CodeIgniter\CodeIgniter->run()
#10 C:\Users\chana\Downloads\fz\FriendZone\system\Commands\Server\rewrite.php(43): require_once('C:\\Users\\chana\\...')
#11 {main}
CRITICAL - 2022-03-01 00:51:10 --> Undefined variable $session
#0 C:\Users\chana\Downloads\fz\FriendZone\app\Views\components\profile.php(8): CodeIgniter\Debug\Exceptions->errorHandler(2, 'Undefined varia...', 'C:\\Users\\chana\\...', 8)
#1 C:\Users\chana\Downloads\fz\FriendZone\app\Views\editProfile.php(19): require('C:\\Users\\chana\\...')
#2 C:\Users\chana\Downloads\fz\FriendZone\system\View\View.php(210): include('C:\\Users\\chana\\...')
#3 C:\Users\chana\Downloads\fz\FriendZone\system\View\View.php(213): CodeIgniter\View\View->CodeIgniter\View\{closure}()
#4 C:\Users\chana\Downloads\fz\FriendZone\system\Common.php(1089): CodeIgniter\View\View->render('editProfile', Array, true)
#5 C:\Users\chana\Downloads\fz\FriendZone\app\Controllers\UserController.php(37): view('editProfile')
#6 C:\Users\chana\Downloads\fz\FriendZone\system\CodeIgniter.php(825): App\Controllers\UserController->editProfile()
#7 C:\Users\chana\Downloads\fz\FriendZone\system\CodeIgniter.php(412): CodeIgniter\CodeIgniter->runController(Object(App\Controllers\UserController))
#8 C:\Users\chana\Downloads\fz\FriendZone\system\CodeIgniter.php(320): CodeIgniter\CodeIgniter->handleRequest(NULL, Object(Config\Cache), false)
#9 C:\Users\chana\Downloads\fz\FriendZone\public\index.php(37): CodeIgniter\CodeIgniter->run()
#10 C:\Users\chana\Downloads\fz\FriendZone\system\Commands\Server\rewrite.php(43): require_once('C:\\Users\\chana\\...')
#11 {main}
CRITICAL - 2022-03-01 00:52:28 --> Undefined variable $session
#0 C:\Users\chana\Downloads\fz\FriendZone\app\Views\components\profile.php(8): CodeIgniter\Debug\Exceptions->errorHandler(2, 'Undefined varia...', 'C:\\Users\\chana\\...', 8)
#1 C:\Users\chana\Downloads\fz\FriendZone\app\Views\editProfile.php(17): require('C:\\Users\\chana\\...')
#2 C:\Users\chana\Downloads\fz\FriendZone\system\View\View.php(210): include('C:\\Users\\chana\\...')
#3 C:\Users\chana\Downloads\fz\FriendZone\system\View\View.php(213): CodeIgniter\View\View->CodeIgniter\View\{closure}()
#4 C:\Users\chana\Downloads\fz\FriendZone\system\Common.php(1089): CodeIgniter\View\View->render('editProfile', Array, true)
#5 C:\Users\chana\Downloads\fz\FriendZone\app\Controllers\UserController.php(37): view('editProfile')
#6 C:\Users\chana\Downloads\fz\FriendZone\system\CodeIgniter.php(825): App\Controllers\UserController->editProfile()
#7 C:\Users\chana\Downloads\fz\FriendZone\system\CodeIgniter.php(412): CodeIgniter\CodeIgniter->runController(Object(App\Controllers\UserController))
#8 C:\Users\chana\Downloads\fz\FriendZone\system\CodeIgniter.php(320): CodeIgniter\CodeIgniter->handleRequest(NULL, Object(Config\Cache), false)
#9 C:\Users\chana\Downloads\fz\FriendZone\public\index.php(37): CodeIgniter\CodeIgniter->run()
#10 C:\Users\chana\Downloads\fz\FriendZone\system\Commands\Server\rewrite.php(43): require_once('C:\\Users\\chana\\...')
#11 {main}
CRITICAL - 2022-03-01 00:52:28 --> Undefined variable $session
#0 C:\Users\chana\Downloads\fz\FriendZone\app\Views\components\profile.php(8): CodeIgniter\Debug\Exceptions->errorHandler(2, 'Undefined varia...', 'C:\\Users\\chana\\...', 8)
#1 C:\Users\chana\Downloads\fz\FriendZone\app\Views\editProfile.php(17): require('C:\\Users\\chana\\...')
#2 C:\Users\chana\Downloads\fz\FriendZone\system\View\View.php(210): include('C:\\Users\\chana\\...')
#3 C:\Users\chana\Downloads\fz\FriendZone\system\View\View.php(213): CodeIgniter\View\View->CodeIgniter\View\{closure}()
#4 C:\Users\chana\Downloads\fz\FriendZone\system\Common.php(1089): CodeIgniter\View\View->render('editProfile', Array, true)
#5 C:\Users\chana\Downloads\fz\FriendZone\app\Controllers\UserController.php(37): view('editProfile')
#6 C:\Users\chana\Downloads\fz\FriendZone\system\CodeIgniter.php(825): App\Controllers\UserController->editProfile()
#7 C:\Users\chana\Downloads\fz\FriendZone\system\CodeIgniter.php(412): CodeIgniter\CodeIgniter->runController(Object(App\Controllers\UserController))
#8 C:\Users\chana\Downloads\fz\FriendZone\system\CodeIgniter.php(320): CodeIgniter\CodeIgniter->handleRequest(NULL, Object(Config\Cache), false)
#9 C:\Users\chana\Downloads\fz\FriendZone\public\index.php(37): CodeIgniter\CodeIgniter->run()
#10 C:\Users\chana\Downloads\fz\FriendZone\system\Commands\Server\rewrite.php(43): require_once('C:\\Users\\chana\\...')
#11 {main}
CRITICAL - 2022-03-01 00:52:29 --> Undefined variable $session
#0 C:\Users\chana\Downloads\fz\FriendZone\app\Views\components\profile.php(8): CodeIgniter\Debug\Exceptions->errorHandler(2, 'Undefined varia...', 'C:\\Users\\chana\\...', 8)
#1 C:\Users\chana\Downloads\fz\FriendZone\app\Views\editProfile.php(17): require('C:\\Users\\chana\\...')
#2 C:\Users\chana\Downloads\fz\FriendZone\system\View\View.php(210): include('C:\\Users\\chana\\...')
#3 C:\Users\chana\Downloads\fz\FriendZone\system\View\View.php(213): CodeIgniter\View\View->CodeIgniter\View\{closure}()
#4 C:\Users\chana\Downloads\fz\FriendZone\system\Common.php(1089): CodeIgniter\View\View->render('editProfile', Array, true)
#5 C:\Users\chana\Downloads\fz\FriendZone\app\Controllers\UserController.php(37): view('editProfile')
#6 C:\Users\chana\Downloads\fz\FriendZone\system\CodeIgniter.php(825): App\Controllers\UserController->editProfile()
#7 C:\Users\chana\Downloads\fz\FriendZone\system\CodeIgniter.php(412): CodeIgniter\CodeIgniter->runController(Object(App\Controllers\UserController))
#8 C:\Users\chana\Downloads\fz\FriendZone\system\CodeIgniter.php(320): CodeIgniter\CodeIgniter->handleRequest(NULL, Object(Config\Cache), false)
#9 C:\Users\chana\Downloads\fz\FriendZone\public\index.php(37): CodeIgniter\CodeIgniter->run()
#10 C:\Users\chana\Downloads\fz\FriendZone\system\Commands\Server\rewrite.php(43): require_once('C:\\Users\\chana\\...')
#11 {main}
CRITICAL - 2022-03-01 00:52:29 --> Undefined variable $session
#0 C:\Users\chana\Downloads\fz\FriendZone\app\Views\components\profile.php(8): CodeIgniter\Debug\Exceptions->errorHandler(2, 'Undefined varia...', 'C:\\Users\\chana\\...', 8)
#1 C:\Users\chana\Downloads\fz\FriendZone\app\Views\editProfile.php(17): require('C:\\Users\\chana\\...')
#2 C:\Users\chana\Downloads\fz\FriendZone\system\View\View.php(210): include('C:\\Users\\chana\\...')
#3 C:\Users\chana\Downloads\fz\FriendZone\system\View\View.php(213): CodeIgniter\View\View->CodeIgniter\View\{closure}()
#4 C:\Users\chana\Downloads\fz\FriendZone\system\Common.php(1089): CodeIgniter\View\View->render('editProfile', Array, true)
#5 C:\Users\chana\Downloads\fz\FriendZone\app\Controllers\UserController.php(37): view('editProfile')
#6 C:\Users\chana\Downloads\fz\FriendZone\system\CodeIgniter.php(825): App\Controllers\UserController->editProfile()
#7 C:\Users\chana\Downloads\fz\FriendZone\system\CodeIgniter.php(412): CodeIgniter\CodeIgniter->runController(Object(App\Controllers\UserController))
#8 C:\Users\chana\Downloads\fz\FriendZone\system\CodeIgniter.php(320): CodeIgniter\CodeIgniter->handleRequest(NULL, Object(Config\Cache), false)
#9 C:\Users\chana\Downloads\fz\FriendZone\public\index.php(37): CodeIgniter\CodeIgniter->run()
#10 C:\Users\chana\Downloads\fz\FriendZone\system\Commands\Server\rewrite.php(43): require_once('C:\\Users\\chana\\...')
#11 {main}
CRITICAL - 2022-03-01 00:52:29 --> Undefined variable $session
#0 C:\Users\chana\Downloads\fz\FriendZone\app\Views\components\profile.php(8): CodeIgniter\Debug\Exceptions->errorHandler(2, 'Undefined varia...', 'C:\\Users\\chana\\...', 8)
#1 C:\Users\chana\Downloads\fz\FriendZone\app\Views\editProfile.php(17): require('C:\\Users\\chana\\...')
#2 C:\Users\chana\Downloads\fz\FriendZone\system\View\View.php(210): include('C:\\Users\\chana\\...')
#3 C:\Users\chana\Downloads\fz\FriendZone\system\View\View.php(213): CodeIgniter\View\View->CodeIgniter\View\{closure}()
#4 C:\Users\chana\Downloads\fz\FriendZone\system\Common.php(1089): CodeIgniter\View\View->render('editProfile', Array, true)
#5 C:\Users\chana\Downloads\fz\FriendZone\app\Controllers\UserController.php(37): view('editProfile')
#6 C:\Users\chana\Downloads\fz\FriendZone\system\CodeIgniter.php(825): App\Controllers\UserController->editProfile()
#7 C:\Users\chana\Downloads\fz\FriendZone\system\CodeIgniter.php(412): CodeIgniter\CodeIgniter->runController(Object(App\Controllers\UserController))
#8 C:\Users\chana\Downloads\fz\FriendZone\system\CodeIgniter.php(320): CodeIgniter\CodeIgniter->handleRequest(NULL, Object(Config\Cache), false)
#9 C:\Users\chana\Downloads\fz\FriendZone\public\index.php(37): CodeIgniter\CodeIgniter->run()
#10 C:\Users\chana\Downloads\fz\FriendZone\system\Commands\Server\rewrite.php(43): require_once('C:\\Users\\chana\\...')
#11 {main}
CRITICAL - 2022-03-01 00:52:30 --> Undefined variable $session
#0 C:\Users\chana\Downloads\fz\FriendZone\app\Views\components\profile.php(8): CodeIgniter\Debug\Exceptions->errorHandler(2, 'Undefined varia...', 'C:\\Users\\chana\\...', 8)
#1 C:\Users\chana\Downloads\fz\FriendZone\app\Views\editProfile.php(17): require('C:\\Users\\chana\\...')
#2 C:\Users\chana\Downloads\fz\FriendZone\system\View\View.php(210): include('C:\\Users\\chana\\...')
#3 C:\Users\chana\Downloads\fz\FriendZone\system\View\View.php(213): CodeIgniter\View\View->CodeIgniter\View\{closure}()
#4 C:\Users\chana\Downloads\fz\FriendZone\system\Common.php(1089): CodeIgniter\View\View->render('editProfile', Array, true)
#5 C:\Users\chana\Downloads\fz\FriendZone\app\Controllers\UserController.php(37): view('editProfile')
#6 C:\Users\chana\Downloads\fz\FriendZone\system\CodeIgniter.php(825): App\Controllers\UserController->editProfile()
#7 C:\Users\chana\Downloads\fz\FriendZone\system\CodeIgniter.php(412): CodeIgniter\CodeIgniter->runController(Object(App\Controllers\UserController))
#8 C:\Users\chana\Downloads\fz\FriendZone\system\CodeIgniter.php(320): CodeIgniter\CodeIgniter->handleRequest(NULL, Object(Config\Cache), false)
#9 C:\Users\chana\Downloads\fz\FriendZone\public\index.php(37): CodeIgniter\CodeIgniter->run()
#10 C:\Users\chana\Downloads\fz\FriendZone\system\Commands\Server\rewrite.php(43): require_once('C:\\Users\\chana\\...')
#11 {main}
CRITICAL - 2022-03-01 00:52:31 --> Undefined variable $session
#0 C:\Users\chana\Downloads\fz\FriendZone\app\Views\components\profile.php(8): CodeIgniter\Debug\Exceptions->errorHandler(2, 'Undefined varia...', 'C:\\Users\\chana\\...', 8)
#1 C:\Users\chana\Downloads\fz\FriendZone\app\Views\editProfile.php(17): require('C:\\Users\\chana\\...')
#2 C:\Users\chana\Downloads\fz\FriendZone\system\View\View.php(210): include('C:\\Users\\chana\\...')
#3 C:\Users\chana\Downloads\fz\FriendZone\system\View\View.php(213): CodeIgniter\View\View->CodeIgniter\View\{closure}()
#4 C:\Users\chana\Downloads\fz\FriendZone\system\Common.php(1089): CodeIgniter\View\View->render('editProfile', Array, true)
#5 C:\Users\chana\Downloads\fz\FriendZone\app\Controllers\UserController.php(37): view('editProfile')
#6 C:\Users\chana\Downloads\fz\FriendZone\system\CodeIgniter.php(825): App\Controllers\UserController->editProfile()
#7 C:\Users\chana\Downloads\fz\FriendZone\system\CodeIgniter.php(412): CodeIgniter\CodeIgniter->runController(Object(App\Controllers\UserController))
#8 C:\Users\chana\Downloads\fz\FriendZone\system\CodeIgniter.php(320): CodeIgniter\CodeIgniter->handleRequest(NULL, Object(Config\Cache), false)
#9 C:\Users\chana\Downloads\fz\FriendZone\public\index.php(37): CodeIgniter\CodeIgniter->run()
#10 C:\Users\chana\Downloads\fz\FriendZone\system\Commands\Server\rewrite.php(43): require_once('C:\\Users\\chana\\...')
#11 {main}
CRITICAL - 2022-03-01 00:53:18 --> Undefined variable $session
#0 C:\Users\chana\Downloads\fz\FriendZone\app\Views\components\profile.php(8): CodeIgniter\Debug\Exceptions->errorHandler(2, 'Undefined varia...', 'C:\\Users\\chana\\...', 8)
#1 C:\Users\chana\Downloads\fz\FriendZone\app\Views\editProfile.php(18): require('C:\\Users\\chana\\...')
#2 C:\Users\chana\Downloads\fz\FriendZone\system\View\View.php(210): include('C:\\Users\\chana\\...')
#3 C:\Users\chana\Downloads\fz\FriendZone\system\View\View.php(213): CodeIgniter\View\View->CodeIgniter\View\{closure}()
#4 C:\Users\chana\Downloads\fz\FriendZone\system\Common.php(1089): CodeIgniter\View\View->render('editProfile', Array, true)
#5 C:\Users\chana\Downloads\fz\FriendZone\app\Controllers\UserController.php(37): view('editProfile')
#6 C:\Users\chana\Downloads\fz\FriendZone\system\CodeIgniter.php(825): App\Controllers\UserController->editProfile()
#7 C:\Users\chana\Downloads\fz\FriendZone\system\CodeIgniter.php(412): CodeIgniter\CodeIgniter->runController(Object(App\Controllers\UserController))
#8 C:\Users\chana\Downloads\fz\FriendZone\system\CodeIgniter.php(320): CodeIgniter\CodeIgniter->handleRequest(NULL, Object(Config\Cache), false)
#9 C:\Users\chana\Downloads\fz\FriendZone\public\index.php(37): CodeIgniter\CodeIgniter->run()
#10 C:\Users\chana\Downloads\fz\FriendZone\system\Commands\Server\rewrite.php(43): require_once('C:\\Users\\chana\\...')
#11 {main}
CRITICAL - 2022-03-01 00:53:19 --> Undefined variable $session
#0 C:\Users\chana\Downloads\fz\FriendZone\app\Views\components\profile.php(8): CodeIgniter\Debug\Exceptions->errorHandler(2, 'Undefined varia...', 'C:\\Users\\chana\\...', 8)
#1 C:\Users\chana\Downloads\fz\FriendZone\app\Views\editProfile.php(18): require('C:\\Users\\chana\\...')
#2 C:\Users\chana\Downloads\fz\FriendZone\system\View\View.php(210): include('C:\\Users\\chana\\...')
#3 C:\Users\chana\Downloads\fz\FriendZone\system\View\View.php(213): CodeIgniter\View\View->CodeIgniter\View\{closure}()
#4 C:\Users\chana\Downloads\fz\FriendZone\system\Common.php(1089): CodeIgniter\View\View->render('editProfile', Array, true)
#5 C:\Users\chana\Downloads\fz\FriendZone\app\Controllers\UserController.php(37): view('editProfile')
#6 C:\Users\chana\Downloads\fz\FriendZone\system\CodeIgniter.php(825): App\Controllers\UserController->editProfile()
#7 C:\Users\chana\Downloads\fz\FriendZone\system\CodeIgniter.php(412): CodeIgniter\CodeIgniter->runController(Object(App\Controllers\UserController))
#8 C:\Users\chana\Downloads\fz\FriendZone\system\CodeIgniter.php(320): CodeIgniter\CodeIgniter->handleRequest(NULL, Object(Config\Cache), false)
#9 C:\Users\chana\Downloads\fz\FriendZone\public\index.php(37): CodeIgniter\CodeIgniter->run()
#10 C:\Users\chana\Downloads\fz\FriendZone\system\Commands\Server\rewrite.php(43): require_once('C:\\Users\\chana\\...')
#11 {main}
CRITICAL - 2022-03-01 00:53:39 --> Undefined variable $session
#0 C:\Users\chana\Downloads\fz\FriendZone\app\Views\components\profile.php(8): CodeIgniter\Debug\Exceptions->errorHandler(2, 'Undefined varia...', 'C:\\Users\\chana\\...', 8)
#1 C:\Users\chana\Downloads\fz\FriendZone\app\Views\editProfile.php(19): require('C:\\Users\\chana\\...')
#2 C:\Users\chana\Downloads\fz\FriendZone\system\View\View.php(210): include('C:\\Users\\chana\\...')
#3 C:\Users\chana\Downloads\fz\FriendZone\system\View\View.php(213): CodeIgniter\View\View->CodeIgniter\View\{closure}()
#4 C:\Users\chana\Downloads\fz\FriendZone\system\Common.php(1089): CodeIgniter\View\View->render('editProfile', Array, true)
#5 C:\Users\chana\Downloads\fz\FriendZone\app\Controllers\UserController.php(37): view('editProfile')
#6 C:\Users\chana\Downloads\fz\FriendZone\system\CodeIgniter.php(825): App\Controllers\UserController->editProfile()
#7 C:\Users\chana\Downloads\fz\FriendZone\system\CodeIgniter.php(412): CodeIgniter\CodeIgniter->runController(Object(App\Controllers\UserController))
#8 C:\Users\chana\Downloads\fz\FriendZone\system\CodeIgniter.php(320): CodeIgniter\CodeIgniter->handleRequest(NULL, Object(Config\Cache), false)
#9 C:\Users\chana\Downloads\fz\FriendZone\public\index.php(37): CodeIgniter\CodeIgniter->run()
#10 C:\Users\chana\Downloads\fz\FriendZone\system\Commands\Server\rewrite.php(43): require_once('C:\\Users\\chana\\...')
#11 {main}
CRITICAL - 2022-03-01 00:53:39 --> Undefined variable $session
#0 C:\Users\chana\Downloads\fz\FriendZone\app\Views\components\profile.php(8): CodeIgniter\Debug\Exceptions->errorHandler(2, 'Undefined varia...', 'C:\\Users\\chana\\...', 8)
#1 C:\Users\chana\Downloads\fz\FriendZone\app\Views\editProfile.php(19): require('C:\\Users\\chana\\...')
#2 C:\Users\chana\Downloads\fz\FriendZone\system\View\View.php(210): include('C:\\Users\\chana\\...')
#3 C:\Users\chana\Downloads\fz\FriendZone\system\View\View.php(213): CodeIgniter\View\View->CodeIgniter\View\{closure}()
#4 C:\Users\chana\Downloads\fz\FriendZone\system\Common.php(1089): CodeIgniter\View\View->render('editProfile', Array, true)
#5 C:\Users\chana\Downloads\fz\FriendZone\app\Controllers\UserController.php(37): view('editProfile')
#6 C:\Users\chana\Downloads\fz\FriendZone\system\CodeIgniter.php(825): App\Controllers\UserController->editProfile()
#7 C:\Users\chana\Downloads\fz\FriendZone\system\CodeIgniter.php(412): CodeIgniter\CodeIgniter->runController(Object(App\Controllers\UserController))
#8 C:\Users\chana\Downloads\fz\FriendZone\system\CodeIgniter.php(320): CodeIgniter\CodeIgniter->handleRequest(NULL, Object(Config\Cache), false)
#9 C:\Users\chana\Downloads\fz\FriendZone\public\index.php(37): CodeIgniter\CodeIgniter->run()
#10 C:\Users\chana\Downloads\fz\FriendZone\system\Commands\Server\rewrite.php(43): require_once('C:\\Users\\chana\\...')
#11 {main}
CRITICAL - 2022-03-01 00:53:39 --> Undefined variable $session
#0 C:\Users\chana\Downloads\fz\FriendZone\app\Views\components\profile.php(8): CodeIgniter\Debug\Exceptions->errorHandler(2, 'Undefined varia...', 'C:\\Users\\chana\\...', 8)
#1 C:\Users\chana\Downloads\fz\FriendZone\app\Views\editProfile.php(19): require('C:\\Users\\chana\\...')
#2 C:\Users\chana\Downloads\fz\FriendZone\system\View\View.php(210): include('C:\\Users\\chana\\...')
#3 C:\Users\chana\Downloads\fz\FriendZone\system\View\View.php(213): CodeIgniter\View\View->CodeIgniter\View\{closure}()
#4 C:\Users\chana\Downloads\fz\FriendZone\system\Common.php(1089): CodeIgniter\View\View->render('editProfile', Array, true)
#5 C:\Users\chana\Downloads\fz\FriendZone\app\Controllers\UserController.php(37): view('editProfile')
#6 C:\Users\chana\Downloads\fz\FriendZone\system\CodeIgniter.php(825): App\Controllers\UserController->editProfile()
#7 C:\Users\chana\Downloads\fz\FriendZone\system\CodeIgniter.php(412): CodeIgniter\CodeIgniter->runController(Object(App\Controllers\UserController))
#8 C:\Users\chana\Downloads\fz\FriendZone\system\CodeIgniter.php(320): CodeIgniter\CodeIgniter->handleRequest(NULL, Object(Config\Cache), false)
#9 C:\Users\chana\Downloads\fz\FriendZone\public\index.php(37): CodeIgniter\CodeIgniter->run()
#10 C:\Users\chana\Downloads\fz\FriendZone\system\Commands\Server\rewrite.php(43): require_once('C:\\Users\\chana\\...')
#11 {main}
CRITICAL - 2022-03-01 00:53:40 --> Undefined variable $session
#0 C:\Users\chana\Downloads\fz\FriendZone\app\Views\components\profile.php(8): CodeIgniter\Debug\Exceptions->errorHandler(2, 'Undefined varia...', 'C:\\Users\\chana\\...', 8)
#1 C:\Users\chana\Downloads\fz\FriendZone\app\Views\editProfile.php(19): require('C:\\Users\\chana\\...')
#2 C:\Users\chana\Downloads\fz\FriendZone\system\View\View.php(210): include('C:\\Users\\chana\\...')
#3 C:\Users\chana\Downloads\fz\FriendZone\system\View\View.php(213): CodeIgniter\View\View->CodeIgniter\View\{closure}()
#4 C:\Users\chana\Downloads\fz\FriendZone\system\Common.php(1089): CodeIgniter\View\View->render('editProfile', Array, true)
#5 C:\Users\chana\Downloads\fz\FriendZone\app\Controllers\UserController.php(37): view('editProfile')
#6 C:\Users\chana\Downloads\fz\FriendZone\system\CodeIgniter.php(825): App\Controllers\UserController->editProfile()
#7 C:\Users\chana\Downloads\fz\FriendZone\system\CodeIgniter.php(412): CodeIgniter\CodeIgniter->runController(Object(App\Controllers\UserController))
#8 C:\Users\chana\Downloads\fz\FriendZone\system\CodeIgniter.php(320): CodeIgniter\CodeIgniter->handleRequest(NULL, Object(Config\Cache), false)
#9 C:\Users\chana\Downloads\fz\FriendZone\public\index.php(37): CodeIgniter\CodeIgniter->run()
#10 C:\Users\chana\Downloads\fz\FriendZone\system\Commands\Server\rewrite.php(43): require_once('C:\\Users\\chana\\...')
#11 {main}
CRITICAL - 2022-03-01 00:53:40 --> Undefined variable $session
#0 C:\Users\chana\Downloads\fz\FriendZone\app\Views\components\profile.php(8): CodeIgniter\Debug\Exceptions->errorHandler(2, 'Undefined varia...', 'C:\\Users\\chana\\...', 8)
#1 C:\Users\chana\Downloads\fz\FriendZone\app\Views\editProfile.php(19): require('C:\\Users\\chana\\...')
#2 C:\Users\chana\Downloads\fz\FriendZone\system\View\View.php(210): include('C:\\Users\\chana\\...')
#3 C:\Users\chana\Downloads\fz\FriendZone\system\View\View.php(213): CodeIgniter\View\View->CodeIgniter\View\{closure}()
#4 C:\Users\chana\Downloads\fz\FriendZone\system\Common.php(1089): CodeIgniter\View\View->render('editProfile', Array, true)
#5 C:\Users\chana\Downloads\fz\FriendZone\app\Controllers\UserController.php(37): view('editProfile')
#6 C:\Users\chana\Downloads\fz\FriendZone\system\CodeIgniter.php(825): App\Controllers\UserController->editProfile()
#7 C:\Users\chana\Downloads\fz\FriendZone\system\CodeIgniter.php(412): CodeIgniter\CodeIgniter->runController(Object(App\Controllers\UserController))
#8 C:\Users\chana\Downloads\fz\FriendZone\system\CodeIgniter.php(320): CodeIgniter\CodeIgniter->handleRequest(NULL, Object(Config\Cache), false)
#9 C:\Users\chana\Downloads\fz\FriendZone\public\index.php(37): CodeIgniter\CodeIgniter->run()
#10 C:\Users\chana\Downloads\fz\FriendZone\system\Commands\Server\rewrite.php(43): require_once('C:\\Users\\chana\\...')
#11 {main}
CRITICAL - 2022-03-01 00:53:40 --> Undefined variable $session
#0 C:\Users\chana\Downloads\fz\FriendZone\app\Views\components\profile.php(8): CodeIgniter\Debug\Exceptions->errorHandler(2, 'Undefined varia...', 'C:\\Users\\chana\\...', 8)
#1 C:\Users\chana\Downloads\fz\FriendZone\app\Views\editProfile.php(19): require('C:\\Users\\chana\\...')
#2 C:\Users\chana\Downloads\fz\FriendZone\system\View\View.php(210): include('C:\\Users\\chana\\...')
#3 C:\Users\chana\Downloads\fz\FriendZone\system\View\View.php(213): CodeIgniter\View\View->CodeIgniter\View\{closure}()
#4 C:\Users\chana\Downloads\fz\FriendZone\system\Common.php(1089): CodeIgniter\View\View->render('editProfile', Array, true)
#5 C:\Users\chana\Downloads\fz\FriendZone\app\Controllers\UserController.php(37): view('editProfile')
#6 C:\Users\chana\Downloads\fz\FriendZone\system\CodeIgniter.php(825): App\Controllers\UserController->editProfile()
#7 C:\Users\chana\Downloads\fz\FriendZone\system\CodeIgniter.php(412): CodeIgniter\CodeIgniter->runController(Object(App\Controllers\UserController))
#8 C:\Users\chana\Downloads\fz\FriendZone\system\CodeIgniter.php(320): CodeIgniter\CodeIgniter->handleRequest(NULL, Object(Config\Cache), false)
#9 C:\Users\chana\Downloads\fz\FriendZone\public\index.php(37): CodeIgniter\CodeIgniter->run()
#10 C:\Users\chana\Downloads\fz\FriendZone\system\Commands\Server\rewrite.php(43): require_once('C:\\Users\\chana\\...')
#11 {main}
CRITICAL - 2022-03-01 00:54:19 --> Undefined variable $session
#0 C:\Users\chana\Downloads\fz\FriendZone\app\Views\components\profile.php(8): CodeIgniter\Debug\Exceptions->errorHandler(2, 'Undefined varia...', 'C:\\Users\\chana\\...', 8)
#1 C:\Users\chana\Downloads\fz\FriendZone\app\Views\editProfile.php(21): require('C:\\Users\\chana\\...')
#2 C:\Users\chana\Downloads\fz\FriendZone\system\View\View.php(210): include('C:\\Users\\chana\\...')
#3 C:\Users\chana\Downloads\fz\FriendZone\system\View\View.php(213): CodeIgniter\View\View->CodeIgniter\View\{closure}()
#4 C:\Users\chana\Downloads\fz\FriendZone\system\Common.php(1089): CodeIgniter\View\View->render('editProfile', Array, true)
#5 C:\Users\chana\Downloads\fz\FriendZone\app\Controllers\UserController.php(37): view('editProfile')
#6 C:\Users\chana\Downloads\fz\FriendZone\system\CodeIgniter.php(825): App\Controllers\UserController->editProfile()
#7 C:\Users\chana\Downloads\fz\FriendZone\system\CodeIgniter.php(412): CodeIgniter\CodeIgniter->runController(Object(App\Controllers\UserController))
#8 C:\Users\chana\Downloads\fz\FriendZone\system\CodeIgniter.php(320): CodeIgniter\CodeIgniter->handleRequest(NULL, Object(Config\Cache), false)
#9 C:\Users\chana\Downloads\fz\FriendZone\public\index.php(37): CodeIgniter\CodeIgniter->run()
#10 C:\Users\chana\Downloads\fz\FriendZone\system\Commands\Server\rewrite.php(43): require_once('C:\\Users\\chana\\...')
#11 {main}
CRITICAL - 2022-03-01 00:54:19 --> Undefined variable $session
#0 C:\Users\chana\Downloads\fz\FriendZone\app\Views\components\profile.php(8): CodeIgniter\Debug\Exceptions->errorHandler(2, 'Undefined varia...', 'C:\\Users\\chana\\...', 8)
#1 C:\Users\chana\Downloads\fz\FriendZone\app\Views\editProfile.php(21): require('C:\\Users\\chana\\...')
#2 C:\Users\chana\Downloads\fz\FriendZone\system\View\View.php(210): include('C:\\Users\\chana\\...')
#3 C:\Users\chana\Downloads\fz\FriendZone\system\View\View.php(213): CodeIgniter\View\View->CodeIgniter\View\{closure}()
#4 C:\Users\chana\Downloads\fz\FriendZone\system\Common.php(1089): CodeIgniter\View\View->render('editProfile', Array, true)
#5 C:\Users\chana\Downloads\fz\FriendZone\app\Controllers\UserController.php(37): view('editProfile')
#6 C:\Users\chana\Downloads\fz\FriendZone\system\CodeIgniter.php(825): App\Controllers\UserController->editProfile()
#7 C:\Users\chana\Downloads\fz\FriendZone\system\CodeIgniter.php(412): CodeIgniter\CodeIgniter->runController(Object(App\Controllers\UserController))
#8 C:\Users\chana\Downloads\fz\FriendZone\system\CodeIgniter.php(320): CodeIgniter\CodeIgniter->handleRequest(NULL, Object(Config\Cache), false)
#9 C:\Users\chana\Downloads\fz\FriendZone\public\index.php(37): CodeIgniter\CodeIgniter->run()
#10 C:\Users\chana\Downloads\fz\FriendZone\system\Commands\Server\rewrite.php(43): require_once('C:\\Users\\chana\\...')
#11 {main}
CRITICAL - 2022-03-01 00:54:55 --> Undefined variable $session
#0 C:\Users\chana\Downloads\fz\FriendZone\app\Views\components\profile.php(8): CodeIgniter\Debug\Exceptions->errorHandler(2, 'Undefined varia...', 'C:\\Users\\chana\\...', 8)
#1 C:\Users\chana\Downloads\fz\FriendZone\app\Views\editProfile.php(21): require('C:\\Users\\chana\\...')
#2 C:\Users\chana\Downloads\fz\FriendZone\system\View\View.php(210): include('C:\\Users\\chana\\...')
#3 C:\Users\chana\Downloads\fz\FriendZone\system\View\View.php(213): CodeIgniter\View\View->CodeIgniter\View\{closure}()
#4 C:\Users\chana\Downloads\fz\FriendZone\system\Common.php(1089): CodeIgniter\View\View->render('editProfile', Array, true)
#5 C:\Users\chana\Downloads\fz\FriendZone\app\Controllers\UserController.php(37): view('editProfile')
#6 C:\Users\chana\Downloads\fz\FriendZone\system\CodeIgniter.php(825): App\Controllers\UserController->editProfile()
#7 C:\Users\chana\Downloads\fz\FriendZone\system\CodeIgniter.php(412): CodeIgniter\CodeIgniter->runController(Object(App\Controllers\UserController))
#8 C:\Users\chana\Downloads\fz\FriendZone\system\CodeIgniter.php(320): CodeIgniter\CodeIgniter->handleRequest(NULL, Object(Config\Cache), false)
#9 C:\Users\chana\Downloads\fz\FriendZone\public\index.php(37): CodeIgniter\CodeIgniter->run()
#10 C:\Users\chana\Downloads\fz\FriendZone\system\Commands\Server\rewrite.php(43): require_once('C:\\Users\\chana\\...')
#11 {main}
CRITICAL - 2022-03-01 00:54:59 --> Undefined variable $session
#0 C:\Users\chana\Downloads\fz\FriendZone\app\Views\components\profile.php(8): CodeIgniter\Debug\Exceptions->errorHandler(2, 'Undefined varia...', 'C:\\Users\\chana\\...', 8)
#1 C:\Users\chana\Downloads\fz\FriendZone\app\Views\editProfile.php(21): require('C:\\Users\\chana\\...')
#2 C:\Users\chana\Downloads\fz\FriendZone\system\View\View.php(210): include('C:\\Users\\chana\\...')
#3 C:\Users\chana\Downloads\fz\FriendZone\system\View\View.php(213): CodeIgniter\View\View->CodeIgniter\View\{closure}()
#4 C:\Users\chana\Downloads\fz\FriendZone\system\Common.php(1089): CodeIgniter\View\View->render('editProfile', Array, true)
#5 C:\Users\chana\Downloads\fz\FriendZone\app\Controllers\UserController.php(37): view('editProfile')
#6 C:\Users\chana\Downloads\fz\FriendZone\system\CodeIgniter.php(825): App\Controllers\UserController->editProfile()
#7 C:\Users\chana\Downloads\fz\FriendZone\system\CodeIgniter.php(412): CodeIgniter\CodeIgniter->runController(Object(App\Controllers\UserController))
#8 C:\Users\chana\Downloads\fz\FriendZone\system\CodeIgniter.php(320): CodeIgniter\CodeIgniter->handleRequest(NULL, Object(Config\Cache), false)
#9 C:\Users\chana\Downloads\fz\FriendZone\public\index.php(37): CodeIgniter\CodeIgniter->run()
#10 C:\Users\chana\Downloads\fz\FriendZone\system\Commands\Server\rewrite.php(43): require_once('C:\\Users\\chana\\...')
#11 {main}
CRITICAL - 2022-03-01 00:56:37 --> Undefined variable $session
#0 C:\Users\chana\Downloads\fz\FriendZone\app\Views\components\profile.php(8): CodeIgniter\Debug\Exceptions->errorHandler(2, 'Undefined varia...', 'C:\\Users\\chana\\...', 8)
#1 C:\Users\chana\Downloads\fz\FriendZone\app\Views\editProfile.php(24): require('C:\\Users\\chana\\...')
#2 C:\Users\chana\Downloads\fz\FriendZone\system\View\View.php(210): include('C:\\Users\\chana\\...')
#3 C:\Users\chana\Downloads\fz\FriendZone\system\View\View.php(213): CodeIgniter\View\View->CodeIgniter\View\{closure}()
#4 C:\Users\chana\Downloads\fz\FriendZone\system\Common.php(1089): CodeIgniter\View\View->render('editProfile', Array, true)
#5 C:\Users\chana\Downloads\fz\FriendZone\app\Controllers\UserController.php(37): view('editProfile')
#6 C:\Users\chana\Downloads\fz\FriendZone\system\CodeIgniter.php(825): App\Controllers\UserController->editProfile()
#7 C:\Users\chana\Downloads\fz\FriendZone\system\CodeIgniter.php(412): CodeIgniter\CodeIgniter->runController(Object(App\Controllers\UserController))
#8 C:\Users\chana\Downloads\fz\FriendZone\system\CodeIgniter.php(320): CodeIgniter\CodeIgniter->handleRequest(NULL, Object(Config\Cache), false)
#9 C:\Users\chana\Downloads\fz\FriendZone\public\index.php(37): CodeIgniter\CodeIgniter->run()
#10 C:\Users\chana\Downloads\fz\FriendZone\system\Commands\Server\rewrite.php(43): require_once('C:\\Users\\chana\\...')
#11 {main}
