CRITICAL - 2022-03-17 08:07:08 --> Undefined variable $posts
#0 C:\Users\chana\Downloads\fz\FriendZone\app\Views\components\post.php(12): CodeIgniter\Debug\Exceptions->errorHandler(2, 'Undefined varia...', 'C:\\Users\\chana\\...', 12)
#1 C:\Users\chana\Downloads\fz\FriendZone\app\Views\home.php(27): require('C:\\Users\\chana\\...')
#2 C:\Users\chana\Downloads\fz\FriendZone\system\View\View.php(210): include('C:\\Users\\chana\\...')
#3 C:\Users\chana\Downloads\fz\FriendZone\system\View\View.php(213): CodeIgniter\View\View->CodeIgniter\View\{closure}()
#4 C:\Users\chana\Downloads\fz\FriendZone\system\Common.php(1089): CodeIgniter\View\View->render('home', Array, true)
#5 C:\Users\chana\Downloads\fz\FriendZone\app\Controllers\Home.php(9): view('home')
#6 C:\Users\chana\Downloads\fz\FriendZone\system\CodeIgniter.php(825): App\Controllers\Home->index()
#7 C:\Users\chana\Downloads\fz\FriendZone\system\CodeIgniter.php(412): CodeIgniter\CodeIgniter->runController(Object(App\Controllers\Home))
#8 C:\Users\chana\Downloads\fz\FriendZone\system\CodeIgniter.php(320): CodeIgniter\CodeIgniter->handleRequest(NULL, Object(Config\Cache), false)
#9 C:\Users\chana\Downloads\fz\FriendZone\public\index.php(37): CodeIgniter\CodeIgniter->run()
#10 C:\Users\chana\Downloads\fz\FriendZone\system\Commands\Server\rewrite.php(43): require_once('C:\\Users\\chana\\...')
#11 {main}
CRITICAL - 2022-03-17 08:07:08 --> Undefined variable $posts
#0 C:\Users\chana\Downloads\fz\FriendZone\app\Views\components\post.php(12): CodeIgniter\Debug\Exceptions->errorHandler(2, 'Undefined varia...', 'C:\\Users\\chana\\...', 12)
#1 C:\Users\chana\Downloads\fz\FriendZone\app\Views\home.php(27): require('C:\\Users\\chana\\...')
#2 C:\Users\chana\Downloads\fz\FriendZone\system\View\View.php(210): include('C:\\Users\\chana\\...')
#3 C:\Users\chana\Downloads\fz\FriendZone\system\View\View.php(213): CodeIgniter\View\View->CodeIgniter\View\{closure}()
#4 C:\Users\chana\Downloads\fz\FriendZone\system\Common.php(1089): CodeIgniter\View\View->render('home', Array, true)
#5 C:\Users\chana\Downloads\fz\FriendZone\app\Controllers\Home.php(9): view('home')
#6 C:\Users\chana\Downloads\fz\FriendZone\system\CodeIgniter.php(825): App\Controllers\Home->index()
#7 C:\Users\chana\Downloads\fz\FriendZone\system\CodeIgniter.php(412): CodeIgniter\CodeIgniter->runController(Object(App\Controllers\Home))
#8 C:\Users\chana\Downloads\fz\FriendZone\system\CodeIgniter.php(320): CodeIgniter\CodeIgniter->handleRequest(NULL, Object(Config\Cache), false)
#9 C:\Users\chana\Downloads\fz\FriendZone\public\index.php(37): CodeIgniter\CodeIgniter->run()
#10 C:\Users\chana\Downloads\fz\FriendZone\system\Commands\Server\rewrite.php(43): require_once('C:\\Users\\chana\\...')
#11 {main}
ERROR - 2022-03-17 08:15:03 --> Error connecting to the database: No connection could be made because the target machine actively refused it
CRITICAL - 2022-03-17 08:15:03 --> Unable to connect to the database.
Main connection [MySQLi]: No connection could be made because the target machine actively refused it
#0 C:\Users\chana\Downloads\fz\FriendZone\system\Database\BaseConnection.php(577): CodeIgniter\Database\BaseConnection->initialize()
#1 C:\Users\chana\Downloads\fz\FriendZone\system\Database\BaseBuilder.php(1455): CodeIgniter\Database\BaseConnection->query('SELECT *\nFROM `...', Array, false)
#2 C:\Users\chana\Downloads\fz\FriendZone\app\Models\UserModel.php(59): CodeIgniter\Database\BaseBuilder->get()
#3 C:\Users\chana\Downloads\fz\FriendZone\app\Controllers\UserController.php(42): App\Models\UserModel->getProvince('3')
#4 C:\Users\chana\Downloads\fz\FriendZone\system\CodeIgniter.php(825): App\Controllers\UserController->showdata()
#5 C:\Users\chana\Downloads\fz\FriendZone\system\CodeIgniter.php(412): CodeIgniter\CodeIgniter->runController(Object(App\Controllers\UserController))
#6 C:\Users\chana\Downloads\fz\FriendZone\system\CodeIgniter.php(320): CodeIgniter\CodeIgniter->handleRequest(NULL, Object(Config\Cache), false)
#7 C:\Users\chana\Downloads\fz\FriendZone\public\index.php(37): CodeIgniter\CodeIgniter->run()
#8 C:\Users\chana\Downloads\fz\FriendZone\system\Commands\Server\rewrite.php(43): require_once('C:\\Users\\chana\\...')
#9 {main}
