CRITICAL - 2022-05-31 00:17:25 --> Undefined array key 0
#0 C:\Users\bank0\Downloads\fz\FriendZone\app\Views\components\cardProfile.php(42): CodeIgniter\Debug\Exceptions->errorHandler(2, 'Undefined array...', 'C:\\Users\\bank0\\...', 42)
#1 C:\Users\bank0\Downloads\fz\FriendZone\app\Views\viewProfile.php(57): require('C:\\Users\\bank0\\...')
#2 C:\Users\bank0\Downloads\fz\FriendZone\system\View\View.php(210): include('C:\\Users\\bank0\\...')
#3 C:\Users\bank0\Downloads\fz\FriendZone\system\View\View.php(213): CodeIgniter\View\View->CodeIgniter\View\{closure}()
#4 C:\Users\bank0\Downloads\fz\FriendZone\system\Common.php(1089): CodeIgniter\View\View->render('viewProfile', Array, true)
#5 C:\Users\bank0\Downloads\fz\FriendZone\app\Controllers\UserController.php(81): view('viewProfile', Array)
#6 C:\Users\bank0\Downloads\fz\FriendZone\system\CodeIgniter.php(825): App\Controllers\UserController->viewProfile()
#7 C:\Users\bank0\Downloads\fz\FriendZone\system\CodeIgniter.php(412): CodeIgniter\CodeIgniter->runController(Object(App\Controllers\UserController))
#8 C:\Users\bank0\Downloads\fz\FriendZone\system\CodeIgniter.php(320): CodeIgniter\CodeIgniter->handleRequest(NULL, Object(Config\Cache), false)
#9 C:\Users\bank0\Downloads\fz\FriendZone\public\index.php(37): CodeIgniter\CodeIgniter->run()
#10 C:\Users\bank0\Downloads\fz\FriendZone\system\Commands\Server\rewrite.php(43): require_once('C:\\Users\\bank0\\...')
#11 {main}
CRITICAL - 2022-05-31 00:17:27 --> Undefined array key 0
#0 C:\Users\bank0\Downloads\fz\FriendZone\app\Views\components\cardProfile.php(42): CodeIgniter\Debug\Exceptions->errorHandler(2, 'Undefined array...', 'C:\\Users\\bank0\\...', 42)
#1 C:\Users\bank0\Downloads\fz\FriendZone\app\Views\showdata.php(49): require('C:\\Users\\bank0\\...')
#2 C:\Users\bank0\Downloads\fz\FriendZone\system\View\View.php(210): include('C:\\Users\\bank0\\...')
#3 C:\Users\bank0\Downloads\fz\FriendZone\system\View\View.php(213): CodeIgniter\View\View->CodeIgniter\View\{closure}()
#4 C:\Users\bank0\Downloads\fz\FriendZone\system\Common.php(1089): CodeIgniter\View\View->render('showdata', Array, true)
#5 C:\Users\bank0\Downloads\fz\FriendZone\app\Controllers\UserController.php(55): view('showdata', Array)
#6 C:\Users\bank0\Downloads\fz\FriendZone\system\CodeIgniter.php(825): App\Controllers\UserController->showdata()
#7 C:\Users\bank0\Downloads\fz\FriendZone\system\CodeIgniter.php(412): CodeIgniter\CodeIgniter->runController(Object(App\Controllers\UserController))
#8 C:\Users\bank0\Downloads\fz\FriendZone\system\CodeIgniter.php(320): CodeIgniter\CodeIgniter->handleRequest(NULL, Object(Config\Cache), false)
#9 C:\Users\bank0\Downloads\fz\FriendZone\public\index.php(37): CodeIgniter\CodeIgniter->run()
#10 C:\Users\bank0\Downloads\fz\FriendZone\system\Commands\Server\rewrite.php(43): require_once('C:\\Users\\bank0\\...')
#11 {main}
CRITICAL - 2022-05-31 00:17:36 --> Undefined variable $notics
#0 C:\Users\bank0\Downloads\fz\FriendZone\app\Views\components\notification.php(93): CodeIgniter\Debug\Exceptions->errorHandler(2, 'Undefined varia...', 'C:\\Users\\bank0\\...', 93)
#1 C:\Users\bank0\Downloads\fz\FriendZone\app\Views\components\navUser.php(67): require('C:\\Users\\bank0\\...')
#2 C:\Users\bank0\Downloads\fz\FriendZone\app\Views\editProfile.php(28): require('C:\\Users\\bank0\\...')
#3 C:\Users\bank0\Downloads\fz\FriendZone\system\View\View.php(210): include('C:\\Users\\bank0\\...')
#4 C:\Users\bank0\Downloads\fz\FriendZone\system\View\View.php(213): CodeIgniter\View\View->CodeIgniter\View\{closure}()
#5 C:\Users\bank0\Downloads\fz\FriendZone\system\Common.php(1089): CodeIgniter\View\View->render('editProfile', Array, true)
#6 C:\Users\bank0\Downloads\fz\FriendZone\app\Controllers\UserController.php(97): view('editProfile', Array)
#7 C:\Users\bank0\Downloads\fz\FriendZone\system\CodeIgniter.php(825): App\Controllers\UserController->editProfile()
#8 C:\Users\bank0\Downloads\fz\FriendZone\system\CodeIgniter.php(412): CodeIgniter\CodeIgniter->runController(Object(App\Controllers\UserController))
#9 C:\Users\bank0\Downloads\fz\FriendZone\system\CodeIgniter.php(320): CodeIgniter\CodeIgniter->handleRequest(NULL, Object(Config\Cache), false)
#10 C:\Users\bank0\Downloads\fz\FriendZone\public\index.php(37): CodeIgniter\CodeIgniter->run()
#11 C:\Users\bank0\Downloads\fz\FriendZone\system\Commands\Server\rewrite.php(43): require_once('C:\\Users\\bank0\\...')
#12 {main}
CRITICAL - 2022-05-31 00:42:38 --> require(notification.php): Failed to open stream: No such file or directory
#0 C:\Users\bank0\Downloads\fz\FriendZone\app\Views\showdata.php(90): CodeIgniter\Debug\Exceptions->errorHandler(2, 'require(notific...', 'C:\\Users\\bank0\\...', 90)
#1 C:\Users\bank0\Downloads\fz\FriendZone\app\Views\showdata.php(90): require()
#2 C:\Users\bank0\Downloads\fz\FriendZone\system\View\View.php(210): include('C:\\Users\\bank0\\...')
#3 C:\Users\bank0\Downloads\fz\FriendZone\system\View\View.php(213): CodeIgniter\View\View->CodeIgniter\View\{closure}()
#4 C:\Users\bank0\Downloads\fz\FriendZone\system\Common.php(1089): CodeIgniter\View\View->render('showdata', Array, true)
#5 C:\Users\bank0\Downloads\fz\FriendZone\app\Controllers\UserController.php(55): view('showdata', Array)
#6 C:\Users\bank0\Downloads\fz\FriendZone\system\CodeIgniter.php(825): App\Controllers\UserController->showdata()
#7 C:\Users\bank0\Downloads\fz\FriendZone\system\CodeIgniter.php(412): CodeIgniter\CodeIgniter->runController(Object(App\Controllers\UserController))
#8 C:\Users\bank0\Downloads\fz\FriendZone\system\CodeIgniter.php(320): CodeIgniter\CodeIgniter->handleRequest(NULL, Object(Config\Cache), false)
#9 C:\Users\bank0\Downloads\fz\FriendZone\public\index.php(37): CodeIgniter\CodeIgniter->run()
#10 C:\Users\bank0\Downloads\fz\FriendZone\system\Commands\Server\rewrite.php(43): require_once('C:\\Users\\bank0\\...')
#11 {main}
CRITICAL - 2022-05-31 00:42:51 --> require(notification.php): Failed to open stream: No such file or directory
#0 C:\Users\bank0\Downloads\fz\FriendZone\app\Views\showdata.php(88): CodeIgniter\Debug\Exceptions->errorHandler(2, 'require(notific...', 'C:\\Users\\bank0\\...', 88)
#1 C:\Users\bank0\Downloads\fz\FriendZone\app\Views\showdata.php(88): require()
#2 C:\Users\bank0\Downloads\fz\FriendZone\system\View\View.php(210): include('C:\\Users\\bank0\\...')
#3 C:\Users\bank0\Downloads\fz\FriendZone\system\View\View.php(213): CodeIgniter\View\View->CodeIgniter\View\{closure}()
#4 C:\Users\bank0\Downloads\fz\FriendZone\system\Common.php(1089): CodeIgniter\View\View->render('showdata', Array, true)
#5 C:\Users\bank0\Downloads\fz\FriendZone\app\Controllers\UserController.php(55): view('showdata', Array)
#6 C:\Users\bank0\Downloads\fz\FriendZone\system\CodeIgniter.php(825): App\Controllers\UserController->showdata()
#7 C:\Users\bank0\Downloads\fz\FriendZone\system\CodeIgniter.php(412): CodeIgniter\CodeIgniter->runController(Object(App\Controllers\UserController))
#8 C:\Users\bank0\Downloads\fz\FriendZone\system\CodeIgniter.php(320): CodeIgniter\CodeIgniter->handleRequest(NULL, Object(Config\Cache), false)
#9 C:\Users\bank0\Downloads\fz\FriendZone\public\index.php(37): CodeIgniter\CodeIgniter->run()
#10 C:\Users\bank0\Downloads\fz\FriendZone\system\Commands\Server\rewrite.php(43): require_once('C:\\Users\\bank0\\...')
#11 {main}
CRITICAL - 2022-05-31 00:43:54 --> Undefined variable $notics
#0 C:\Users\bank0\Downloads\fz\FriendZone\app\Views\components\notification.php(93): CodeIgniter\Debug\Exceptions->errorHandler(2, 'Undefined varia...', 'C:\\Users\\bank0\\...', 93)
#1 C:\Users\bank0\Downloads\fz\FriendZone\app\Views\components\navUser.php(67): require('C:\\Users\\bank0\\...')
#2 C:\Users\bank0\Downloads\fz\FriendZone\app\Views\editProfile.php(29): require('C:\\Users\\bank0\\...')
#3 C:\Users\bank0\Downloads\fz\FriendZone\system\View\View.php(210): include('C:\\Users\\bank0\\...')
#4 C:\Users\bank0\Downloads\fz\FriendZone\system\View\View.php(213): CodeIgniter\View\View->CodeIgniter\View\{closure}()
#5 C:\Users\bank0\Downloads\fz\FriendZone\system\Common.php(1089): CodeIgniter\View\View->render('editProfile', Array, true)
#6 C:\Users\bank0\Downloads\fz\FriendZone\app\Controllers\UserController.php(97): view('editProfile', Array)
#7 C:\Users\bank0\Downloads\fz\FriendZone\system\CodeIgniter.php(825): App\Controllers\UserController->editProfile()
#8 C:\Users\bank0\Downloads\fz\FriendZone\system\CodeIgniter.php(412): CodeIgniter\CodeIgniter->runController(Object(App\Controllers\UserController))
#9 C:\Users\bank0\Downloads\fz\FriendZone\system\CodeIgniter.php(320): CodeIgniter\CodeIgniter->handleRequest(NULL, Object(Config\Cache), false)
#10 C:\Users\bank0\Downloads\fz\FriendZone\public\index.php(37): CodeIgniter\CodeIgniter->run()
#11 C:\Users\bank0\Downloads\fz\FriendZone\system\Commands\Server\rewrite.php(43): require_once('C:\\Users\\bank0\\...')
#12 {main}
CRITICAL - 2022-05-31 00:44:00 --> Undefined variable $notics
#0 C:\Users\bank0\Downloads\fz\FriendZone\app\Views\components\notification.php(93): CodeIgniter\Debug\Exceptions->errorHandler(2, 'Undefined varia...', 'C:\\Users\\bank0\\...', 93)
#1 C:\Users\bank0\Downloads\fz\FriendZone\app\Views\components\navUser.php(67): require('C:\\Users\\bank0\\...')
#2 C:\Users\bank0\Downloads\fz\FriendZone\app\Views\editProfile.php(29): require('C:\\Users\\bank0\\...')
#3 C:\Users\bank0\Downloads\fz\FriendZone\system\View\View.php(210): include('C:\\Users\\bank0\\...')
#4 C:\Users\bank0\Downloads\fz\FriendZone\system\View\View.php(213): CodeIgniter\View\View->CodeIgniter\View\{closure}()
#5 C:\Users\bank0\Downloads\fz\FriendZone\system\Common.php(1089): CodeIgniter\View\View->render('editProfile', Array, true)
#6 C:\Users\bank0\Downloads\fz\FriendZone\app\Controllers\UserController.php(97): view('editProfile', Array)
#7 C:\Users\bank0\Downloads\fz\FriendZone\system\CodeIgniter.php(825): App\Controllers\UserController->editProfile()
#8 C:\Users\bank0\Downloads\fz\FriendZone\system\CodeIgniter.php(412): CodeIgniter\CodeIgniter->runController(Object(App\Controllers\UserController))
#9 C:\Users\bank0\Downloads\fz\FriendZone\system\CodeIgniter.php(320): CodeIgniter\CodeIgniter->handleRequest(NULL, Object(Config\Cache), false)
#10 C:\Users\bank0\Downloads\fz\FriendZone\public\index.php(37): CodeIgniter\CodeIgniter->run()
#11 C:\Users\bank0\Downloads\fz\FriendZone\system\Commands\Server\rewrite.php(43): require_once('C:\\Users\\bank0\\...')
#12 {main}
