CRITICAL - 2022-05-07 00:10:46 --> Undefined variable $query1
#0 C:\Users\Kanokphon\Desktop\FriendZone\app\Views\components\modalCreatePost.php(88): CodeIgniter\Debug\Exceptions->errorHandler(2, 'Undefined varia...', 'C:\\Users\\Kanokp...', 88)
#1 C:\Users\Kanokphon\Desktop\FriendZone\app\Views\viewProfile.php(59): require('C:\\Users\\Kanokp...')
#2 C:\Users\Kanokphon\Desktop\FriendZone\system\View\View.php(210): include('C:\\Users\\Kanokp...')
#3 C:\Users\Kanokphon\Desktop\FriendZone\system\View\View.php(213): CodeIgniter\View\View->CodeIgniter\View\{closure}()
#4 C:\Users\Kanokphon\Desktop\FriendZone\system\Common.php(1089): CodeIgniter\View\View->render('viewProfile', Array, true)
#5 C:\Users\Kanokphon\Desktop\FriendZone\app\Controllers\UserController.php(72): view('viewProfile', Array)
#6 C:\Users\Kanokphon\Desktop\FriendZone\system\CodeIgniter.php(825): App\Controllers\UserController->viewProfile()
#7 C:\Users\Kanokphon\Desktop\FriendZone\system\CodeIgniter.php(412): CodeIgniter\CodeIgniter->runController(Object(App\Controllers\UserController))
#8 C:\Users\Kanokphon\Desktop\FriendZone\system\CodeIgniter.php(320): CodeIgniter\CodeIgniter->handleRequest(NULL, Object(Config\Cache), false)
#9 C:\Users\Kanokphon\Desktop\FriendZone\public\index.php(37): CodeIgniter\CodeIgniter->run()
#10 C:\Users\Kanokphon\Desktop\FriendZone\system\Commands\Server\rewrite.php(43): require_once('C:\\Users\\Kanokp...')
#11 {main}
CRITICAL - 2022-05-07 00:21:07 --> Undefined variable $post
#0 C:\Users\Kanokphon\Desktop\FriendZone\app\Views\components\notification.php(64): CodeIgniter\Debug\Exceptions->errorHandler(2, 'Undefined varia...', 'C:\\Users\\Kanokp...', 64)
#1 C:\Users\Kanokphon\Desktop\FriendZone\app\Views\components\navUser.php(67): require('C:\\Users\\Kanokp...')
#2 C:\Users\Kanokphon\Desktop\FriendZone\app\Views\showdata.php(40): require('C:\\Users\\Kanokp...')
#3 C:\Users\Kanokphon\Desktop\FriendZone\system\View\View.php(210): include('C:\\Users\\Kanokp...')
#4 C:\Users\Kanokphon\Desktop\FriendZone\system\View\View.php(213): CodeIgniter\View\View->CodeIgniter\View\{closure}()
#5 C:\Users\Kanokphon\Desktop\FriendZone\system\Common.php(1089): CodeIgniter\View\View->render('showdata', Array, true)
#6 C:\Users\Kanokphon\Desktop\FriendZone\app\Controllers\UserController.php(52): view('showdata', Array)
#7 C:\Users\Kanokphon\Desktop\FriendZone\system\CodeIgniter.php(825): App\Controllers\UserController->showdata()
#8 C:\Users\Kanokphon\Desktop\FriendZone\system\CodeIgniter.php(412): CodeIgniter\CodeIgniter->runController(Object(App\Controllers\UserController))
#9 C:\Users\Kanokphon\Desktop\FriendZone\system\CodeIgniter.php(320): CodeIgniter\CodeIgniter->handleRequest(NULL, Object(Config\Cache), false)
#10 C:\Users\Kanokphon\Desktop\FriendZone\public\index.php(37): CodeIgniter\CodeIgniter->run()
#11 C:\Users\Kanokphon\Desktop\FriendZone\system\Commands\Server\rewrite.php(43): require_once('C:\\Users\\Kanokp...')
#12 {main}
CRITICAL - 2022-05-07 01:56:50 --> Undefined variable $posts
#0 C:\Users\Kanokphon\Desktop\FriendZone\app\Views\components\postUser.php(1): CodeIgniter\Debug\Exceptions->errorHandler(2, 'Undefined varia...', 'C:\\Users\\Kanokp...', 1)
#1 C:\Users\Kanokphon\Desktop\FriendZone\app\Views\viewUserProfile.php(56): require('C:\\Users\\Kanokp...')
#2 C:\Users\Kanokphon\Desktop\FriendZone\system\View\View.php(210): include('C:\\Users\\Kanokp...')
#3 C:\Users\Kanokphon\Desktop\FriendZone\system\View\View.php(213): CodeIgniter\View\View->CodeIgniter\View\{closure}()
#4 C:\Users\Kanokphon\Desktop\FriendZone\system\Common.php(1089): CodeIgniter\View\View->render('viewUserProfile', Array, true)
#5 C:\Users\Kanokphon\Desktop\FriendZone\app\Controllers\UserController.php(248): view('viewUserProfile', Array)
#6 C:\Users\Kanokphon\Desktop\FriendZone\system\CodeIgniter.php(825): App\Controllers\UserController->ViewUserProfile('40')
#7 C:\Users\Kanokphon\Desktop\FriendZone\system\CodeIgniter.php(412): CodeIgniter\CodeIgniter->runController(Object(App\Controllers\UserController))
#8 C:\Users\Kanokphon\Desktop\FriendZone\system\CodeIgniter.php(320): CodeIgniter\CodeIgniter->handleRequest(NULL, Object(Config\Cache), false)
#9 C:\Users\Kanokphon\Desktop\FriendZone\public\index.php(37): CodeIgniter\CodeIgniter->run()
#10 C:\Users\Kanokphon\Desktop\FriendZone\system\Commands\Server\rewrite.php(43): require_once('C:\\Users\\Kanokp...')
#11 {main}
CRITICAL - 2022-05-07 02:04:24 --> Undefined array key "parts"
#0 C:\Users\Kanokphon\Desktop\FriendZone\app\Controllers\UserController.php(247): CodeIgniter\Debug\Exceptions->errorHandler(2, 'Undefined array...', 'C:\\Users\\Kanokp...', 247)
#1 C:\Users\Kanokphon\Desktop\FriendZone\system\CodeIgniter.php(825): App\Controllers\UserController->ViewUserProfile('40')
#2 C:\Users\Kanokphon\Desktop\FriendZone\system\CodeIgniter.php(412): CodeIgniter\CodeIgniter->runController(Object(App\Controllers\UserController))
#3 C:\Users\Kanokphon\Desktop\FriendZone\system\CodeIgniter.php(320): CodeIgniter\CodeIgniter->handleRequest(NULL, Object(Config\Cache), false)
#4 C:\Users\Kanokphon\Desktop\FriendZone\public\index.php(37): CodeIgniter\CodeIgniter->run()
#5 C:\Users\Kanokphon\Desktop\FriendZone\system\Commands\Server\rewrite.php(43): require_once('C:\\Users\\Kanokp...')
#6 {main}
CRITICAL - 2022-05-07 02:16:45 --> Undefined array key "userId"
#0 C:\Users\Kanokphon\Desktop\FriendZone\app\Views\components\notification.php(59): CodeIgniter\Debug\Exceptions->errorHandler(2, 'Undefined array...', 'C:\\Users\\Kanokp...', 59)
#1 C:\Users\Kanokphon\Desktop\FriendZone\app\Views\components\navUser.php(67): require('C:\\Users\\Kanokp...')
#2 C:\Users\Kanokphon\Desktop\FriendZone\app\Views\viewUserProfile.php(32): require('C:\\Users\\Kanokp...')
#3 C:\Users\Kanokphon\Desktop\FriendZone\system\View\View.php(210): include('C:\\Users\\Kanokp...')
#4 C:\Users\Kanokphon\Desktop\FriendZone\system\View\View.php(213): CodeIgniter\View\View->CodeIgniter\View\{closure}()
#5 C:\Users\Kanokphon\Desktop\FriendZone\system\Common.php(1089): CodeIgniter\View\View->render('viewUserProfile', Array, true)
#6 C:\Users\Kanokphon\Desktop\FriendZone\app\Controllers\UserController.php(248): view('viewUserProfile', Array)
#7 C:\Users\Kanokphon\Desktop\FriendZone\system\CodeIgniter.php(825): App\Controllers\UserController->ViewUserProfile('40')
#8 C:\Users\Kanokphon\Desktop\FriendZone\system\CodeIgniter.php(412): CodeIgniter\CodeIgniter->runController(Object(App\Controllers\UserController))
#9 C:\Users\Kanokphon\Desktop\FriendZone\system\CodeIgniter.php(320): CodeIgniter\CodeIgniter->handleRequest(NULL, Object(Config\Cache), false)
#10 C:\Users\Kanokphon\Desktop\FriendZone\public\index.php(37): CodeIgniter\CodeIgniter->run()
#11 C:\Users\Kanokphon\Desktop\FriendZone\system\Commands\Server\rewrite.php(43): require_once('C:\\Users\\Kanokp...')
#12 {main}
CRITICAL - 2022-05-07 02:16:47 --> Undefined array key "userId"
#0 C:\Users\Kanokphon\Desktop\FriendZone\app\Views\components\notification.php(59): CodeIgniter\Debug\Exceptions->errorHandler(2, 'Undefined array...', 'C:\\Users\\Kanokp...', 59)
#1 C:\Users\Kanokphon\Desktop\FriendZone\app\Views\components\navUser.php(67): require('C:\\Users\\Kanokp...')
#2 C:\Users\Kanokphon\Desktop\FriendZone\app\Views\showdata.php(40): require('C:\\Users\\Kanokp...')
#3 C:\Users\Kanokphon\Desktop\FriendZone\system\View\View.php(210): include('C:\\Users\\Kanokp...')
#4 C:\Users\Kanokphon\Desktop\FriendZone\system\View\View.php(213): CodeIgniter\View\View->CodeIgniter\View\{closure}()
#5 C:\Users\Kanokphon\Desktop\FriendZone\system\Common.php(1089): CodeIgniter\View\View->render('showdata', Array, true)
#6 C:\Users\Kanokphon\Desktop\FriendZone\app\Controllers\UserController.php(52): view('showdata', Array)
#7 C:\Users\Kanokphon\Desktop\FriendZone\system\CodeIgniter.php(825): App\Controllers\UserController->showdata()
#8 C:\Users\Kanokphon\Desktop\FriendZone\system\CodeIgniter.php(412): CodeIgniter\CodeIgniter->runController(Object(App\Controllers\UserController))
#9 C:\Users\Kanokphon\Desktop\FriendZone\system\CodeIgniter.php(320): CodeIgniter\CodeIgniter->handleRequest(NULL, Object(Config\Cache), false)
#10 C:\Users\Kanokphon\Desktop\FriendZone\public\index.php(37): CodeIgniter\CodeIgniter->run()
#11 C:\Users\Kanokphon\Desktop\FriendZone\system\Commands\Server\rewrite.php(43): require_once('C:\\Users\\Kanokp...')
#12 {main}
CRITICAL - 2022-05-07 02:16:49 --> Undefined array key "userId"
#0 C:\Users\Kanokphon\Desktop\FriendZone\app\Views\components\notification.php(59): CodeIgniter\Debug\Exceptions->errorHandler(2, 'Undefined array...', 'C:\\Users\\Kanokp...', 59)
#1 C:\Users\Kanokphon\Desktop\FriendZone\app\Views\components\navUser.php(67): require('C:\\Users\\Kanokp...')
#2 C:\Users\Kanokphon\Desktop\FriendZone\app\Views\showdata.php(40): require('C:\\Users\\Kanokp...')
#3 C:\Users\Kanokphon\Desktop\FriendZone\system\View\View.php(210): include('C:\\Users\\Kanokp...')
#4 C:\Users\Kanokphon\Desktop\FriendZone\system\View\View.php(213): CodeIgniter\View\View->CodeIgniter\View\{closure}()
#5 C:\Users\Kanokphon\Desktop\FriendZone\system\Common.php(1089): CodeIgniter\View\View->render('showdata', Array, true)
#6 C:\Users\Kanokphon\Desktop\FriendZone\app\Controllers\UserController.php(52): view('showdata', Array)
#7 C:\Users\Kanokphon\Desktop\FriendZone\system\CodeIgniter.php(825): App\Controllers\UserController->showdata()
#8 C:\Users\Kanokphon\Desktop\FriendZone\system\CodeIgniter.php(412): CodeIgniter\CodeIgniter->runController(Object(App\Controllers\UserController))
#9 C:\Users\Kanokphon\Desktop\FriendZone\system\CodeIgniter.php(320): CodeIgniter\CodeIgniter->handleRequest(NULL, Object(Config\Cache), false)
#10 C:\Users\Kanokphon\Desktop\FriendZone\public\index.php(37): CodeIgniter\CodeIgniter->run()
#11 C:\Users\Kanokphon\Desktop\FriendZone\system\Commands\Server\rewrite.php(43): require_once('C:\\Users\\Kanokp...')
#12 {main}
CRITICAL - 2022-05-07 02:16:49 --> Undefined array key "userId"
#0 C:\Users\Kanokphon\Desktop\FriendZone\app\Views\components\notification.php(59): CodeIgniter\Debug\Exceptions->errorHandler(2, 'Undefined array...', 'C:\\Users\\Kanokp...', 59)
#1 C:\Users\Kanokphon\Desktop\FriendZone\app\Views\components\navUser.php(67): require('C:\\Users\\Kanokp...')
#2 C:\Users\Kanokphon\Desktop\FriendZone\app\Views\showdata.php(40): require('C:\\Users\\Kanokp...')
#3 C:\Users\Kanokphon\Desktop\FriendZone\system\View\View.php(210): include('C:\\Users\\Kanokp...')
#4 C:\Users\Kanokphon\Desktop\FriendZone\system\View\View.php(213): CodeIgniter\View\View->CodeIgniter\View\{closure}()
#5 C:\Users\Kanokphon\Desktop\FriendZone\system\Common.php(1089): CodeIgniter\View\View->render('showdata', Array, true)
#6 C:\Users\Kanokphon\Desktop\FriendZone\app\Controllers\UserController.php(52): view('showdata', Array)
#7 C:\Users\Kanokphon\Desktop\FriendZone\system\CodeIgniter.php(825): App\Controllers\UserController->showdata()
#8 C:\Users\Kanokphon\Desktop\FriendZone\system\CodeIgniter.php(412): CodeIgniter\CodeIgniter->runController(Object(App\Controllers\UserController))
#9 C:\Users\Kanokphon\Desktop\FriendZone\system\CodeIgniter.php(320): CodeIgniter\CodeIgniter->handleRequest(NULL, Object(Config\Cache), false)
#10 C:\Users\Kanokphon\Desktop\FriendZone\public\index.php(37): CodeIgniter\CodeIgniter->run()
#11 C:\Users\Kanokphon\Desktop\FriendZone\system\Commands\Server\rewrite.php(43): require_once('C:\\Users\\Kanokp...')
#12 {main}
CRITICAL - 2022-05-07 02:16:50 --> Undefined array key "userId"
#0 C:\Users\Kanokphon\Desktop\FriendZone\app\Views\components\notification.php(59): CodeIgniter\Debug\Exceptions->errorHandler(2, 'Undefined array...', 'C:\\Users\\Kanokp...', 59)
#1 C:\Users\Kanokphon\Desktop\FriendZone\app\Views\components\navUser.php(67): require('C:\\Users\\Kanokp...')
#2 C:\Users\Kanokphon\Desktop\FriendZone\app\Views\showdata.php(40): require('C:\\Users\\Kanokp...')
#3 C:\Users\Kanokphon\Desktop\FriendZone\system\View\View.php(210): include('C:\\Users\\Kanokp...')
#4 C:\Users\Kanokphon\Desktop\FriendZone\system\View\View.php(213): CodeIgniter\View\View->CodeIgniter\View\{closure}()
#5 C:\Users\Kanokphon\Desktop\FriendZone\system\Common.php(1089): CodeIgniter\View\View->render('showdata', Array, true)
#6 C:\Users\Kanokphon\Desktop\FriendZone\app\Controllers\UserController.php(52): view('showdata', Array)
#7 C:\Users\Kanokphon\Desktop\FriendZone\system\CodeIgniter.php(825): App\Controllers\UserController->showdata()
#8 C:\Users\Kanokphon\Desktop\FriendZone\system\CodeIgniter.php(412): CodeIgniter\CodeIgniter->runController(Object(App\Controllers\UserController))
#9 C:\Users\Kanokphon\Desktop\FriendZone\system\CodeIgniter.php(320): CodeIgniter\CodeIgniter->handleRequest(NULL, Object(Config\Cache), false)
#10 C:\Users\Kanokphon\Desktop\FriendZone\public\index.php(37): CodeIgniter\CodeIgniter->run()
#11 C:\Users\Kanokphon\Desktop\FriendZone\system\Commands\Server\rewrite.php(43): require_once('C:\\Users\\Kanokp...')
#12 {main}
CRITICAL - 2022-05-07 02:16:50 --> Undefined array key "userId"
#0 C:\Users\Kanokphon\Desktop\FriendZone\app\Views\components\notification.php(59): CodeIgniter\Debug\Exceptions->errorHandler(2, 'Undefined array...', 'C:\\Users\\Kanokp...', 59)
#1 C:\Users\Kanokphon\Desktop\FriendZone\app\Views\components\navUser.php(67): require('C:\\Users\\Kanokp...')
#2 C:\Users\Kanokphon\Desktop\FriendZone\app\Views\showdata.php(40): require('C:\\Users\\Kanokp...')
#3 C:\Users\Kanokphon\Desktop\FriendZone\system\View\View.php(210): include('C:\\Users\\Kanokp...')
#4 C:\Users\Kanokphon\Desktop\FriendZone\system\View\View.php(213): CodeIgniter\View\View->CodeIgniter\View\{closure}()
#5 C:\Users\Kanokphon\Desktop\FriendZone\system\Common.php(1089): CodeIgniter\View\View->render('showdata', Array, true)
#6 C:\Users\Kanokphon\Desktop\FriendZone\app\Controllers\UserController.php(52): view('showdata', Array)
#7 C:\Users\Kanokphon\Desktop\FriendZone\system\CodeIgniter.php(825): App\Controllers\UserController->showdata()
#8 C:\Users\Kanokphon\Desktop\FriendZone\system\CodeIgniter.php(412): CodeIgniter\CodeIgniter->runController(Object(App\Controllers\UserController))
#9 C:\Users\Kanokphon\Desktop\FriendZone\system\CodeIgniter.php(320): CodeIgniter\CodeIgniter->handleRequest(NULL, Object(Config\Cache), false)
#10 C:\Users\Kanokphon\Desktop\FriendZone\public\index.php(37): CodeIgniter\CodeIgniter->run()
#11 C:\Users\Kanokphon\Desktop\FriendZone\system\Commands\Server\rewrite.php(43): require_once('C:\\Users\\Kanokp...')
#12 {main}
CRITICAL - 2022-05-07 02:16:51 --> Undefined array key "userId"
#0 C:\Users\Kanokphon\Desktop\FriendZone\app\Views\components\notification.php(59): CodeIgniter\Debug\Exceptions->errorHandler(2, 'Undefined array...', 'C:\\Users\\Kanokp...', 59)
#1 C:\Users\Kanokphon\Desktop\FriendZone\app\Views\components\navUser.php(67): require('C:\\Users\\Kanokp...')
#2 C:\Users\Kanokphon\Desktop\FriendZone\app\Views\showdata.php(40): require('C:\\Users\\Kanokp...')
#3 C:\Users\Kanokphon\Desktop\FriendZone\system\View\View.php(210): include('C:\\Users\\Kanokp...')
#4 C:\Users\Kanokphon\Desktop\FriendZone\system\View\View.php(213): CodeIgniter\View\View->CodeIgniter\View\{closure}()
#5 C:\Users\Kanokphon\Desktop\FriendZone\system\Common.php(1089): CodeIgniter\View\View->render('showdata', Array, true)
#6 C:\Users\Kanokphon\Desktop\FriendZone\app\Controllers\UserController.php(52): view('showdata', Array)
#7 C:\Users\Kanokphon\Desktop\FriendZone\system\CodeIgniter.php(825): App\Controllers\UserController->showdata()
#8 C:\Users\Kanokphon\Desktop\FriendZone\system\CodeIgniter.php(412): CodeIgniter\CodeIgniter->runController(Object(App\Controllers\UserController))
#9 C:\Users\Kanokphon\Desktop\FriendZone\system\CodeIgniter.php(320): CodeIgniter\CodeIgniter->handleRequest(NULL, Object(Config\Cache), false)
#10 C:\Users\Kanokphon\Desktop\FriendZone\public\index.php(37): CodeIgniter\CodeIgniter->run()
#11 C:\Users\Kanokphon\Desktop\FriendZone\system\Commands\Server\rewrite.php(43): require_once('C:\\Users\\Kanokp...')
#12 {main}
CRITICAL - 2022-05-07 02:17:01 --> Undefined array key "userId"
#0 C:\Users\Kanokphon\Desktop\FriendZone\app\Views\components\notification.php(59): CodeIgniter\Debug\Exceptions->errorHandler(2, 'Undefined array...', 'C:\\Users\\Kanokp...', 59)
#1 C:\Users\Kanokphon\Desktop\FriendZone\app\Views\components\navUser.php(67): require('C:\\Users\\Kanokp...')
#2 C:\Users\Kanokphon\Desktop\FriendZone\app\Views\showdata.php(40): require('C:\\Users\\Kanokp...')
#3 C:\Users\Kanokphon\Desktop\FriendZone\system\View\View.php(210): include('C:\\Users\\Kanokp...')
#4 C:\Users\Kanokphon\Desktop\FriendZone\system\View\View.php(213): CodeIgniter\View\View->CodeIgniter\View\{closure}()
#5 C:\Users\Kanokphon\Desktop\FriendZone\system\Common.php(1089): CodeIgniter\View\View->render('showdata', Array, true)
#6 C:\Users\Kanokphon\Desktop\FriendZone\app\Controllers\UserController.php(52): view('showdata', Array)
#7 C:\Users\Kanokphon\Desktop\FriendZone\system\CodeIgniter.php(825): App\Controllers\UserController->showdata()
#8 C:\Users\Kanokphon\Desktop\FriendZone\system\CodeIgniter.php(412): CodeIgniter\CodeIgniter->runController(Object(App\Controllers\UserController))
#9 C:\Users\Kanokphon\Desktop\FriendZone\system\CodeIgniter.php(320): CodeIgniter\CodeIgniter->handleRequest(NULL, Object(Config\Cache), false)
#10 C:\Users\Kanokphon\Desktop\FriendZone\public\index.php(37): CodeIgniter\CodeIgniter->run()
#11 C:\Users\Kanokphon\Desktop\FriendZone\system\Commands\Server\rewrite.php(43): require_once('C:\\Users\\Kanokp...')
#12 {main}
CRITICAL - 2022-05-07 02:17:01 --> Undefined array key "userId"
#0 C:\Users\Kanokphon\Desktop\FriendZone\app\Views\components\notification.php(59): CodeIgniter\Debug\Exceptions->errorHandler(2, 'Undefined array...', 'C:\\Users\\Kanokp...', 59)
#1 C:\Users\Kanokphon\Desktop\FriendZone\app\Views\components\navUser.php(67): require('C:\\Users\\Kanokp...')
#2 C:\Users\Kanokphon\Desktop\FriendZone\app\Views\showdata.php(40): require('C:\\Users\\Kanokp...')
#3 C:\Users\Kanokphon\Desktop\FriendZone\system\View\View.php(210): include('C:\\Users\\Kanokp...')
#4 C:\Users\Kanokphon\Desktop\FriendZone\system\View\View.php(213): CodeIgniter\View\View->CodeIgniter\View\{closure}()
#5 C:\Users\Kanokphon\Desktop\FriendZone\system\Common.php(1089): CodeIgniter\View\View->render('showdata', Array, true)
#6 C:\Users\Kanokphon\Desktop\FriendZone\app\Controllers\UserController.php(52): view('showdata', Array)
#7 C:\Users\Kanokphon\Desktop\FriendZone\system\CodeIgniter.php(825): App\Controllers\UserController->showdata()
#8 C:\Users\Kanokphon\Desktop\FriendZone\system\CodeIgniter.php(412): CodeIgniter\CodeIgniter->runController(Object(App\Controllers\UserController))
#9 C:\Users\Kanokphon\Desktop\FriendZone\system\CodeIgniter.php(320): CodeIgniter\CodeIgniter->handleRequest(NULL, Object(Config\Cache), false)
#10 C:\Users\Kanokphon\Desktop\FriendZone\public\index.php(37): CodeIgniter\CodeIgniter->run()
#11 C:\Users\Kanokphon\Desktop\FriendZone\system\Commands\Server\rewrite.php(43): require_once('C:\\Users\\Kanokp...')
#12 {main}
CRITICAL - 2022-05-07 02:17:02 --> Undefined array key "userId"
#0 C:\Users\Kanokphon\Desktop\FriendZone\app\Views\components\notification.php(59): CodeIgniter\Debug\Exceptions->errorHandler(2, 'Undefined array...', 'C:\\Users\\Kanokp...', 59)
#1 C:\Users\Kanokphon\Desktop\FriendZone\app\Views\components\navUser.php(67): require('C:\\Users\\Kanokp...')
#2 C:\Users\Kanokphon\Desktop\FriendZone\app\Views\showdata.php(40): require('C:\\Users\\Kanokp...')
#3 C:\Users\Kanokphon\Desktop\FriendZone\system\View\View.php(210): include('C:\\Users\\Kanokp...')
#4 C:\Users\Kanokphon\Desktop\FriendZone\system\View\View.php(213): CodeIgniter\View\View->CodeIgniter\View\{closure}()
#5 C:\Users\Kanokphon\Desktop\FriendZone\system\Common.php(1089): CodeIgniter\View\View->render('showdata', Array, true)
#6 C:\Users\Kanokphon\Desktop\FriendZone\app\Controllers\UserController.php(52): view('showdata', Array)
#7 C:\Users\Kanokphon\Desktop\FriendZone\system\CodeIgniter.php(825): App\Controllers\UserController->showdata()
#8 C:\Users\Kanokphon\Desktop\FriendZone\system\CodeIgniter.php(412): CodeIgniter\CodeIgniter->runController(Object(App\Controllers\UserController))
#9 C:\Users\Kanokphon\Desktop\FriendZone\system\CodeIgniter.php(320): CodeIgniter\CodeIgniter->handleRequest(NULL, Object(Config\Cache), false)
#10 C:\Users\Kanokphon\Desktop\FriendZone\public\index.php(37): CodeIgniter\CodeIgniter->run()
#11 C:\Users\Kanokphon\Desktop\FriendZone\system\Commands\Server\rewrite.php(43): require_once('C:\\Users\\Kanokp...')
#12 {main}
CRITICAL - 2022-05-07 02:17:50 --> Undefined array key "userId"
#0 C:\Users\Kanokphon\Desktop\FriendZone\app\Views\components\notification.php(59): CodeIgniter\Debug\Exceptions->errorHandler(2, 'Undefined array...', 'C:\\Users\\Kanokp...', 59)
#1 C:\Users\Kanokphon\Desktop\FriendZone\app\Views\components\navUser.php(67): require('C:\\Users\\Kanokp...')
#2 C:\Users\Kanokphon\Desktop\FriendZone\app\Views\showdata.php(40): require('C:\\Users\\Kanokp...')
#3 C:\Users\Kanokphon\Desktop\FriendZone\system\View\View.php(210): include('C:\\Users\\Kanokp...')
#4 C:\Users\Kanokphon\Desktop\FriendZone\system\View\View.php(213): CodeIgniter\View\View->CodeIgniter\View\{closure}()
#5 C:\Users\Kanokphon\Desktop\FriendZone\system\Common.php(1089): CodeIgniter\View\View->render('showdata', Array, true)
#6 C:\Users\Kanokphon\Desktop\FriendZone\app\Controllers\UserController.php(52): view('showdata', Array)
#7 C:\Users\Kanokphon\Desktop\FriendZone\system\CodeIgniter.php(825): App\Controllers\UserController->showdata()
#8 C:\Users\Kanokphon\Desktop\FriendZone\system\CodeIgniter.php(412): CodeIgniter\CodeIgniter->runController(Object(App\Controllers\UserController))
#9 C:\Users\Kanokphon\Desktop\FriendZone\system\CodeIgniter.php(320): CodeIgniter\CodeIgniter->handleRequest(NULL, Object(Config\Cache), false)
#10 C:\Users\Kanokphon\Desktop\FriendZone\public\index.php(37): CodeIgniter\CodeIgniter->run()
#11 C:\Users\Kanokphon\Desktop\FriendZone\system\Commands\Server\rewrite.php(43): require_once('C:\\Users\\Kanokp...')
#12 {main}
ERROR - 2022-05-07 02:22:54 --> You have an error in your SQL syntax; check the manual that corresponds to your MariaDB server version for the right syntax to use near '.`num_people`, `post`.`expenses`, `post`.`date_start`, `post`.`date_end`, `po...' at line 1
CRITICAL - 2022-05-07 02:22:54 --> Call to a member function getResultArray() on bool
#0 C:\Users\Kanokphon\Desktop\FriendZone\app\Controllers\UserController.php(50): App\Models\ParticModel->viewPartic()
#1 C:\Users\Kanokphon\Desktop\FriendZone\system\CodeIgniter.php(825): App\Controllers\UserController->showdata()
#2 C:\Users\Kanokphon\Desktop\FriendZone\system\CodeIgniter.php(412): CodeIgniter\CodeIgniter->runController(Object(App\Controllers\UserController))
#3 C:\Users\Kanokphon\Desktop\FriendZone\system\CodeIgniter.php(320): CodeIgniter\CodeIgniter->handleRequest(NULL, Object(Config\Cache), false)
#4 C:\Users\Kanokphon\Desktop\FriendZone\public\index.php(37): CodeIgniter\CodeIgniter->run()
#5 C:\Users\Kanokphon\Desktop\FriendZone\system\Commands\Server\rewrite.php(43): require_once('C:\\Users\\Kanokp...')
#6 {main}
ERROR - 2022-05-07 02:23:00 --> You have an error in your SQL syntax; check the manual that corresponds to your MariaDB server version for the right syntax to use near '.`num_people`, `post`.`expenses`, `post`.`date_start`, `post`.`date_end`, `po...' at line 1
CRITICAL - 2022-05-07 02:23:00 --> Call to a member function getResultArray() on bool
#0 C:\Users\Kanokphon\Desktop\FriendZone\app\Controllers\UserController.php(50): App\Models\ParticModel->viewPartic()
#1 C:\Users\Kanokphon\Desktop\FriendZone\system\CodeIgniter.php(825): App\Controllers\UserController->showdata()
#2 C:\Users\Kanokphon\Desktop\FriendZone\system\CodeIgniter.php(412): CodeIgniter\CodeIgniter->runController(Object(App\Controllers\UserController))
#3 C:\Users\Kanokphon\Desktop\FriendZone\system\CodeIgniter.php(320): CodeIgniter\CodeIgniter->handleRequest(NULL, Object(Config\Cache), false)
#4 C:\Users\Kanokphon\Desktop\FriendZone\public\index.php(37): CodeIgniter\CodeIgniter->run()
#5 C:\Users\Kanokphon\Desktop\FriendZone\system\Commands\Server\rewrite.php(43): require_once('C:\\Users\\Kanokp...')
#6 {main}
ERROR - 2022-05-07 02:23:01 --> You have an error in your SQL syntax; check the manual that corresponds to your MariaDB server version for the right syntax to use near '.`num_people`, `post`.`expenses`, `post`.`date_start`, `post`.`date_end`, `po...' at line 1
CRITICAL - 2022-05-07 02:23:01 --> Call to a member function getResultArray() on bool
#0 C:\Users\Kanokphon\Desktop\FriendZone\app\Controllers\UserController.php(50): App\Models\ParticModel->viewPartic()
#1 C:\Users\Kanokphon\Desktop\FriendZone\system\CodeIgniter.php(825): App\Controllers\UserController->showdata()
#2 C:\Users\Kanokphon\Desktop\FriendZone\system\CodeIgniter.php(412): CodeIgniter\CodeIgniter->runController(Object(App\Controllers\UserController))
#3 C:\Users\Kanokphon\Desktop\FriendZone\system\CodeIgniter.php(320): CodeIgniter\CodeIgniter->handleRequest(NULL, Object(Config\Cache), false)
#4 C:\Users\Kanokphon\Desktop\FriendZone\public\index.php(37): CodeIgniter\CodeIgniter->run()
#5 C:\Users\Kanokphon\Desktop\FriendZone\system\Commands\Server\rewrite.php(43): require_once('C:\\Users\\Kanokp...')
#6 {main}
ERROR - 2022-05-07 02:23:01 --> You have an error in your SQL syntax; check the manual that corresponds to your MariaDB server version for the right syntax to use near '.`num_people`, `post`.`expenses`, `post`.`date_start`, `post`.`date_end`, `po...' at line 1
CRITICAL - 2022-05-07 02:23:01 --> Call to a member function getResultArray() on bool
#0 C:\Users\Kanokphon\Desktop\FriendZone\app\Controllers\UserController.php(50): App\Models\ParticModel->viewPartic()
#1 C:\Users\Kanokphon\Desktop\FriendZone\system\CodeIgniter.php(825): App\Controllers\UserController->showdata()
#2 C:\Users\Kanokphon\Desktop\FriendZone\system\CodeIgniter.php(412): CodeIgniter\CodeIgniter->runController(Object(App\Controllers\UserController))
#3 C:\Users\Kanokphon\Desktop\FriendZone\system\CodeIgniter.php(320): CodeIgniter\CodeIgniter->handleRequest(NULL, Object(Config\Cache), false)
#4 C:\Users\Kanokphon\Desktop\FriendZone\public\index.php(37): CodeIgniter\CodeIgniter->run()
#5 C:\Users\Kanokphon\Desktop\FriendZone\system\Commands\Server\rewrite.php(43): require_once('C:\\Users\\Kanokp...')
#6 {main}
ERROR - 2022-05-07 02:23:01 --> You have an error in your SQL syntax; check the manual that corresponds to your MariaDB server version for the right syntax to use near '.`num_people`, `post`.`expenses`, `post`.`date_start`, `post`.`date_end`, `po...' at line 1
CRITICAL - 2022-05-07 02:23:01 --> Call to a member function getResultArray() on bool
#0 C:\Users\Kanokphon\Desktop\FriendZone\app\Controllers\UserController.php(50): App\Models\ParticModel->viewPartic()
#1 C:\Users\Kanokphon\Desktop\FriendZone\system\CodeIgniter.php(825): App\Controllers\UserController->showdata()
#2 C:\Users\Kanokphon\Desktop\FriendZone\system\CodeIgniter.php(412): CodeIgniter\CodeIgniter->runController(Object(App\Controllers\UserController))
#3 C:\Users\Kanokphon\Desktop\FriendZone\system\CodeIgniter.php(320): CodeIgniter\CodeIgniter->handleRequest(NULL, Object(Config\Cache), false)
#4 C:\Users\Kanokphon\Desktop\FriendZone\public\index.php(37): CodeIgniter\CodeIgniter->run()
#5 C:\Users\Kanokphon\Desktop\FriendZone\system\Commands\Server\rewrite.php(43): require_once('C:\\Users\\Kanokp...')
#6 {main}
ERROR - 2022-05-07 02:23:01 --> You have an error in your SQL syntax; check the manual that corresponds to your MariaDB server version for the right syntax to use near '.`num_people`, `post`.`expenses`, `post`.`date_start`, `post`.`date_end`, `po...' at line 1
CRITICAL - 2022-05-07 02:23:01 --> Call to a member function getResultArray() on bool
#0 C:\Users\Kanokphon\Desktop\FriendZone\app\Controllers\UserController.php(50): App\Models\ParticModel->viewPartic()
#1 C:\Users\Kanokphon\Desktop\FriendZone\system\CodeIgniter.php(825): App\Controllers\UserController->showdata()
#2 C:\Users\Kanokphon\Desktop\FriendZone\system\CodeIgniter.php(412): CodeIgniter\CodeIgniter->runController(Object(App\Controllers\UserController))
#3 C:\Users\Kanokphon\Desktop\FriendZone\system\CodeIgniter.php(320): CodeIgniter\CodeIgniter->handleRequest(NULL, Object(Config\Cache), false)
#4 C:\Users\Kanokphon\Desktop\FriendZone\public\index.php(37): CodeIgniter\CodeIgniter->run()
#5 C:\Users\Kanokphon\Desktop\FriendZone\system\Commands\Server\rewrite.php(43): require_once('C:\\Users\\Kanokp...')
#6 {main}
ERROR - 2022-05-07 02:23:01 --> You have an error in your SQL syntax; check the manual that corresponds to your MariaDB server version for the right syntax to use near '.`num_people`, `post`.`expenses`, `post`.`date_start`, `post`.`date_end`, `po...' at line 1
CRITICAL - 2022-05-07 02:23:01 --> Call to a member function getResultArray() on bool
#0 C:\Users\Kanokphon\Desktop\FriendZone\app\Controllers\UserController.php(50): App\Models\ParticModel->viewPartic()
#1 C:\Users\Kanokphon\Desktop\FriendZone\system\CodeIgniter.php(825): App\Controllers\UserController->showdata()
#2 C:\Users\Kanokphon\Desktop\FriendZone\system\CodeIgniter.php(412): CodeIgniter\CodeIgniter->runController(Object(App\Controllers\UserController))
#3 C:\Users\Kanokphon\Desktop\FriendZone\system\CodeIgniter.php(320): CodeIgniter\CodeIgniter->handleRequest(NULL, Object(Config\Cache), false)
#4 C:\Users\Kanokphon\Desktop\FriendZone\public\index.php(37): CodeIgniter\CodeIgniter->run()
#5 C:\Users\Kanokphon\Desktop\FriendZone\system\Commands\Server\rewrite.php(43): require_once('C:\\Users\\Kanokp...')
#6 {main}
ERROR - 2022-05-07 02:23:22 --> You have an error in your SQL syntax; check the manual that corresponds to your MariaDB server version for the right syntax to use near '.`num_people`, `post`.`expenses`, `post`.`date_start`, `post`.`date_end`, `po...' at line 1
CRITICAL - 2022-05-07 02:23:22 --> Call to a member function getResultArray() on bool
#0 C:\Users\Kanokphon\Desktop\FriendZone\app\Controllers\UserController.php(50): App\Models\ParticModel->viewPartic()
#1 C:\Users\Kanokphon\Desktop\FriendZone\system\CodeIgniter.php(825): App\Controllers\UserController->showdata()
#2 C:\Users\Kanokphon\Desktop\FriendZone\system\CodeIgniter.php(412): CodeIgniter\CodeIgniter->runController(Object(App\Controllers\UserController))
#3 C:\Users\Kanokphon\Desktop\FriendZone\system\CodeIgniter.php(320): CodeIgniter\CodeIgniter->handleRequest(NULL, Object(Config\Cache), false)
#4 C:\Users\Kanokphon\Desktop\FriendZone\public\index.php(37): CodeIgniter\CodeIgniter->run()
#5 C:\Users\Kanokphon\Desktop\FriendZone\system\Commands\Server\rewrite.php(43): require_once('C:\\Users\\Kanokp...')
#6 {main}
ERROR - 2022-05-07 02:25:20 --> You have an error in your SQL syntax; check the manual that corresponds to your MariaDB server version for the right syntax to use near '.`num_people`, `post`.`expenses`, `post`.`date_start`, `post`.`date_end`, `po...' at line 1
CRITICAL - 2022-05-07 02:25:20 --> Call to a member function getResultArray() on bool
#0 C:\Users\Kanokphon\Desktop\FriendZone\app\Controllers\UserController.php(50): App\Models\ParticModel->viewPartic()
#1 C:\Users\Kanokphon\Desktop\FriendZone\system\CodeIgniter.php(825): App\Controllers\UserController->showdata()
#2 C:\Users\Kanokphon\Desktop\FriendZone\system\CodeIgniter.php(412): CodeIgniter\CodeIgniter->runController(Object(App\Controllers\UserController))
#3 C:\Users\Kanokphon\Desktop\FriendZone\system\CodeIgniter.php(320): CodeIgniter\CodeIgniter->handleRequest(NULL, Object(Config\Cache), false)
#4 C:\Users\Kanokphon\Desktop\FriendZone\public\index.php(37): CodeIgniter\CodeIgniter->run()
#5 C:\Users\Kanokphon\Desktop\FriendZone\system\Commands\Server\rewrite.php(43): require_once('C:\\Users\\Kanokp...')
#6 {main}
ERROR - 2022-05-07 02:26:04 --> You have an error in your SQL syntax; check the manual that corresponds to your MariaDB server version for the right syntax to use near '.`num_people`, `post`.`expenses`, `post`.`date_start`, `post`.`date_end`, `po...' at line 1
CRITICAL - 2022-05-07 02:26:04 --> Call to a member function getResultArray() on bool
#0 C:\Users\Kanokphon\Desktop\FriendZone\app\Controllers\UserController.php(50): App\Models\ParticModel->viewPartic()
#1 C:\Users\Kanokphon\Desktop\FriendZone\system\CodeIgniter.php(825): App\Controllers\UserController->showdata()
#2 C:\Users\Kanokphon\Desktop\FriendZone\system\CodeIgniter.php(412): CodeIgniter\CodeIgniter->runController(Object(App\Controllers\UserController))
#3 C:\Users\Kanokphon\Desktop\FriendZone\system\CodeIgniter.php(320): CodeIgniter\CodeIgniter->handleRequest(NULL, Object(Config\Cache), false)
#4 C:\Users\Kanokphon\Desktop\FriendZone\public\index.php(37): CodeIgniter\CodeIgniter->run()
#5 C:\Users\Kanokphon\Desktop\FriendZone\system\Commands\Server\rewrite.php(43): require_once('C:\\Users\\Kanokp...')
#6 {main}
ERROR - 2022-05-07 02:26:05 --> You have an error in your SQL syntax; check the manual that corresponds to your MariaDB server version for the right syntax to use near '.`num_people`, `post`.`expenses`, `post`.`date_start`, `post`.`date_end`, `po...' at line 1
CRITICAL - 2022-05-07 02:26:05 --> Call to a member function getResultArray() on bool
#0 C:\Users\Kanokphon\Desktop\FriendZone\app\Controllers\UserController.php(50): App\Models\ParticModel->viewPartic()
#1 C:\Users\Kanokphon\Desktop\FriendZone\system\CodeIgniter.php(825): App\Controllers\UserController->showdata()
#2 C:\Users\Kanokphon\Desktop\FriendZone\system\CodeIgniter.php(412): CodeIgniter\CodeIgniter->runController(Object(App\Controllers\UserController))
#3 C:\Users\Kanokphon\Desktop\FriendZone\system\CodeIgniter.php(320): CodeIgniter\CodeIgniter->handleRequest(NULL, Object(Config\Cache), false)
#4 C:\Users\Kanokphon\Desktop\FriendZone\public\index.php(37): CodeIgniter\CodeIgniter->run()
#5 C:\Users\Kanokphon\Desktop\FriendZone\system\Commands\Server\rewrite.php(43): require_once('C:\\Users\\Kanokp...')
#6 {main}
ERROR - 2022-05-07 02:26:05 --> You have an error in your SQL syntax; check the manual that corresponds to your MariaDB server version for the right syntax to use near '.`num_people`, `post`.`expenses`, `post`.`date_start`, `post`.`date_end`, `po...' at line 1
CRITICAL - 2022-05-07 02:26:05 --> Call to a member function getResultArray() on bool
#0 C:\Users\Kanokphon\Desktop\FriendZone\app\Controllers\UserController.php(50): App\Models\ParticModel->viewPartic()
#1 C:\Users\Kanokphon\Desktop\FriendZone\system\CodeIgniter.php(825): App\Controllers\UserController->showdata()
#2 C:\Users\Kanokphon\Desktop\FriendZone\system\CodeIgniter.php(412): CodeIgniter\CodeIgniter->runController(Object(App\Controllers\UserController))
#3 C:\Users\Kanokphon\Desktop\FriendZone\system\CodeIgniter.php(320): CodeIgniter\CodeIgniter->handleRequest(NULL, Object(Config\Cache), false)
#4 C:\Users\Kanokphon\Desktop\FriendZone\public\index.php(37): CodeIgniter\CodeIgniter->run()
#5 C:\Users\Kanokphon\Desktop\FriendZone\system\Commands\Server\rewrite.php(43): require_once('C:\\Users\\Kanokp...')
#6 {main}
ERROR - 2022-05-07 02:26:05 --> You have an error in your SQL syntax; check the manual that corresponds to your MariaDB server version for the right syntax to use near '.`num_people`, `post`.`expenses`, `post`.`date_start`, `post`.`date_end`, `po...' at line 1
CRITICAL - 2022-05-07 02:26:05 --> Call to a member function getResultArray() on bool
#0 C:\Users\Kanokphon\Desktop\FriendZone\app\Controllers\UserController.php(50): App\Models\ParticModel->viewPartic()
#1 C:\Users\Kanokphon\Desktop\FriendZone\system\CodeIgniter.php(825): App\Controllers\UserController->showdata()
#2 C:\Users\Kanokphon\Desktop\FriendZone\system\CodeIgniter.php(412): CodeIgniter\CodeIgniter->runController(Object(App\Controllers\UserController))
#3 C:\Users\Kanokphon\Desktop\FriendZone\system\CodeIgniter.php(320): CodeIgniter\CodeIgniter->handleRequest(NULL, Object(Config\Cache), false)
#4 C:\Users\Kanokphon\Desktop\FriendZone\public\index.php(37): CodeIgniter\CodeIgniter->run()
#5 C:\Users\Kanokphon\Desktop\FriendZone\system\Commands\Server\rewrite.php(43): require_once('C:\\Users\\Kanokp...')
#6 {main}
ERROR - 2022-05-07 02:26:06 --> You have an error in your SQL syntax; check the manual that corresponds to your MariaDB server version for the right syntax to use near '.`num_people`, `post`.`expenses`, `post`.`date_start`, `post`.`date_end`, `po...' at line 1
CRITICAL - 2022-05-07 02:26:06 --> Call to a member function getResultArray() on bool
#0 C:\Users\Kanokphon\Desktop\FriendZone\app\Controllers\UserController.php(50): App\Models\ParticModel->viewPartic()
#1 C:\Users\Kanokphon\Desktop\FriendZone\system\CodeIgniter.php(825): App\Controllers\UserController->showdata()
#2 C:\Users\Kanokphon\Desktop\FriendZone\system\CodeIgniter.php(412): CodeIgniter\CodeIgniter->runController(Object(App\Controllers\UserController))
#3 C:\Users\Kanokphon\Desktop\FriendZone\system\CodeIgniter.php(320): CodeIgniter\CodeIgniter->handleRequest(NULL, Object(Config\Cache), false)
#4 C:\Users\Kanokphon\Desktop\FriendZone\public\index.php(37): CodeIgniter\CodeIgniter->run()
#5 C:\Users\Kanokphon\Desktop\FriendZone\system\Commands\Server\rewrite.php(43): require_once('C:\\Users\\Kanokp...')
#6 {main}
ERROR - 2022-05-07 02:26:06 --> You have an error in your SQL syntax; check the manual that corresponds to your MariaDB server version for the right syntax to use near '.`num_people`, `post`.`expenses`, `post`.`date_start`, `post`.`date_end`, `po...' at line 1
CRITICAL - 2022-05-07 02:26:06 --> Call to a member function getResultArray() on bool
#0 C:\Users\Kanokphon\Desktop\FriendZone\app\Controllers\UserController.php(50): App\Models\ParticModel->viewPartic()
#1 C:\Users\Kanokphon\Desktop\FriendZone\system\CodeIgniter.php(825): App\Controllers\UserController->showdata()
#2 C:\Users\Kanokphon\Desktop\FriendZone\system\CodeIgniter.php(412): CodeIgniter\CodeIgniter->runController(Object(App\Controllers\UserController))
#3 C:\Users\Kanokphon\Desktop\FriendZone\system\CodeIgniter.php(320): CodeIgniter\CodeIgniter->handleRequest(NULL, Object(Config\Cache), false)
#4 C:\Users\Kanokphon\Desktop\FriendZone\public\index.php(37): CodeIgniter\CodeIgniter->run()
#5 C:\Users\Kanokphon\Desktop\FriendZone\system\Commands\Server\rewrite.php(43): require_once('C:\\Users\\Kanokp...')
#6 {main}
ERROR - 2022-05-07 02:26:55 --> You have an error in your SQL syntax; check the manual that corresponds to your MariaDB server version for the right syntax to use near '.`num_people`, `post`.`expenses`, `post`.`date_start`, `post`.`date_end`, `po...' at line 1
CRITICAL - 2022-05-07 02:26:55 --> Call to a member function getResultArray() on bool
#0 C:\Users\Kanokphon\Desktop\FriendZone\app\Controllers\UserController.php(50): App\Models\ParticModel->viewPartic()
#1 C:\Users\Kanokphon\Desktop\FriendZone\system\CodeIgniter.php(825): App\Controllers\UserController->showdata()
#2 C:\Users\Kanokphon\Desktop\FriendZone\system\CodeIgniter.php(412): CodeIgniter\CodeIgniter->runController(Object(App\Controllers\UserController))
#3 C:\Users\Kanokphon\Desktop\FriendZone\system\CodeIgniter.php(320): CodeIgniter\CodeIgniter->handleRequest(NULL, Object(Config\Cache), false)
#4 C:\Users\Kanokphon\Desktop\FriendZone\public\index.php(37): CodeIgniter\CodeIgniter->run()
#5 C:\Users\Kanokphon\Desktop\FriendZone\system\Commands\Server\rewrite.php(43): require_once('C:\\Users\\Kanokp...')
#6 {main}
ERROR - 2022-05-07 02:26:56 --> You have an error in your SQL syntax; check the manual that corresponds to your MariaDB server version for the right syntax to use near '.`num_people`, `post`.`expenses`, `post`.`date_start`, `post`.`date_end`, `po...' at line 1
CRITICAL - 2022-05-07 02:26:56 --> Call to a member function getResultArray() on bool
#0 C:\Users\Kanokphon\Desktop\FriendZone\app\Controllers\UserController.php(50): App\Models\ParticModel->viewPartic()
#1 C:\Users\Kanokphon\Desktop\FriendZone\system\CodeIgniter.php(825): App\Controllers\UserController->showdata()
#2 C:\Users\Kanokphon\Desktop\FriendZone\system\CodeIgniter.php(412): CodeIgniter\CodeIgniter->runController(Object(App\Controllers\UserController))
#3 C:\Users\Kanokphon\Desktop\FriendZone\system\CodeIgniter.php(320): CodeIgniter\CodeIgniter->handleRequest(NULL, Object(Config\Cache), false)
#4 C:\Users\Kanokphon\Desktop\FriendZone\public\index.php(37): CodeIgniter\CodeIgniter->run()
#5 C:\Users\Kanokphon\Desktop\FriendZone\system\Commands\Server\rewrite.php(43): require_once('C:\\Users\\Kanokp...')
#6 {main}
CRITICAL - 2022-05-07 02:33:26 --> Undefined array key "userImage"
#0 C:\Users\Kanokphon\Desktop\FriendZone\app\Views\components\notification.php(61): CodeIgniter\Debug\Exceptions->errorHandler(2, 'Undefined array...', 'C:\\Users\\Kanokp...', 61)
#1 C:\Users\Kanokphon\Desktop\FriendZone\app\Views\components\navUser.php(67): require('C:\\Users\\Kanokp...')
#2 C:\Users\Kanokphon\Desktop\FriendZone\app\Views\showdata.php(40): require('C:\\Users\\Kanokp...')
#3 C:\Users\Kanokphon\Desktop\FriendZone\system\View\View.php(210): include('C:\\Users\\Kanokp...')
#4 C:\Users\Kanokphon\Desktop\FriendZone\system\View\View.php(213): CodeIgniter\View\View->CodeIgniter\View\{closure}()
#5 C:\Users\Kanokphon\Desktop\FriendZone\system\Common.php(1089): CodeIgniter\View\View->render('showdata', Array, true)
#6 C:\Users\Kanokphon\Desktop\FriendZone\app\Controllers\UserController.php(52): view('showdata', Array)
#7 C:\Users\Kanokphon\Desktop\FriendZone\system\CodeIgniter.php(825): App\Controllers\UserController->showdata()
#8 C:\Users\Kanokphon\Desktop\FriendZone\system\CodeIgniter.php(412): CodeIgniter\CodeIgniter->runController(Object(App\Controllers\UserController))
#9 C:\Users\Kanokphon\Desktop\FriendZone\system\CodeIgniter.php(320): CodeIgniter\CodeIgniter->handleRequest(NULL, Object(Config\Cache), false)
#10 C:\Users\Kanokphon\Desktop\FriendZone\public\index.php(37): CodeIgniter\CodeIgniter->run()
#11 C:\Users\Kanokphon\Desktop\FriendZone\system\Commands\Server\rewrite.php(43): require_once('C:\\Users\\Kanokp...')
#12 {main}
CRITICAL - 2022-05-07 02:34:20 --> Undefined array key "userImage"
#0 C:\Users\Kanokphon\Desktop\FriendZone\app\Views\components\notification.php(61): CodeIgniter\Debug\Exceptions->errorHandler(2, 'Undefined array...', 'C:\\Users\\Kanokp...', 61)
#1 C:\Users\Kanokphon\Desktop\FriendZone\app\Views\components\navUser.php(67): require('C:\\Users\\Kanokp...')
#2 C:\Users\Kanokphon\Desktop\FriendZone\app\Views\showdata.php(40): require('C:\\Users\\Kanokp...')
#3 C:\Users\Kanokphon\Desktop\FriendZone\system\View\View.php(210): include('C:\\Users\\Kanokp...')
#4 C:\Users\Kanokphon\Desktop\FriendZone\system\View\View.php(213): CodeIgniter\View\View->CodeIgniter\View\{closure}()
#5 C:\Users\Kanokphon\Desktop\FriendZone\system\Common.php(1089): CodeIgniter\View\View->render('showdata', Array, true)
#6 C:\Users\Kanokphon\Desktop\FriendZone\app\Controllers\UserController.php(52): view('showdata', Array)
#7 C:\Users\Kanokphon\Desktop\FriendZone\system\CodeIgniter.php(825): App\Controllers\UserController->showdata()
#8 C:\Users\Kanokphon\Desktop\FriendZone\system\CodeIgniter.php(412): CodeIgniter\CodeIgniter->runController(Object(App\Controllers\UserController))
#9 C:\Users\Kanokphon\Desktop\FriendZone\system\CodeIgniter.php(320): CodeIgniter\CodeIgniter->handleRequest(NULL, Object(Config\Cache), false)
#10 C:\Users\Kanokphon\Desktop\FriendZone\public\index.php(37): CodeIgniter\CodeIgniter->run()
#11 C:\Users\Kanokphon\Desktop\FriendZone\system\Commands\Server\rewrite.php(43): require_once('C:\\Users\\Kanokp...')
#12 {main}
CRITICAL - 2022-05-07 02:35:03 --> Undefined array key "userImage"
#0 C:\Users\Kanokphon\Desktop\FriendZone\app\Views\components\notification.php(61): CodeIgniter\Debug\Exceptions->errorHandler(2, 'Undefined array...', 'C:\\Users\\Kanokp...', 61)
#1 C:\Users\Kanokphon\Desktop\FriendZone\app\Views\components\navUser.php(67): require('C:\\Users\\Kanokp...')
#2 C:\Users\Kanokphon\Desktop\FriendZone\app\Views\showdata.php(40): require('C:\\Users\\Kanokp...')
#3 C:\Users\Kanokphon\Desktop\FriendZone\system\View\View.php(210): include('C:\\Users\\Kanokp...')
#4 C:\Users\Kanokphon\Desktop\FriendZone\system\View\View.php(213): CodeIgniter\View\View->CodeIgniter\View\{closure}()
#5 C:\Users\Kanokphon\Desktop\FriendZone\system\Common.php(1089): CodeIgniter\View\View->render('showdata', Array, true)
#6 C:\Users\Kanokphon\Desktop\FriendZone\app\Controllers\UserController.php(52): view('showdata', Array)
#7 C:\Users\Kanokphon\Desktop\FriendZone\system\CodeIgniter.php(825): App\Controllers\UserController->showdata()
#8 C:\Users\Kanokphon\Desktop\FriendZone\system\CodeIgniter.php(412): CodeIgniter\CodeIgniter->runController(Object(App\Controllers\UserController))
#9 C:\Users\Kanokphon\Desktop\FriendZone\system\CodeIgniter.php(320): CodeIgniter\CodeIgniter->handleRequest(NULL, Object(Config\Cache), false)
#10 C:\Users\Kanokphon\Desktop\FriendZone\public\index.php(37): CodeIgniter\CodeIgniter->run()
#11 C:\Users\Kanokphon\Desktop\FriendZone\system\Commands\Server\rewrite.php(43): require_once('C:\\Users\\Kanokp...')
#12 {main}
CRITICAL - 2022-05-07 03:45:49 --> Undefined array key 0
#0 C:\Users\chana\Downloads\fz\FriendZone\app\Views\components\cardProfile.php(38): CodeIgniter\Debug\Exceptions->errorHandler(2, 'Undefined array...', 'C:\\Users\\chana\\...', 38)
#1 C:\Users\chana\Downloads\fz\FriendZone\app\Views\viewProfile.php(43): require('C:\\Users\\chana\\...')
#2 C:\Users\chana\Downloads\fz\FriendZone\system\View\View.php(210): include('C:\\Users\\chana\\...')
#3 C:\Users\chana\Downloads\fz\FriendZone\system\View\View.php(213): CodeIgniter\View\View->CodeIgniter\View\{closure}()
#4 C:\Users\chana\Downloads\fz\FriendZone\system\Common.php(1089): CodeIgniter\View\View->render('viewProfile', Array, true)
#5 C:\Users\chana\Downloads\fz\FriendZone\app\Controllers\UserController.php(72): view('viewProfile', Array)
#6 C:\Users\chana\Downloads\fz\FriendZone\system\CodeIgniter.php(825): App\Controllers\UserController->viewProfile()
#7 C:\Users\chana\Downloads\fz\FriendZone\system\CodeIgniter.php(412): CodeIgniter\CodeIgniter->runController(Object(App\Controllers\UserController))
#8 C:\Users\chana\Downloads\fz\FriendZone\system\CodeIgniter.php(320): CodeIgniter\CodeIgniter->handleRequest(NULL, Object(Config\Cache), false)
#9 C:\Users\chana\Downloads\fz\FriendZone\public\index.php(37): CodeIgniter\CodeIgniter->run()
#10 C:\Users\chana\Downloads\fz\FriendZone\system\Commands\Server\rewrite.php(43): require_once('C:\\Users\\chana\\...')
#11 {main}
CRITICAL - 2022-05-07 03:45:57 --> Undefined array key 0
#0 C:\Users\chana\Downloads\fz\FriendZone\app\Views\components\cardProfile.php(38): CodeIgniter\Debug\Exceptions->errorHandler(2, 'Undefined array...', 'C:\\Users\\chana\\...', 38)
#1 C:\Users\chana\Downloads\fz\FriendZone\app\Views\viewProfile.php(43): require('C:\\Users\\chana\\...')
#2 C:\Users\chana\Downloads\fz\FriendZone\system\View\View.php(210): include('C:\\Users\\chana\\...')
#3 C:\Users\chana\Downloads\fz\FriendZone\system\View\View.php(213): CodeIgniter\View\View->CodeIgniter\View\{closure}()
#4 C:\Users\chana\Downloads\fz\FriendZone\system\Common.php(1089): CodeIgniter\View\View->render('viewProfile', Array, true)
#5 C:\Users\chana\Downloads\fz\FriendZone\app\Controllers\UserController.php(72): view('viewProfile', Array)
#6 C:\Users\chana\Downloads\fz\FriendZone\system\CodeIgniter.php(825): App\Controllers\UserController->viewProfile()
#7 C:\Users\chana\Downloads\fz\FriendZone\system\CodeIgniter.php(412): CodeIgniter\CodeIgniter->runController(Object(App\Controllers\UserController))
#8 C:\Users\chana\Downloads\fz\FriendZone\system\CodeIgniter.php(320): CodeIgniter\CodeIgniter->handleRequest(NULL, Object(Config\Cache), false)
#9 C:\Users\chana\Downloads\fz\FriendZone\public\index.php(37): CodeIgniter\CodeIgniter->run()
#10 C:\Users\chana\Downloads\fz\FriendZone\system\Commands\Server\rewrite.php(43): require_once('C:\\Users\\chana\\...')
#11 {main}
CRITICAL - 2022-05-07 03:45:57 --> Undefined array key 0
#0 C:\Users\chana\Downloads\fz\FriendZone\app\Views\components\cardProfile.php(38): CodeIgniter\Debug\Exceptions->errorHandler(2, 'Undefined array...', 'C:\\Users\\chana\\...', 38)
#1 C:\Users\chana\Downloads\fz\FriendZone\app\Views\viewProfile.php(43): require('C:\\Users\\chana\\...')
#2 C:\Users\chana\Downloads\fz\FriendZone\system\View\View.php(210): include('C:\\Users\\chana\\...')
#3 C:\Users\chana\Downloads\fz\FriendZone\system\View\View.php(213): CodeIgniter\View\View->CodeIgniter\View\{closure}()
#4 C:\Users\chana\Downloads\fz\FriendZone\system\Common.php(1089): CodeIgniter\View\View->render('viewProfile', Array, true)
#5 C:\Users\chana\Downloads\fz\FriendZone\app\Controllers\UserController.php(72): view('viewProfile', Array)
#6 C:\Users\chana\Downloads\fz\FriendZone\system\CodeIgniter.php(825): App\Controllers\UserController->viewProfile()
#7 C:\Users\chana\Downloads\fz\FriendZone\system\CodeIgniter.php(412): CodeIgniter\CodeIgniter->runController(Object(App\Controllers\UserController))
#8 C:\Users\chana\Downloads\fz\FriendZone\system\CodeIgniter.php(320): CodeIgniter\CodeIgniter->handleRequest(NULL, Object(Config\Cache), false)
#9 C:\Users\chana\Downloads\fz\FriendZone\public\index.php(37): CodeIgniter\CodeIgniter->run()
#10 C:\Users\chana\Downloads\fz\FriendZone\system\Commands\Server\rewrite.php(43): require_once('C:\\Users\\chana\\...')
#11 {main}
CRITICAL - 2022-05-07 03:45:58 --> Undefined array key 0
#0 C:\Users\chana\Downloads\fz\FriendZone\app\Views\components\cardProfile.php(38): CodeIgniter\Debug\Exceptions->errorHandler(2, 'Undefined array...', 'C:\\Users\\chana\\...', 38)
#1 C:\Users\chana\Downloads\fz\FriendZone\app\Views\showdata.php(46): require('C:\\Users\\chana\\...')
#2 C:\Users\chana\Downloads\fz\FriendZone\system\View\View.php(210): include('C:\\Users\\chana\\...')
#3 C:\Users\chana\Downloads\fz\FriendZone\system\View\View.php(213): CodeIgniter\View\View->CodeIgniter\View\{closure}()
#4 C:\Users\chana\Downloads\fz\FriendZone\system\Common.php(1089): CodeIgniter\View\View->render('showdata', Array, true)
#5 C:\Users\chana\Downloads\fz\FriendZone\app\Controllers\UserController.php(52): view('showdata', Array)
#6 C:\Users\chana\Downloads\fz\FriendZone\system\CodeIgniter.php(825): App\Controllers\UserController->showdata()
#7 C:\Users\chana\Downloads\fz\FriendZone\system\CodeIgniter.php(412): CodeIgniter\CodeIgniter->runController(Object(App\Controllers\UserController))
#8 C:\Users\chana\Downloads\fz\FriendZone\system\CodeIgniter.php(320): CodeIgniter\CodeIgniter->handleRequest(NULL, Object(Config\Cache), false)
#9 C:\Users\chana\Downloads\fz\FriendZone\public\index.php(37): CodeIgniter\CodeIgniter->run()
#10 C:\Users\chana\Downloads\fz\FriendZone\system\Commands\Server\rewrite.php(43): require_once('C:\\Users\\chana\\...')
#11 {main}
CRITICAL - 2022-05-07 10:00:05 --> Undefined array key 0
#0 C:\Users\chana\Downloads\fz\FriendZone\app\Views\components\cardProfile.php(38): CodeIgniter\Debug\Exceptions->errorHandler(2, 'Undefined array...', 'C:\\Users\\chana\\...', 38)
#1 C:\Users\chana\Downloads\fz\FriendZone\app\Views\showdata.php(46): require('C:\\Users\\chana\\...')
#2 C:\Users\chana\Downloads\fz\FriendZone\system\View\View.php(210): include('C:\\Users\\chana\\...')
#3 C:\Users\chana\Downloads\fz\FriendZone\system\View\View.php(213): CodeIgniter\View\View->CodeIgniter\View\{closure}()
#4 C:\Users\chana\Downloads\fz\FriendZone\system\Common.php(1089): CodeIgniter\View\View->render('showdata', Array, true)
#5 C:\Users\chana\Downloads\fz\FriendZone\app\Controllers\UserController.php(52): view('showdata', Array)
#6 C:\Users\chana\Downloads\fz\FriendZone\system\CodeIgniter.php(825): App\Controllers\UserController->showdata()
#7 C:\Users\chana\Downloads\fz\FriendZone\system\CodeIgniter.php(412): CodeIgniter\CodeIgniter->runController(Object(App\Controllers\UserController))
#8 C:\Users\chana\Downloads\fz\FriendZone\system\CodeIgniter.php(320): CodeIgniter\CodeIgniter->handleRequest(NULL, Object(Config\Cache), false)
#9 C:\Users\chana\Downloads\fz\FriendZone\public\index.php(37): CodeIgniter\CodeIgniter->run()
#10 C:\Users\chana\Downloads\fz\FriendZone\system\Commands\Server\rewrite.php(43): require_once('C:\\Users\\chana\\...')
#11 {main}
CRITICAL - 2022-05-07 10:00:07 --> Undefined array key 0
#0 C:\Users\chana\Downloads\fz\FriendZone\app\Views\components\cardProfile.php(38): CodeIgniter\Debug\Exceptions->errorHandler(2, 'Undefined array...', 'C:\\Users\\chana\\...', 38)
#1 C:\Users\chana\Downloads\fz\FriendZone\app\Views\showdata.php(46): require('C:\\Users\\chana\\...')
#2 C:\Users\chana\Downloads\fz\FriendZone\system\View\View.php(210): include('C:\\Users\\chana\\...')
#3 C:\Users\chana\Downloads\fz\FriendZone\system\View\View.php(213): CodeIgniter\View\View->CodeIgniter\View\{closure}()
#4 C:\Users\chana\Downloads\fz\FriendZone\system\Common.php(1089): CodeIgniter\View\View->render('showdata', Array, true)
#5 C:\Users\chana\Downloads\fz\FriendZone\app\Controllers\UserController.php(52): view('showdata', Array)
#6 C:\Users\chana\Downloads\fz\FriendZone\system\CodeIgniter.php(825): App\Controllers\UserController->showdata()
#7 C:\Users\chana\Downloads\fz\FriendZone\system\CodeIgniter.php(412): CodeIgniter\CodeIgniter->runController(Object(App\Controllers\UserController))
#8 C:\Users\chana\Downloads\fz\FriendZone\system\CodeIgniter.php(320): CodeIgniter\CodeIgniter->handleRequest(NULL, Object(Config\Cache), false)
#9 C:\Users\chana\Downloads\fz\FriendZone\public\index.php(37): CodeIgniter\CodeIgniter->run()
#10 C:\Users\chana\Downloads\fz\FriendZone\system\Commands\Server\rewrite.php(43): require_once('C:\\Users\\chana\\...')
#11 {main}
CRITICAL - 2022-05-07 10:00:08 --> Undefined array key 0
#0 C:\Users\chana\Downloads\fz\FriendZone\app\Views\components\cardProfile.php(38): CodeIgniter\Debug\Exceptions->errorHandler(2, 'Undefined array...', 'C:\\Users\\chana\\...', 38)
#1 C:\Users\chana\Downloads\fz\FriendZone\app\Views\showdata.php(46): require('C:\\Users\\chana\\...')
#2 C:\Users\chana\Downloads\fz\FriendZone\system\View\View.php(210): include('C:\\Users\\chana\\...')
#3 C:\Users\chana\Downloads\fz\FriendZone\system\View\View.php(213): CodeIgniter\View\View->CodeIgniter\View\{closure}()
#4 C:\Users\chana\Downloads\fz\FriendZone\system\Common.php(1089): CodeIgniter\View\View->render('showdata', Array, true)
#5 C:\Users\chana\Downloads\fz\FriendZone\app\Controllers\UserController.php(52): view('showdata', Array)
#6 C:\Users\chana\Downloads\fz\FriendZone\system\CodeIgniter.php(825): App\Controllers\UserController->showdata()
#7 C:\Users\chana\Downloads\fz\FriendZone\system\CodeIgniter.php(412): CodeIgniter\CodeIgniter->runController(Object(App\Controllers\UserController))
#8 C:\Users\chana\Downloads\fz\FriendZone\system\CodeIgniter.php(320): CodeIgniter\CodeIgniter->handleRequest(NULL, Object(Config\Cache), false)
#9 C:\Users\chana\Downloads\fz\FriendZone\public\index.php(37): CodeIgniter\CodeIgniter->run()
#10 C:\Users\chana\Downloads\fz\FriendZone\system\Commands\Server\rewrite.php(43): require_once('C:\\Users\\chana\\...')
#11 {main}
CRITICAL - 2022-05-07 10:00:19 --> Undefined array key 0
#0 C:\Users\chana\Downloads\fz\FriendZone\app\Views\components\cardProfile.php(38): CodeIgniter\Debug\Exceptions->errorHandler(2, 'Undefined array...', 'C:\\Users\\chana\\...', 38)
#1 C:\Users\chana\Downloads\fz\FriendZone\app\Views\showdata.php(46): require('C:\\Users\\chana\\...')
#2 C:\Users\chana\Downloads\fz\FriendZone\system\View\View.php(210): include('C:\\Users\\chana\\...')
#3 C:\Users\chana\Downloads\fz\FriendZone\system\View\View.php(213): CodeIgniter\View\View->CodeIgniter\View\{closure}()
#4 C:\Users\chana\Downloads\fz\FriendZone\system\Common.php(1089): CodeIgniter\View\View->render('showdata', Array, true)
#5 C:\Users\chana\Downloads\fz\FriendZone\app\Controllers\UserController.php(52): view('showdata', Array)
#6 C:\Users\chana\Downloads\fz\FriendZone\system\CodeIgniter.php(825): App\Controllers\UserController->showdata()
#7 C:\Users\chana\Downloads\fz\FriendZone\system\CodeIgniter.php(412): CodeIgniter\CodeIgniter->runController(Object(App\Controllers\UserController))
#8 C:\Users\chana\Downloads\fz\FriendZone\system\CodeIgniter.php(320): CodeIgniter\CodeIgniter->handleRequest(NULL, Object(Config\Cache), false)
#9 C:\Users\chana\Downloads\fz\FriendZone\public\index.php(37): CodeIgniter\CodeIgniter->run()
#10 C:\Users\chana\Downloads\fz\FriendZone\system\Commands\Server\rewrite.php(43): require_once('C:\\Users\\chana\\...')
#11 {main}
CRITICAL - 2022-05-07 10:00:29 --> Undefined variable $posts
#0 C:\Users\chana\Downloads\fz\FriendZone\app\Views\components\post.php(3): CodeIgniter\Debug\Exceptions->errorHandler(2, 'Undefined varia...', 'C:\\Users\\chana\\...', 3)
#1 C:\Users\chana\Downloads\fz\FriendZone\app\Views\home.php(27): require('C:\\Users\\chana\\...')
#2 C:\Users\chana\Downloads\fz\FriendZone\system\View\View.php(210): include('C:\\Users\\chana\\...')
#3 C:\Users\chana\Downloads\fz\FriendZone\system\View\View.php(213): CodeIgniter\View\View->CodeIgniter\View\{closure}()
#4 C:\Users\chana\Downloads\fz\FriendZone\system\Common.php(1089): CodeIgniter\View\View->render('home', Array, true)
#5 C:\Users\chana\Downloads\fz\FriendZone\app\Controllers\Home.php(9): view('home')
#6 C:\Users\chana\Downloads\fz\FriendZone\system\CodeIgniter.php(825): App\Controllers\Home->index()
#7 C:\Users\chana\Downloads\fz\FriendZone\system\CodeIgniter.php(412): CodeIgniter\CodeIgniter->runController(Object(App\Controllers\Home))
#8 C:\Users\chana\Downloads\fz\FriendZone\system\CodeIgniter.php(320): CodeIgniter\CodeIgniter->handleRequest(NULL, Object(Config\Cache), false)
#9 C:\Users\chana\Downloads\fz\FriendZone\public\index.php(37): CodeIgniter\CodeIgniter->run()
#10 C:\Users\chana\Downloads\fz\FriendZone\system\Commands\Server\rewrite.php(43): require_once('C:\\Users\\chana\\...')
#11 {main}
ERROR - 2022-05-07 19:55:43 --> Error connecting to the database: No connection could be made because the target machine actively refused it
CRITICAL - 2022-05-07 19:55:43 --> Unable to connect to the database.
Main connection [MySQLi]: No connection could be made because the target machine actively refused it
#0 C:\Users\chana\Downloads\fz\FriendZone\system\Database\BaseConnection.php(577): CodeIgniter\Database\BaseConnection->initialize()
#1 C:\Users\chana\Downloads\fz\FriendZone\system\Database\BaseBuilder.php(1455): CodeIgniter\Database\BaseConnection->query('SELECT *\nFROM `...', Array, false)
#2 C:\Users\chana\Downloads\fz\FriendZone\app\Models\PostModel.php(17): CodeIgniter\Database\BaseBuilder->get()
#3 C:\Users\chana\Downloads\fz\FriendZone\app\Controllers\PostController.php(27): App\Models\PostModel->viewPost()
#4 C:\Users\chana\Downloads\fz\FriendZone\system\CodeIgniter.php(825): App\Controllers\PostController->viewPost()
#5 C:\Users\chana\Downloads\fz\FriendZone\system\CodeIgniter.php(412): CodeIgniter\CodeIgniter->runController(Object(App\Controllers\PostController))
#6 C:\Users\chana\Downloads\fz\FriendZone\system\CodeIgniter.php(320): CodeIgniter\CodeIgniter->handleRequest(NULL, Object(Config\Cache), false)
#7 C:\Users\chana\Downloads\fz\FriendZone\public\index.php(37): CodeIgniter\CodeIgniter->run()
#8 C:\Users\chana\Downloads\fz\FriendZone\system\Commands\Server\rewrite.php(43): require_once('C:\\Users\\chana\\...')
#9 {main}
